#
# There is insufficient memory for the Java Runtime Environment to continue.
# Native memory allocation (malloc) failed to allocate 1048576 bytes. Error detail: AllocateHeap
# Possible reasons:
#   The system is out of physical RAM or swap space
#   This process is running with CompressedOops enabled, and the Java Heap may be blocking the growth of the native heap
# Possible solutions:
#   Reduce memory load on the system
#   Increase physical memory or swap space
#   Check if swap backing store is full
#   Decrease Java heap size (-Xmx/-Xms)
#   Decrease number of Java threads
#   Decrease Java thread stack sizes (-Xss)
#   Set larger code cache with -XX:ReservedCodeCacheSize=
#   JVM is running with Unscaled Compressed Oops mode in which the Java heap is
#     placed in the first 4GB address space. The Java Heap base address is the
#     maximum limit for the native heap growth. Please use -XX:HeapBaseMinAddress
#     to set the Java Heap base and to place the Java Heap above 4GB virtual address.
# This output file may be truncated or incomplete.
#
#  Out of Memory Error (allocation.cpp:44), pid=25476, tid=12836
#
# JRE version: OpenJDK Runtime Environment Temurin-21.0.10+7 (21.0.10+7) (build 21.0.10+7-LTS)
# Java VM: OpenJDK 64-Bit Server VM Temurin-21.0.10+7 (21.0.10+7-LTS, mixed mode, sharing, tiered, compressed oops, compressed class ptrs, parallel gc, windows-amd64)
# No core dump will be written. Minidumps are not enabled by default on client versions of Windows
#

---------------  S U M M A R Y ------------

Command Line: --add-modules=ALL-SYSTEM --add-opens=java.base/java.util=ALL-UNNAMED --add-opens=java.base/java.lang=ALL-UNNAMED --add-opens=java.base/sun.nio.fs=ALL-UNNAMED -Declipse.application=org.eclipse.jdt.ls.core.id1 -Dosgi.bundles.defaultStartLevel=4 -Declipse.product=org.eclipse.jdt.ls.core.product -Djava.import.generatesMetadataFilesAtProjectRoot=false -DDetectVMInstallationsJob.disabled=true -Dfile.encoding=utf8 -XX:+UseParallelGC -XX:GCTimeRatio=4 -XX:AdaptiveSizePolicyWeight=90 -Dsun.zip.disableMemoryMapping=true -Xmx2G -Xms100m -Xlog:disable -javaagent:c:\Users\tomas\.vscode\extensions\redhat.java-1.54.0-win32-x64\lombok\lombok-1.18.39-4050.jar -XX:+HeapDumpOnOutOfMemoryError -XX:HeapDumpPath=c:\Users\tomas\AppData\Roaming\Code\User\workspaceStorage\6dca084a7baa9a2231522e8618e1a97d\redhat.java -Daether.dependencyCollector.impl=bf c:\Users\tomas\.vscode\extensions\redhat.java-1.54.0-win32-x64\server\plugins\org.eclipse.equinox.launcher_1.7.100.v20251111-0406.jar -configuration c:\Users\tomas\AppData\Roaming\Code\User\globalStorage\redhat.java\1.54.0\config_win -data c:\Users\tomas\AppData\Roaming\Code\User\workspaceStorage\6dca084a7baa9a2231522e8618e1a97d\redhat.java\jdt_ws --pipe=\\.\pipe\lsp-d28a387bb7a9d38634299567cc875a57-sock

Host: AMD Ryzen 7 5800H with Radeon Graphics         , 16 cores, 7G,  Windows 10 , 64 bit Build 19041 (10.0.19041.5915)
Time: Tue May 19 03:20:28 2026 Hora est. Sudamérica Pacífico elapsed time: 66.803194 seconds (0d 0h 1m 6s)

---------------  T H R E A D  ---------------

Current thread (0x0000013397b470f0):  JavaThread "Attach Listener" daemon [_thread_in_vm, id=12836, stack(0x0000002254200000,0x0000002254300000) (1024K)]

Stack: [0x0000002254200000,0x0000002254300000]
Native frames: (J=compiled Java code, j=interpreted, Vv=VM code, C=native code)
V  [jvm.dll+0x6d7a39]
V  [jvm.dll+0x8b4b26]
V  [jvm.dll+0x8b70de]
V  [jvm.dll+0x8b77c3]
V  [jvm.dll+0x284346]
V  [jvm.dll+0xc1277]
V  [jvm.dll+0x6d82e9]
V  [jvm.dll+0x1334a6]
V  [jvm.dll+0x3f857e]
V  [jvm.dll+0x85f59d]
V  [jvm.dll+0x6d626d]
C  [ucrtbase.dll+0x21bb2]
C  [KERNEL32.DLL+0x17374]
C  [ntdll.dll+0x4cc91]


---------------  P R O C E S S  ---------------

Threads class SMR info:
_java_thread_list=0x00000133e44eaab0, length=67, elements={
0x00000133ffb314c0, 0x0000013397b41030, 0x0000013397b41ee0, 0x0000013397b46490,
0x0000013397b470f0, 0x0000013397b482a0, 0x0000013397b4e2b0, 0x00000133da2842d0,
0x00000133da288d80, 0x00000133da49a110, 0x00000133da612a20, 0x00000133e084f150,
0x00000133e0cf3670, 0x00000133e0abd030, 0x00000133e0848830, 0x00000133e0e7df20,
0x00000133e1386e40, 0x00000133e12da340, 0x00000133e0cad170, 0x00000133e0cac450,
0x00000133e0cade90, 0x00000133e0cacae0, 0x00000133e0cad800, 0x00000133e0cabdc0,
0x00000133e0cae520, 0x00000133e0caebb0, 0x00000133e0caf240, 0x00000133e1134b90,
0x00000133e1138010, 0x00000133e1132430, 0x00000133e1135220, 0x00000133e11386a0,
0x00000133e11372f0, 0x00000133e11358b0, 0x00000133e1134500, 0x00000133e1132ac0,
0x00000133e1137980, 0x00000133e1135f40, 0x00000133e1131710, 0x00000133e1133150,
0x00000133e1133e70, 0x00000133e1138d30, 0x00000133e11365d0, 0x00000133e1136c60,
0x00000133e1131da0, 0x00000133e4252a00, 0x00000133e4251650, 0x00000133e4257230,
0x00000133e42557f0, 0x00000133e42502a0, 0x00000133e4255160, 0x00000133e11337e0,
0x00000133e07b4a30, 0x00000133e07b5de0, 0x00000133e07b7190, 0x00000133e07b43a0,
0x00000133e07b50c0, 0x00000133e07b5750, 0x00000133e07b6470, 0x00000133e07b3d10,
0x00000133e07b6b00, 0x00000133e2eb3d50, 0x00000133e2eb29a0, 0x00000133e2eaee90,
0x00000133e2eaf520, 0x00000133e2eacdc0, 0x00000133e2eb43e0
}

Java Threads: ( => current thread )
  0x00000133ffb314c0 JavaThread "main"                              [_thread_blocked, id=5624, stack(0x0000002253b00000,0x0000002253c00000) (1024K)]
  0x0000013397b41030 JavaThread "Reference Handler"          daemon [_thread_blocked, id=19044, stack(0x0000002253f00000,0x0000002254000000) (1024K)]
  0x0000013397b41ee0 JavaThread "Finalizer"                  daemon [_thread_blocked, id=5708, stack(0x0000002254000000,0x0000002254100000) (1024K)]
  0x0000013397b46490 JavaThread "Signal Dispatcher"          daemon [_thread_blocked, id=25784, stack(0x0000002254100000,0x0000002254200000) (1024K)]
=>0x0000013397b470f0 JavaThread "Attach Listener"            daemon [_thread_in_vm, id=12836, stack(0x0000002254200000,0x0000002254300000) (1024K)]
  0x0000013397b482a0 JavaThread "Service Thread"             daemon [_thread_blocked, id=27016, stack(0x0000002254300000,0x0000002254400000) (1024K)]
  0x0000013397b4e2b0 JavaThread "Monitor Deflation Thread"   daemon [_thread_blocked, id=25464, stack(0x0000002254400000,0x0000002254500000) (1024K)]
  0x00000133da2842d0 JavaThread "C2 CompilerThread0"         daemon [_thread_blocked, id=25724, stack(0x0000002254500000,0x0000002254600000) (1024K)]
  0x00000133da288d80 JavaThread "C1 CompilerThread0"         daemon [_thread_blocked, id=25708, stack(0x0000002254600000,0x0000002254700000) (1024K)]
  0x00000133da49a110 JavaThread "Common-Cleaner"             daemon [_thread_blocked, id=25840, stack(0x0000002254a00000,0x0000002254b00000) (1024K)]
  0x00000133da612a20 JavaThread "Notification Thread"        daemon [_thread_blocked, id=25436, stack(0x0000002254c00000,0x0000002254d00000) (1024K)]
  0x00000133e084f150 JavaThread "Active Thread: Equinox Container: 540f34f7-431e-4179-992e-eb18adfa3d8a"        [_thread_blocked, id=12776, stack(0x0000002255300000,0x0000002255400000) (1024K)]
  0x00000133e0cf3670 JavaThread "Refresh Thread: Equinox Container: 540f34f7-431e-4179-992e-eb18adfa3d8a" daemon [_thread_blocked, id=27692, stack(0x0000002255500000,0x0000002255600000) (1024K)]
  0x00000133e0abd030 JavaThread "Framework Event Dispatcher: Equinox Container: 540f34f7-431e-4179-992e-eb18adfa3d8a" daemon [_thread_blocked, id=27980, stack(0x0000002255600000,0x0000002255700000) (1024K)]
  0x00000133e0848830 JavaThread "Start Level: Equinox Container: 540f34f7-431e-4179-992e-eb18adfa3d8a" daemon [_thread_blocked, id=22600, stack(0x0000002255700000,0x0000002255800000) (1024K)]
  0x00000133e0e7df20 JavaThread "Bundle File Closer"         daemon [_thread_blocked, id=1656, stack(0x0000002255b00000,0x0000002255c00000) (1024K)]
  0x00000133e1386e40 JavaThread "SCR Component Actor"        daemon [_thread_blocked, id=21636, stack(0x0000002254900000,0x0000002254a00000) (1024K)]
  0x00000133e12da340 JavaThread "Worker-JM"                         [_thread_blocked, id=6988, stack(0x0000002255d00000,0x0000002255e00000) (1024K)]
  0x00000133e0cad170 JavaThread "Worker-0"                          [_thread_blocked, id=7308, stack(0x0000002256000000,0x0000002256100000) (1024K)]
  0x00000133e0cac450 JavaThread "Worker-1"                          [_thread_blocked, id=23716, stack(0x0000002256100000,0x0000002256200000) (1024K)]
  0x00000133e0cade90 JavaThread "Java indexing"              daemon [_thread_blocked, id=24048, stack(0x0000002256300000,0x0000002256400000) (1024K)]
  0x00000133e0cacae0 JavaThread "JNA Cleaner"                daemon [_thread_blocked, id=25948, stack(0x0000002256400000,0x0000002256500000) (1024K)]
  0x00000133e0cad800 JavaThread "Worker-2"                          [_thread_blocked, id=24336, stack(0x0000002256500000,0x0000002256600000) (1024K)]
  0x00000133e0cabdc0 JavaThread "Worker-3"                          [_thread_blocked, id=17444, stack(0x0000002256600000,0x0000002256700000) (1024K)]
  0x00000133e0cae520 JavaThread "Thread-1"                   daemon [_thread_in_native, id=26588, stack(0x0000002256700000,0x0000002256800000) (1024K)]
  0x00000133e0caebb0 JavaThread "Thread-2"                   daemon [_thread_in_native, id=25820, stack(0x0000002256800000,0x0000002256900000) (1024K)]
  0x00000133e0caf240 JavaThread "Thread-3"                   daemon [_thread_in_native, id=26968, stack(0x0000002256900000,0x0000002256a00000) (1024K)]
  0x00000133e1134b90 JavaThread "Thread-4"                   daemon [_thread_in_native, id=17672, stack(0x0000002256a00000,0x0000002256b00000) (1024K)]
  0x00000133e1138010 JavaThread "Thread-5"                   daemon [_thread_in_native, id=28440, stack(0x0000002256b00000,0x0000002256c00000) (1024K)]
  0x00000133e1132430 JavaThread "Thread-6"                   daemon [_thread_in_native, id=24816, stack(0x0000002256c00000,0x0000002256d00000) (1024K)]
  0x00000133e1135220 JavaThread "Thread-7"                   daemon [_thread_in_native, id=3012, stack(0x0000002256d00000,0x0000002256e00000) (1024K)]
  0x00000133e11386a0 JavaThread "Thread-8"                   daemon [_thread_in_native, id=28248, stack(0x0000002256e00000,0x0000002256f00000) (1024K)]
  0x00000133e11372f0 JavaThread "Thread-9"                   daemon [_thread_in_native, id=27368, stack(0x0000002256f00000,0x0000002257000000) (1024K)]
  0x00000133e11358b0 JavaThread "Thread-10"                  daemon [_thread_in_native, id=24060, stack(0x0000002257000000,0x0000002257100000) (1024K)]
  0x00000133e1134500 JavaThread "Thread-11"                  daemon [_thread_in_native, id=27532, stack(0x0000002257100000,0x0000002257200000) (1024K)]
  0x00000133e1132ac0 JavaThread "Thread-12"                  daemon [_thread_in_native, id=13512, stack(0x0000002257200000,0x0000002257300000) (1024K)]
  0x00000133e1137980 JavaThread "Thread-13"                  daemon [_thread_in_native, id=27568, stack(0x0000002257300000,0x0000002257400000) (1024K)]
  0x00000133e1135f40 JavaThread "Thread-14"                  daemon [_thread_in_native, id=15660, stack(0x0000002257400000,0x0000002257500000) (1024K)]
  0x00000133e1131710 JavaThread "Thread-15"                  daemon [_thread_in_native, id=18580, stack(0x0000002257500000,0x0000002257600000) (1024K)]
  0x00000133e1133150 JavaThread "Thread-16"                  daemon [_thread_in_native, id=22468, stack(0x0000002257600000,0x0000002257700000) (1024K)]
  0x00000133e1133e70 JavaThread "Thread-17"                  daemon [_thread_in_native, id=22544, stack(0x0000002257700000,0x0000002257800000) (1024K)]
  0x00000133e1138d30 JavaThread "pool-2-thread-1"                   [_thread_blocked, id=2824, stack(0x0000002257800000,0x0000002257900000) (1024K)]
  0x00000133e11365d0 JavaThread "WorkspaceEventsHandler"            [_thread_blocked, id=10420, stack(0x0000002257a00000,0x0000002257b00000) (1024K)]
  0x00000133e1136c60 JavaThread "pool-1-thread-1"                   [_thread_blocked, id=12580, stack(0x0000002257b00000,0x0000002257c00000) (1024K)]
  0x00000133e1131da0 JavaThread "Worker-4"                          [_thread_blocked, id=25364, stack(0x0000002257d00000,0x0000002257e00000) (1024K)]
  0x00000133e4252a00 JavaThread "ForkJoinPool.commonPool-worker-1" daemon [_thread_blocked, id=25180, stack(0x0000002255c00000,0x0000002255d00000) (1024K)]
  0x00000133e4251650 JavaThread "ForkJoinPool.commonPool-worker-2" daemon [_thread_blocked, id=13908, stack(0x0000002257e00000,0x0000002257f00000) (1024K)]
  0x00000133e4257230 JavaThread "ForkJoinPool.commonPool-worker-3" daemon [_thread_blocked, id=28668, stack(0x0000002257f00000,0x0000002258000000) (1024K)]
  0x00000133e42557f0 JavaThread "ForkJoinPool.commonPool-worker-4" daemon [_thread_blocked, id=26956, stack(0x0000002258000000,0x0000002258100000) (1024K)]
  0x00000133e42502a0 JavaThread "ForkJoinPool.commonPool-worker-5" daemon [_thread_blocked, id=18100, stack(0x0000002258100000,0x0000002258200000) (1024K)]
  0x00000133e4255160 JavaThread "Worker-5"                          [_thread_blocked, id=7192, stack(0x0000002258200000,0x0000002258300000) (1024K)]
  0x00000133e11337e0 JavaThread "ForkJoinPool.commonPool-worker-6" daemon [_thread_blocked, id=20752, stack(0x0000002254700000,0x0000002254800000) (1024K)]
  0x00000133e07b4a30 JavaThread "ForkJoinPool.commonPool-worker-7" daemon [_thread_blocked, id=13008, stack(0x0000002254800000,0x0000002254900000) (1024K)]
  0x00000133e07b5de0 JavaThread "ForkJoinPool.commonPool-worker-8" daemon [_thread_blocked, id=21764, stack(0x0000002254b00000,0x0000002254c00000) (1024K)]
  0x00000133e07b7190 JavaThread "ForkJoinPool.commonPool-worker-9" daemon [_thread_blocked, id=27448, stack(0x0000002256200000,0x0000002256300000) (1024K)]
  0x00000133e07b43a0 JavaThread "ForkJoinPool.commonPool-worker-10" daemon [_thread_blocked, id=28280, stack(0x0000002257c00000,0x0000002257d00000) (1024K)]
  0x00000133e07b50c0 JavaThread "ForkJoinPool.commonPool-worker-11" daemon [_thread_blocked, id=26808, stack(0x0000002258300000,0x0000002258400000) (1024K)]
  0x00000133e07b5750 JavaThread "ForkJoinPool.commonPool-worker-12" daemon [_thread_blocked, id=23500, stack(0x0000002258400000,0x0000002258500000) (1024K)]
  0x00000133e07b6470 JavaThread "ForkJoinPool.commonPool-worker-13" daemon [_thread_blocked, id=26984, stack(0x0000002258500000,0x0000002258600000) (1024K)]
  0x00000133e07b3d10 JavaThread "ForkJoinPool.commonPool-worker-14" daemon [_thread_blocked, id=22840, stack(0x0000002258600000,0x0000002258700000) (1024K)]
  0x00000133e07b6b00 JavaThread "ForkJoinPool.commonPool-worker-15" daemon [_thread_blocked, id=5740, stack(0x0000002258700000,0x0000002258800000) (1024K)]
  0x00000133e2eb3d50 JavaThread "Cleaner-0"                  daemon [_thread_blocked, id=27992, stack(0x0000002258900000,0x0000002258a00000) (1024K)]
  0x00000133e2eb29a0 JavaThread "Worker-6"                          [_thread_blocked, id=4324, stack(0x0000002258800000,0x0000002258900000) (1024K)]
  0x00000133e2eaee90 JavaThread "Worker-7"                          [_thread_blocked, id=23620, stack(0x0000002258c00000,0x0000002258d00000) (1024K)]
  0x00000133e2eaf520 JavaThread "Worker-8"                          [_thread_blocked, id=28616, stack(0x0000002258d00000,0x0000002258e00000) (1024K)]
  0x00000133e2eacdc0 JavaThread "Worker-9"                          [_thread_blocked, id=16396, stack(0x0000002258e00000,0x0000002258f00000) (1024K)]
  0x00000133e2eb43e0 JavaThread "Worker-10"                         [_thread_blocked, id=384, stack(0x0000002258f00000,0x0000002259000000) (1024K)]
Total: 67

Other Threads:
  0x0000013397b34900 VMThread "VM Thread"                           [id=21716, stack(0x0000002253e00000,0x0000002253f00000) (1024K)]
  0x00000133ffb9b960 WatcherThread "VM Periodic Task Thread"        [id=23444, stack(0x0000002253d00000,0x0000002253e00000) (1024K)]
  0x00000133ffb4e080 WorkerThread "GC Thread#0"                     [id=28172, stack(0x0000002253c00000,0x0000002253d00000) (1024K)]
  0x00000133e031c4a0 WorkerThread "GC Thread#1"                     [id=22192, stack(0x0000002254d00000,0x0000002254e00000) (1024K)]
  0x00000133e031c850 WorkerThread "GC Thread#2"                     [id=11872, stack(0x0000002254e00000,0x0000002254f00000) (1024K)]
  0x00000133e031ae80 WorkerThread "GC Thread#3"                     [id=4128, stack(0x0000002254f00000,0x0000002255000000) (1024K)]
  0x00000133e031b230 WorkerThread "GC Thread#4"                     [id=11792, stack(0x0000002255000000,0x0000002255100000) (1024K)]
  0x00000133e031bd40 WorkerThread "GC Thread#5"                     [id=24216, stack(0x0000002255100000,0x0000002255200000) (1024K)]
  0x00000133e031c0f0 WorkerThread "GC Thread#6"                     [id=1312, stack(0x0000002255200000,0x0000002255300000) (1024K)]
  0x00000133e031b5e0 WorkerThread "GC Thread#7"                     [id=8756, stack(0x0000002255400000,0x0000002255500000) (1024K)]
  0x00000133e0722a10 WorkerThread "GC Thread#8"                     [id=28396, stack(0x0000002255800000,0x0000002255900000) (1024K)]
  0x00000133e0721040 WorkerThread "GC Thread#9"                     [id=28244, stack(0x0000002255900000,0x0000002255a00000) (1024K)]
  0x00000133e0722660 WorkerThread "GC Thread#10"                    [id=7052, stack(0x0000002255a00000,0x0000002255b00000) (1024K)]
  0x00000133e0721f00 WorkerThread "GC Thread#11"                    [id=6412, stack(0x0000002255e00000,0x0000002255f00000) (1024K)]
  0x00000133e0722dc0 WorkerThread "GC Thread#12"                    [id=7264, stack(0x0000002255f00000,0x0000002256000000) (1024K)]
Total: 15

Threads with active compile tasks:
Total: 0

VM state: not at safepoint (normal execution)

VM Mutex/Monitor currently owned by a thread: None

Heap address: 0x0000000080000000, size: 2048 MB, Compressed Oops mode: 32-bit

CDS archive(s) mapped at: [0x0000013398000000-0x0000013398ba0000-0x0000013398ba0000), size 12189696, SharedBaseAddress: 0x0000013398000000, ArchiveRelocationMode: 1.
Compressed class space mapped at: 0x0000013399000000-0x00000133d9000000, reserved size: 1073741824
Narrow klass base: 0x0000013398000000, Narrow klass shift: 0, Narrow klass range: 0x100000000

GC Precious Log:
 CardTable entry size: 512
 CPUs: 16 total, 16 available
 Memory: 7583M
 Large Page Support: Disabled
 NUMA Support: Disabled
 Compressed Oops: Enabled (32-bit)
 Alignments: Space 512K, Generation 512K, Heap 2M
 Heap Min Capacity: 100M
 Heap Initial Capacity: 100M
 Heap Max Capacity: 2G
 Pre-touch: Disabled
 Parallel Workers: 13

Heap:
 PSYoungGen      total 124928K, used 79247K [0x00000000d5580000, 0x00000000dd080000, 0x0000000100000000)
  eden space 123392K, 63% used [0x00000000d5580000,0x00000000da25ec70,0x00000000dce00000)
  from space 1536K, 34% used [0x00000000dcf00000,0x00000000dcf85200,0x00000000dd080000)
  to   space 1024K, 0% used [0x00000000dce00000,0x00000000dce00000,0x00000000dcf00000)
 ParOldGen       total 964608K, used 964229K [0x0000000080000000, 0x00000000bae00000, 0x00000000d5580000)
  object space 964608K, 99% used [0x0000000080000000,0x00000000bada1560,0x00000000bae00000)
 Metaspace       used 81702K, committed 83456K, reserved 1179648K
  class space    used 8586K, committed 9280K, reserved 1048576K

Card table byte_map: [0x00000133ff4e0000,0x00000133ff8f0000] _byte_map_base: 0x00000133ff0e0000

Marking Bits: (ParMarkBitMap*) 0x00007ff934673450
 Begin Bits: [0x0000013393550000, 0x0000013395550000)
 End Bits:   [0x0000013395550000, 0x0000013397550000)

Polling page: 0x00000133fedf0000

Metaspace:

Usage:
  Non-class:     71.40 MB used.
      Class:      8.38 MB used.
       Both:     79.79 MB used.

Virtual space:
  Non-class space:      128.00 MB reserved,      72.44 MB ( 57%) committed,  2 nodes.
      Class space:        1.00 GB reserved,       9.06 MB ( <1%) committed,  1 nodes.
             Both:        1.12 GB reserved,      81.50 MB (  7%) committed. 

Chunk freelists:
   Non-Class:  6.92 MB
       Class:  6.94 MB
        Both:  13.86 MB

MaxMetaspaceSize: unlimited
CompressedClassSpaceSize: 1.00 GB
Initial GC threshold: 21.00 MB
Current GC threshold: 97.31 MB
CDS: on
 - commit_granule_bytes: 65536.
 - commit_granule_words: 8192.
 - virtual_space_node_default_size: 8388608.
 - enlarge_chunks_in_place: 1.
 - use_allocation_guard: 0.


Internal statistics:

num_allocs_failed_limit: 11.
num_arena_births: 1554.
num_arena_deaths: 22.
num_vsnodes_births: 3.
num_vsnodes_deaths: 0.
num_space_committed: 1304.
num_space_uncommitted: 0.
num_chunks_returned_to_freelist: 37.
num_chunks_taken_from_freelist: 5403.
num_chunk_merges: 21.
num_chunk_splits: 3297.
num_chunks_enlarged: 1804.
num_inconsistent_stats: 0.

CodeHeap 'non-profiled nmethods': size=119168Kb used=14782Kb max_used=14782Kb free=104385Kb
 bounds [0x000001338c0f0000, 0x000001338cf60000, 0x0000013393550000]
CodeHeap 'profiled nmethods': size=119104Kb used=41015Kb max_used=41015Kb free=78088Kb
 bounds [0x0000013384550000, 0x0000013386d60000, 0x000001338b9a0000]
CodeHeap 'non-nmethods': size=7488Kb used=1517Kb max_used=3209Kb free=5970Kb
 bounds [0x000001338b9a0000, 0x000001338bcd0000, 0x000001338c0f0000]
CodeCache: size=245760Kb, used=57314Kb, max_used=59006Kb, free=188443Kb
 total_blobs=17935, nmethods=17096, adapters=744, full_count=0
Compilation: enabled, stopped_count=0, restarted_count=0

Compilation events (20 events):
Event: 62.191 Thread 0x00000133da288d80 17881       3       java.util.Collections$SynchronizedCollection::<init> (21 bytes)
Event: 62.192 Thread 0x00000133da288d80 nmethod 17881 0x0000013386d57010 code [0x0000013386d571e0, 0x0000013386d575e0]
Event: 62.192 Thread 0x00000133da288d80 17882       3       org.eclipse.core.internal.filesystem.local.LocalFile::hashCode (25 bytes)
Event: 62.193 Thread 0x00000133da288d80 nmethod 17882 0x0000013386d57710 code [0x0000013386d578e0, 0x0000013386d57b78]
Event: 62.194 Thread 0x00000133da288d80 17883       3       org.eclipse.jdt.ls.core.internal.corrections.InnovationContext::getCoveringNode (38 bytes)
Event: 62.194 Thread 0x00000133da288d80 nmethod 17883 0x0000013386d57d10 code [0x0000013386d57ee0, 0x0000013386d58220]
Event: 62.195 Thread 0x00000133da2842d0 17884       4       java.lang.invoke.DirectMethodHandle$Holder::getReference (28 bytes)
Event: 62.195 Thread 0x00000133da288d80 17885   !   3       org.eclipse.jdt.core.dom.QualifiedName::getQualifier (60 bytes)
Event: 62.195 Thread 0x00000133da2842d0 nmethod 17884 0x000001338cf5ab90 code [0x000001338cf5ad20, 0x000001338cf5ade8]
Event: 62.196 Thread 0x00000133da288d80 nmethod 17885 0x0000013386d58390 code [0x0000013386d58600, 0x0000013386d590d8]
Event: 62.196 Thread 0x00000133da288d80 17887       3       com.google.gson.TypeAdapter$NullSafeTypeAdapter::write (22 bytes)
Event: 62.196 Thread 0x00000133da288d80 nmethod 17887 0x0000013386d59790 code [0x0000013386d59960, 0x0000013386d59c60]
Event: 62.196 Thread 0x00000133da288d80 17886       3       org.eclipse.jdt.core.dom.ASTVisitor::<init> (6 bytes)
Event: 62.196 Thread 0x00000133da288d80 nmethod 17886 0x0000013386d59d90 code [0x0000013386d59f40, 0x0000013386d5a108]
Event: 62.647 Thread 0x00000133da288d80 17888 %     3       java.net.URI::needsNormalization @ 48 (184 bytes)
Event: 62.647 Thread 0x00000133da2842d0 17889       4       org.eclipse.jdt.ls.core.internal.filesystem.JLSFsUtils::isProjectMetadataFile (71 bytes)
Event: 62.649 Thread 0x00000133da288d80 nmethod 17888% 0x0000013386d5a210 code [0x0000013386d5a6c0, 0x0000013386d5cf70]
Event: 62.658 Thread 0x00000133da2842d0 nmethod 17889 0x000001338cf5af10 code [0x000001338cf5b1c0, 0x000001338cf5beb8]
Event: 62.658 Thread 0x00000133da2842d0 17890       4       org.eclipse.jdt.ls.core.internal.filesystem.JLSFsUtils::shouldStoreInMetadataArea (73 bytes)
Event: 62.746 Thread 0x00000133da2842d0 nmethod 17890 0x000001338cf5c610 code [0x000001338cf5ca40, 0x000001338cf5e468]

GC Heap History (20 events):
Event: 47.191 GC heap before
{Heap before GC invocations=1188 (full 3):
 PSYoungGen      total 53248K, used 52744K [0x00000000d5580000, 0x00000000d8f00000, 0x0000000100000000)
  eden space 50688K, 100% used [0x00000000d5580000,0x00000000d8700000,0x00000000d8700000)
  from space 2560K, 80% used [0x00000000d8c80000,0x00000000d8e82388,0x00000000d8f00000)
  to   space 3584K, 0% used [0x00000000d8800000,0x00000000d8800000,0x00000000d8b80000)
 ParOldGen       total 952320K, used 951861K [0x0000000080000000, 0x00000000ba200000, 0x00000000d5580000)
  object space 952320K, 99% used [0x0000000080000000,0x00000000ba18d698,0x00000000ba200000)
 Metaspace       used 81438K, committed 83200K, reserved 1179648K
  class space    used 8574K, committed 9280K, reserved 1048576K
}
Event: 47.205 GC heap after
{Heap after GC invocations=1188 (full 3):
 PSYoungGen      total 55296K, used 3580K [0x00000000d5580000, 0x00000000d9f00000, 0x0000000100000000)
  eden space 51712K, 0% used [0x00000000d5580000,0x00000000d5580000,0x00000000d8800000)
  from space 3584K, 99% used [0x00000000d8800000,0x00000000d8b7f220,0x00000000d8b80000)
  to   space 7168K, 0% used [0x00000000d9800000,0x00000000d9800000,0x00000000d9f00000)
 ParOldGen       total 954368K, used 954241K [0x0000000080000000, 0x00000000ba400000, 0x00000000d5580000)
  object space 954368K, 99% used [0x0000000080000000,0x00000000ba3e0518,0x00000000ba400000)
 Metaspace       used 81438K, committed 83200K, reserved 1179648K
  class space    used 8574K, committed 9280K, reserved 1048576K
}
Event: 47.283 GC heap before
{Heap before GC invocations=1189 (full 3):
 PSYoungGen      total 55296K, used 55292K [0x00000000d5580000, 0x00000000d9f00000, 0x0000000100000000)
  eden space 51712K, 100% used [0x00000000d5580000,0x00000000d8800000,0x00000000d8800000)
  from space 3584K, 99% used [0x00000000d8800000,0x00000000d8b7f220,0x00000000d8b80000)
  to   space 7168K, 0% used [0x00000000d9800000,0x00000000d9800000,0x00000000d9f00000)
 ParOldGen       total 954368K, used 954241K [0x0000000080000000, 0x00000000ba400000, 0x00000000d5580000)
  object space 954368K, 99% used [0x0000000080000000,0x00000000ba3e0518,0x00000000ba400000)
 Metaspace       used 81438K, committed 83200K, reserved 1179648K
  class space    used 8574K, committed 9280K, reserved 1048576K
}
Event: 47.354 GC heap after
{Heap after GC invocations=1189 (full 3):
 PSYoungGen      total 68608K, used 5972K [0x00000000d5580000, 0x00000000d9e80000, 0x0000000100000000)
  eden space 61952K, 0% used [0x00000000d5580000,0x00000000d5580000,0x00000000d9200000)
  from space 6656K, 89% used [0x00000000d9800000,0x00000000d9dd51e0,0x00000000d9e80000)
  to   space 6144K, 0% used [0x00000000d9200000,0x00000000d9200000,0x00000000d9800000)
 ParOldGen       total 956416K, used 956229K [0x0000000080000000, 0x00000000ba600000, 0x00000000d5580000)
  object space 956416K, 99% used [0x0000000080000000,0x00000000ba5d1528,0x00000000ba600000)
 Metaspace       used 81438K, committed 83200K, reserved 1179648K
  class space    used 8574K, committed 9280K, reserved 1048576K
}
Event: 47.502 GC heap before
{Heap before GC invocations=1190 (full 3):
 PSYoungGen      total 68608K, used 67924K [0x00000000d5580000, 0x00000000d9e80000, 0x0000000100000000)
  eden space 61952K, 100% used [0x00000000d5580000,0x00000000d9200000,0x00000000d9200000)
  from space 6656K, 89% used [0x00000000d9800000,0x00000000d9dd51e0,0x00000000d9e80000)
  to   space 6144K, 0% used [0x00000000d9200000,0x00000000d9200000,0x00000000d9800000)
 ParOldGen       total 956416K, used 956229K [0x0000000080000000, 0x00000000ba600000, 0x00000000d5580000)
  object space 956416K, 99% used [0x0000000080000000,0x00000000ba5d1528,0x00000000ba600000)
 Metaspace       used 81448K, committed 83264K, reserved 1179648K
  class space    used 8575K, committed 9280K, reserved 1048576K
}
Event: 47.629 GC heap after
{Heap after GC invocations=1190 (full 3):
 PSYoungGen      total 68096K, used 2657K [0x00000000d5580000, 0x00000000da680000, 0x0000000100000000)
  eden space 61952K, 0% used [0x00000000d5580000,0x00000000d5580000,0x00000000d9200000)
  from space 6144K, 43% used [0x00000000d9200000,0x00000000d9498438,0x00000000d9800000)
  to   space 4096K, 0% used [0x00000000da280000,0x00000000da280000,0x00000000da680000)
 ParOldGen       total 956928K, used 956757K [0x0000000080000000, 0x00000000ba680000, 0x00000000d5580000)
  object space 956928K, 99% used [0x0000000080000000,0x00000000ba655528,0x00000000ba680000)
 Metaspace       used 81448K, committed 83264K, reserved 1179648K
  class space    used 8575K, committed 9280K, reserved 1048576K
}
Event: 47.720 GC heap before
{Heap before GC invocations=1191 (full 3):
 PSYoungGen      total 68096K, used 64609K [0x00000000d5580000, 0x00000000da680000, 0x0000000100000000)
  eden space 61952K, 100% used [0x00000000d5580000,0x00000000d9200000,0x00000000d9200000)
  from space 6144K, 43% used [0x00000000d9200000,0x00000000d9498438,0x00000000d9800000)
  to   space 4096K, 0% used [0x00000000da280000,0x00000000da280000,0x00000000da680000)
 ParOldGen       total 956928K, used 956757K [0x0000000080000000, 0x00000000ba680000, 0x00000000d5580000)
  object space 956928K, 99% used [0x0000000080000000,0x00000000ba655528,0x00000000ba680000)
 Metaspace       used 81449K, committed 83264K, reserved 1179648K
  class space    used 8575K, committed 9280K, reserved 1048576K
}
Event: 47.784 GC heap after
{Heap after GC invocations=1191 (full 3):
 PSYoungGen      total 77824K, used 4072K [0x00000000d5580000, 0x00000000da880000, 0x0000000100000000)
  eden space 73728K, 0% used [0x00000000d5580000,0x00000000d5580000,0x00000000d9d80000)
  from space 4096K, 99% used [0x00000000da280000,0x00000000da67a0a0,0x00000000da680000)
  to   space 5120K, 0% used [0x00000000d9d80000,0x00000000d9d80000,0x00000000da280000)
 ParOldGen       total 957440K, used 957398K [0x0000000080000000, 0x00000000ba700000, 0x00000000d5580000)
  object space 957440K, 99% used [0x0000000080000000,0x00000000ba6f5938,0x00000000ba700000)
 Metaspace       used 81449K, committed 83264K, reserved 1179648K
  class space    used 8575K, committed 9280K, reserved 1048576K
}
Event: 47.967 GC heap before
{Heap before GC invocations=1192 (full 3):
 PSYoungGen      total 77824K, used 77800K [0x00000000d5580000, 0x00000000da880000, 0x0000000100000000)
  eden space 73728K, 100% used [0x00000000d5580000,0x00000000d9d80000,0x00000000d9d80000)
  from space 4096K, 99% used [0x00000000da280000,0x00000000da67a0a0,0x00000000da680000)
  to   space 5120K, 0% used [0x00000000d9d80000,0x00000000d9d80000,0x00000000da280000)
 ParOldGen       total 957440K, used 957398K [0x0000000080000000, 0x00000000ba700000, 0x00000000d5580000)
  object space 957440K, 99% used [0x0000000080000000,0x00000000ba6f5938,0x00000000ba700000)
 Metaspace       used 81464K, committed 83264K, reserved 1179648K
  class space    used 8577K, committed 9280K, reserved 1048576K
}
Event: 48.002 GC heap after
{Heap after GC invocations=1192 (full 3):
 PSYoungGen      total 78848K, used 1609K [0x00000000d5580000, 0x00000000db200000, 0x0000000100000000)
  eden space 73728K, 0% used [0x00000000d5580000,0x00000000d5580000,0x00000000d9d80000)
  from space 5120K, 31% used [0x00000000d9d80000,0x00000000d9f127e0,0x00000000da280000)
  to   space 3072K, 0% used [0x00000000daf00000,0x00000000daf00000,0x00000000db200000)
 ParOldGen       total 958464K, used 957958K [0x0000000080000000, 0x00000000ba800000, 0x00000000d5580000)
  object space 958464K, 99% used [0x0000000080000000,0x00000000ba781938,0x00000000ba800000)
 Metaspace       used 81464K, committed 83264K, reserved 1179648K
  class space    used 8577K, committed 9280K, reserved 1048576K
}
Event: 48.173 GC heap before
{Heap before GC invocations=1193 (full 3):
 PSYoungGen      total 78848K, used 75337K [0x00000000d5580000, 0x00000000db200000, 0x0000000100000000)
  eden space 73728K, 100% used [0x00000000d5580000,0x00000000d9d80000,0x00000000d9d80000)
  from space 5120K, 31% used [0x00000000d9d80000,0x00000000d9f127e0,0x00000000da280000)
  to   space 3072K, 0% used [0x00000000daf00000,0x00000000daf00000,0x00000000db200000)
 ParOldGen       total 958464K, used 957958K [0x0000000080000000, 0x00000000ba800000, 0x00000000d5580000)
  object space 958464K, 99% used [0x0000000080000000,0x00000000ba781938,0x00000000ba800000)
 Metaspace       used 81466K, committed 83264K, reserved 1179648K
  class space    used 8577K, committed 9280K, reserved 1048576K
}
Event: 48.236 GC heap after
{Heap after GC invocations=1193 (full 3):
 PSYoungGen      total 88064K, used 3048K [0x00000000d5580000, 0x00000000db900000, 0x0000000100000000)
  eden space 84992K, 0% used [0x00000000d5580000,0x00000000d5580000,0x00000000da880000)
  from space 3072K, 99% used [0x00000000daf00000,0x00000000db1fa340,0x00000000db200000)
  to   space 6656K, 0% used [0x00000000da880000,0x00000000da880000,0x00000000daf00000)
 ParOldGen       total 960512K, used 960458K [0x0000000080000000, 0x00000000baa00000, 0x00000000d5580000)
  object space 960512K, 99% used [0x0000000080000000,0x00000000ba9f2b70,0x00000000baa00000)
 Metaspace       used 81466K, committed 83264K, reserved 1179648K
  class space    used 8577K, committed 9280K, reserved 1048576K
}
Event: 48.390 GC heap before
{Heap before GC invocations=1194 (full 3):
 PSYoungGen      total 88064K, used 88040K [0x00000000d5580000, 0x00000000db900000, 0x0000000100000000)
  eden space 84992K, 100% used [0x00000000d5580000,0x00000000da880000,0x00000000da880000)
  from space 3072K, 99% used [0x00000000daf00000,0x00000000db1fa340,0x00000000db200000)
  to   space 6656K, 0% used [0x00000000da880000,0x00000000da880000,0x00000000daf00000)
 ParOldGen       total 960512K, used 960458K [0x0000000080000000, 0x00000000baa00000, 0x00000000d5580000)
  object space 960512K, 99% used [0x0000000080000000,0x00000000ba9f2b70,0x00000000baa00000)
 Metaspace       used 81466K, committed 83264K, reserved 1179648K
  class space    used 8577K, committed 9280K, reserved 1048576K
}
Event: 48.477 GC heap after
{Heap after GC invocations=1194 (full 3):
 PSYoungGen      total 91648K, used 660K [0x00000000d5580000, 0x00000000dbe80000, 0x0000000100000000)
  eden space 84992K, 0% used [0x00000000d5580000,0x00000000d5580000,0x00000000da880000)
  from space 6656K, 9% used [0x00000000da880000,0x00000000da925200,0x00000000daf00000)
  to   space 2560K, 0% used [0x00000000dbc00000,0x00000000dbc00000,0x00000000dbe80000)
 ParOldGen       total 962560K, used 962248K [0x0000000080000000, 0x00000000bac00000, 0x00000000d5580000)
  object space 962560K, 99% used [0x0000000080000000,0x00000000babb2158,0x00000000bac00000)
 Metaspace       used 81466K, committed 83264K, reserved 1179648K
  class space    used 8577K, committed 9280K, reserved 1048576K
}
Event: 48.812 GC heap before
{Heap before GC invocations=1195 (full 3):
 PSYoungGen      total 91648K, used 85652K [0x00000000d5580000, 0x00000000dbe80000, 0x0000000100000000)
  eden space 84992K, 100% used [0x00000000d5580000,0x00000000da880000,0x00000000da880000)
  from space 6656K, 9% used [0x00000000da880000,0x00000000da925200,0x00000000daf00000)
  to   space 2560K, 0% used [0x00000000dbc00000,0x00000000dbc00000,0x00000000dbe80000)
 ParOldGen       total 962560K, used 962248K [0x0000000080000000, 0x00000000bac00000, 0x00000000d5580000)
  object space 962560K, 99% used [0x0000000080000000,0x00000000babb2158,0x00000000bac00000)
 Metaspace       used 81499K, committed 83264K, reserved 1179648K
  class space    used 8577K, committed 9280K, reserved 1048576K
}
Event: 48.885 GC heap after
{Heap after GC invocations=1195 (full 3):
 PSYoungGen      total 104448K, used 1600K [0x00000000d5580000, 0x00000000dbe00000, 0x0000000100000000)
  eden space 102400K, 0% used [0x00000000d5580000,0x00000000d5580000,0x00000000db980000)
  from space 2048K, 78% used [0x00000000dbc00000,0x00000000dbd90000,0x00000000dbe00000)
  to   space 2048K, 0% used [0x00000000dba00000,0x00000000dba00000,0x00000000dbc00000)
 ParOldGen       total 962560K, used 962544K [0x0000000080000000, 0x00000000bac00000, 0x00000000d5580000)
  object space 962560K, 99% used [0x0000000080000000,0x00000000babfc158,0x00000000bac00000)
 Metaspace       used 81499K, committed 83264K, reserved 1179648K
  class space    used 8577K, committed 9280K, reserved 1048576K
}
Event: 49.099 GC heap before
{Heap before GC invocations=1196 (full 3):
 PSYoungGen      total 104448K, used 104000K [0x00000000d5580000, 0x00000000dbe00000, 0x0000000100000000)
  eden space 102400K, 100% used [0x00000000d5580000,0x00000000db980000,0x00000000db980000)
  from space 2048K, 78% used [0x00000000dbc00000,0x00000000dbd90000,0x00000000dbe00000)
  to   space 2048K, 0% used [0x00000000dba00000,0x00000000dba00000,0x00000000dbc00000)
 ParOldGen       total 962560K, used 962544K [0x0000000080000000, 0x00000000bac00000, 0x00000000d5580000)
  object space 962560K, 99% used [0x0000000080000000,0x00000000babfc158,0x00000000bac00000)
 Metaspace       used 81545K, committed 83264K, reserved 1179648K
  class space    used 8577K, committed 9280K, reserved 1048576K
}
Event: 49.151 GC heap after
{Heap after GC invocations=1196 (full 3):
 PSYoungGen      total 104960K, used 1168K [0x00000000d5580000, 0x00000000dd080000, 0x0000000100000000)
  eden space 102912K, 0% used [0x00000000d5580000,0x00000000d5580000,0x00000000dba00000)
  from space 2048K, 57% used [0x00000000dba00000,0x00000000dbb242b8,0x00000000dbc00000)
  to   space 1536K, 0% used [0x00000000dcf00000,0x00000000dcf00000,0x00000000dd080000)
 ParOldGen       total 963584K, used 963490K [0x0000000080000000, 0x00000000bad00000, 0x00000000d5580000)
  object space 963584K, 99% used [0x0000000080000000,0x00000000bace89d8,0x00000000bad00000)
 Metaspace       used 81545K, committed 83264K, reserved 1179648K
  class space    used 8577K, committed 9280K, reserved 1048576K
}
Event: 49.522 GC heap before
{Heap before GC invocations=1197 (full 3):
 PSYoungGen      total 104960K, used 104080K [0x00000000d5580000, 0x00000000dd080000, 0x0000000100000000)
  eden space 102912K, 100% used [0x00000000d5580000,0x00000000dba00000,0x00000000dba00000)
  from space 2048K, 57% used [0x00000000dba00000,0x00000000dbb242b8,0x00000000dbc00000)
  to   space 1536K, 0% used [0x00000000dcf00000,0x00000000dcf00000,0x00000000dd080000)
 ParOldGen       total 963584K, used 963490K [0x0000000080000000, 0x00000000bad00000, 0x00000000d5580000)
  object space 963584K, 99% used [0x0000000080000000,0x00000000bace89d8,0x00000000bad00000)
 Metaspace       used 81597K, committed 83328K, reserved 1179648K
  class space    used 8577K, committed 9280K, reserved 1048576K
}
Event: 49.630 GC heap after
{Heap after GC invocations=1197 (full 3):
 PSYoungGen      total 124928K, used 532K [0x00000000d5580000, 0x00000000dd080000, 0x0000000100000000)
  eden space 123392K, 0% used [0x00000000d5580000,0x00000000d5580000,0x00000000dce00000)
  from space 1536K, 34% used [0x00000000dcf00000,0x00000000dcf85200,0x00000000dd080000)
  to   space 1024K, 0% used [0x00000000dce00000,0x00000000dce00000,0x00000000dcf00000)
 ParOldGen       total 964608K, used 964229K [0x0000000080000000, 0x00000000bae00000, 0x00000000d5580000)
  object space 964608K, 99% used [0x0000000080000000,0x00000000bada1560,0x00000000bae00000)
 Metaspace       used 81597K, committed 83328K, reserved 1179648K
  class space    used 8577K, committed 9280K, reserved 1048576K
}

Dll operation events (14 events):
Event: 0.005 Loaded shared library c:\Users\tomas\.vscode\extensions\redhat.java-1.54.0-win32-x64\jre\21.0.10-win32-x86_64\bin\java.dll
Event: 0.044 Loaded shared library c:\Users\tomas\.vscode\extensions\redhat.java-1.54.0-win32-x64\jre\21.0.10-win32-x86_64\bin\zip.dll
Event: 0.056 Loaded shared library C:\Users\tomas\.vscode\extensions\redhat.java-1.54.0-win32-x64\jre\21.0.10-win32-x86_64\bin\instrument.dll
Event: 0.058 Loaded shared library C:\Users\tomas\.vscode\extensions\redhat.java-1.54.0-win32-x64\jre\21.0.10-win32-x86_64\bin\net.dll
Event: 0.060 Loaded shared library C:\Users\tomas\.vscode\extensions\redhat.java-1.54.0-win32-x64\jre\21.0.10-win32-x86_64\bin\nio.dll
Event: 0.062 Loaded shared library C:\Users\tomas\.vscode\extensions\redhat.java-1.54.0-win32-x64\jre\21.0.10-win32-x86_64\bin\zip.dll
Event: 0.071 Loaded shared library C:\Users\tomas\.vscode\extensions\redhat.java-1.54.0-win32-x64\jre\21.0.10-win32-x86_64\bin\jimage.dll
Event: 0.109 Loaded shared library c:\Users\tomas\.vscode\extensions\redhat.java-1.54.0-win32-x64\jre\21.0.10-win32-x86_64\bin\verify.dll
Event: 0.781 Loaded shared library C:\Users\tomas\AppData\Roaming\Code\User\globalStorage\redhat.java\1.54.0\config_win\org.eclipse.equinox.launcher\org.eclipse.equinox.launcher.win32.win32.x86_64_1.3.0.v20260203-2149\eclipse_11919.dll
Event: 3.349 Loaded shared library C:\Users\tomas\.vscode\extensions\redhat.java-1.54.0-win32-x64\jre\21.0.10-win32-x86_64\bin\management.dll
Event: 3.351 Loaded shared library C:\Users\tomas\.vscode\extensions\redhat.java-1.54.0-win32-x64\jre\21.0.10-win32-x86_64\bin\management_ext.dll
Event: 4.098 Loaded shared library C:\Users\tomas\AppData\Local\Temp\jna-110543108\jna7672634631661861028.dll
Event: 4.171 Loaded shared library C:\Users\tomas\.vscode\extensions\redhat.java-1.54.0-win32-x64\jre\21.0.10-win32-x86_64\bin\sunmscapi.dll
Event: 4.350 Loaded shared library C:\Users\tomas\.vscode\extensions\redhat.java-1.54.0-win32-x64\jre\21.0.10-win32-x86_64\bin\extnet.dll

Deoptimization events (20 events):
Event: 55.712 Thread 0x00000133e4251650 Uncommon trap: trap_request=0xffffff45 fr.pc=0x000001338cd78e30 relative=0x0000000000000090
Event: 55.712 Thread 0x00000133e4251650 Uncommon trap: reason=unstable_if action=reinterpret pc=0x000001338cd78e30 method=org.eclipse.jdt.internal.compiler.util.Util.getLineNumber(I[III)I @ 50 c2
Event: 55.712 Thread 0x00000133e4251650 DEOPT PACKING pc=0x000001338cd78e30 sp=0x0000002257efde00
Event: 55.712 Thread 0x00000133e4251650 DEOPT UNPACKING pc=0x000001338b9f3aa2 sp=0x0000002257efdda8 mode 2
Event: 55.731 Thread 0x00000133e07b4a30 Uncommon trap: trap_request=0xffffff45 fr.pc=0x000001338cc19184 relative=0x00000000000008e4
Event: 55.731 Thread 0x00000133e07b4a30 Uncommon trap: reason=unstable_if action=reinterpret pc=0x000001338cc19184 method=org.eclipse.jdt.internal.core.JavaModel.getWorkspaceTarget(Lorg/eclipse/core/runtime/IPath;)Lorg/eclipse/core/resources/IResource; @ 1 c2
Event: 55.731 Thread 0x00000133e07b4a30 DEOPT PACKING pc=0x000001338cc19184 sp=0x00000022548fe3a0
Event: 55.731 Thread 0x00000133e07b4a30 DEOPT UNPACKING pc=0x000001338b9f3aa2 sp=0x00000022548fe320 mode 2
Event: 55.731 Thread 0x00000133e07b4a30 Uncommon trap: trap_request=0xffffff45 fr.pc=0x000001338cc17bd8 relative=0x00000000000007f8
Event: 55.731 Thread 0x00000133e07b4a30 Uncommon trap: reason=unstable_if action=reinterpret pc=0x000001338cc17bd8 method=org.eclipse.jdt.internal.core.JavaModel.getExternalTarget(Lorg/eclipse/core/runtime/IPath;Z)Ljava/lang/Object; @ 1 c2
Event: 55.731 Thread 0x00000133e07b4a30 DEOPT PACKING pc=0x000001338cc17bd8 sp=0x00000022548fe330
Event: 55.731 Thread 0x00000133e07b4a30 DEOPT UNPACKING pc=0x000001338b9f3aa2 sp=0x00000022548fe308 mode 2
Event: 55.731 Thread 0x00000133e07b4a30 Uncommon trap: trap_request=0xffffff45 fr.pc=0x000001338c9de744 relative=0x00000000000000e4
Event: 55.731 Thread 0x00000133e07b4a30 Uncommon trap: reason=unstable_if action=reinterpret pc=0x000001338c9de744 method=org.eclipse.jdt.internal.core.JavaModel.getWorkspaceTarget(Lorg/eclipse/core/runtime/IPath;)Lorg/eclipse/core/resources/IResource; @ 1 c2
Event: 55.731 Thread 0x00000133e07b4a30 DEOPT PACKING pc=0x000001338c9de744 sp=0x00000022548fe380
Event: 55.731 Thread 0x00000133e07b4a30 DEOPT UNPACKING pc=0x000001338b9f3aa2 sp=0x00000022548fe318 mode 2
Event: 56.077 Thread 0x00000133e0cabdc0 Uncommon trap: trap_request=0xffffff45 fr.pc=0x000001338cd8fc10 relative=0x0000000000006950
Event: 56.077 Thread 0x00000133e0cabdc0 Uncommon trap: reason=unstable_if action=reinterpret pc=0x000001338cd8fc10 method=org.eclipse.jdt.internal.compiler.lookup.TypeSystem.getUnannotatedType(Lorg/eclipse/jdt/internal/compiler/lookup/TypeBinding;)Lorg/eclipse/jdt/internal/compiler/lookup/TypeB
Event: 56.077 Thread 0x00000133e0cabdc0 DEOPT PACKING pc=0x000001338cd8fc10 sp=0x00000022566fbf20
Event: 56.077 Thread 0x00000133e0cabdc0 DEOPT UNPACKING pc=0x000001338b9f3aa2 sp=0x00000022566fbe20 mode 2

Classes loaded (20 events):
Event: 45.484 Loading class java/io/ObjectStreamClass$RecordSupport
Event: 45.485 Loading class java/io/ObjectStreamClass$RecordSupport done
Event: 45.488 Loading class java/io/ObjectStreamClass$DeserializationConstructorsCache$Key$Lookup
Event: 45.488 Loading class java/io/ObjectStreamClass$DeserializationConstructorsCache$Key
Event: 45.488 Loading class java/io/ObjectStreamClass$DeserializationConstructorsCache$Key done
Event: 45.488 Loading class java/io/ObjectStreamClass$DeserializationConstructorsCache$Key$Lookup done
Event: 45.491 Loading class java/lang/invoke/BoundMethodHandle$Species_LIL
Event: 45.491 Loading class java/lang/invoke/BoundMethodHandle$Species_LIL done
Event: 45.493 Loading class java/io/ObjectStreamClass$DeserializationConstructorsCache$Key$Impl
Event: 45.493 Loading class java/io/ObjectStreamClass$DeserializationConstructorsCache$Key$Impl done
Event: 45.637 Loading class java/util/function/IntPredicate
Event: 45.637 Loading class java/util/function/IntPredicate done
Event: 45.645 Loading class java/util/regex/Pattern$Bound
Event: 45.645 Loading class java/util/regex/Pattern$Bound done
Event: 45.828 Loading class java/nio/BufferMismatch
Event: 45.828 Loading class java/nio/BufferMismatch done
Event: 45.854 Loading class java/util/ArrayDeque$DeqSpliterator
Event: 45.855 Loading class java/util/ArrayDeque$DeqSpliterator done
Event: 46.173 Loading class javax/xml/transform/TransformerConfigurationException
Event: 46.174 Loading class javax/xml/transform/TransformerConfigurationException done

Classes unloaded (11 events):
Event: 3.675 Thread 0x0000013397b34900 Unloading class 0x00000133991a3000 'java/lang/invoke/LambdaForm$MH+0x00000133991a3000'
Event: 3.675 Thread 0x0000013397b34900 Unloading class 0x00000133991a2c00 'java/lang/invoke/LambdaForm$MH+0x00000133991a2c00'
Event: 3.675 Thread 0x0000013397b34900 Unloading class 0x00000133991a2800 'java/lang/invoke/LambdaForm$MH+0x00000133991a2800'
Event: 3.675 Thread 0x0000013397b34900 Unloading class 0x00000133991a2400 'java/lang/invoke/LambdaForm$MH+0x00000133991a2400'
Event: 3.675 Thread 0x0000013397b34900 Unloading class 0x00000133991a2000 'java/lang/invoke/LambdaForm$BMH+0x00000133991a2000'
Event: 3.675 Thread 0x0000013397b34900 Unloading class 0x00000133991a1c00 'java/lang/invoke/LambdaForm$DMH+0x00000133991a1c00'
Event: 3.675 Thread 0x0000013397b34900 Unloading class 0x00000133991a0800 'java/lang/invoke/LambdaForm$DMH+0x00000133991a0800'
Event: 7.321 Thread 0x0000013397b34900 Unloading class 0x000001339964a800 'java/lang/invoke/LambdaForm$DMH+0x000001339964a800'
Event: 7.321 Thread 0x0000013397b34900 Unloading class 0x000001339964a000 'java/lang/invoke/LambdaForm$DMH+0x000001339964a000'
Event: 7.321 Thread 0x0000013397b34900 Unloading class 0x000001339964a400 'java/lang/invoke/LambdaForm$DMH+0x000001339964a400'
Event: 7.321 Thread 0x0000013397b34900 Unloading class 0x000001339964ac00 'java/lang/invoke/LambdaForm$DMH+0x000001339964ac00'

Classes redefined (0 events):
No events

Internal exceptions (20 events):
Event: 48.096 Thread 0x00000133e07b4a30 Exception <a 'sun/nio/fs/WindowsException'{0x00000000d601e9f0}> (0x00000000d601e9f0) 
thrown [s\src\hotspot\share\prims\jni.cpp, line 520]
Event: 48.098 Thread 0x00000133e07b4a30 Exception <a 'sun/nio/fs/WindowsException'{0x00000000d63560b8}> (0x00000000d63560b8) 
thrown [s\src\hotspot\share\prims\jni.cpp, line 520]
Event: 48.098 Thread 0x00000133e07b4a30 Exception <a 'sun/nio/fs/WindowsException'{0x00000000d63569b8}> (0x00000000d63569b8) 
thrown [s\src\hotspot\share\prims\jni.cpp, line 520]
Event: 48.141 Thread 0x00000133e07b4a30 Exception <a 'sun/nio/fs/WindowsException'{0x00000000d63731f0}> (0x00000000d63731f0) 
thrown [s\src\hotspot\share\prims\jni.cpp, line 520]
Event: 48.142 Thread 0x00000133e07b4a30 Exception <a 'sun/nio/fs/WindowsException'{0x00000000d6373af0}> (0x00000000d6373af0) 
thrown [s\src\hotspot\share\prims\jni.cpp, line 520]
Event: 48.899 Thread 0x00000133e07b4a30 Exception <a 'sun/nio/fs/WindowsException'{0x00000000d570ba50}> (0x00000000d570ba50) 
thrown [s\src\hotspot\share\prims\jni.cpp, line 520]
Event: 48.899 Thread 0x00000133e07b4a30 Exception <a 'sun/nio/fs/WindowsException'{0x00000000d570c350}> (0x00000000d570c350) 
thrown [s\src\hotspot\share\prims\jni.cpp, line 520]
Event: 48.900 Thread 0x00000133e07b4a30 Exception <a 'sun/nio/fs/WindowsException'{0x00000000d570d358}> (0x00000000d570d358) 
thrown [s\src\hotspot\share\prims\jni.cpp, line 520]
Event: 48.900 Thread 0x00000133e07b4a30 Exception <a 'sun/nio/fs/WindowsException'{0x00000000d570dc58}> (0x00000000d570dc58) 
thrown [s\src\hotspot\share\prims\jni.cpp, line 520]
Event: 48.900 Thread 0x00000133e07b4a30 Exception <a 'sun/nio/fs/WindowsException'{0x00000000d570f670}> (0x00000000d570f670) 
thrown [s\src\hotspot\share\prims\jni.cpp, line 520]
Event: 48.900 Thread 0x00000133e07b4a30 Exception <a 'sun/nio/fs/WindowsException'{0x00000000d570ff70}> (0x00000000d570ff70) 
thrown [s\src\hotspot\share\prims\jni.cpp, line 520]
Event: 48.915 Thread 0x00000133e07b4a30 Exception <a 'sun/nio/fs/WindowsException'{0x00000000d5895360}> (0x00000000d5895360) 
thrown [s\src\hotspot\share\prims\jni.cpp, line 520]
Event: 48.915 Thread 0x00000133e07b4a30 Exception <a 'sun/nio/fs/WindowsException'{0x00000000d5895c60}> (0x00000000d5895c60) 
thrown [s\src\hotspot\share\prims\jni.cpp, line 520]
Event: 55.703 Thread 0x00000133e4251650 Exception <a 'java/lang/NoSuchMethodError'{0x00000000d9571400}: 'void java.lang.invoke.DirectMethodHandle$Holder.invokeStatic(java.lang.Object, int, java.lang.Object)'> (0x00000000d9571400) 
thrown [s\src\hotspot\share\interpreter\linkResolver.cpp, line 773]
Event: 55.728 Thread 0x00000133e07b5de0 Exception <a 'java/lang/NoSuchMethodError'{0x00000000d9670c58}: 'java.lang.Object java.lang.invoke.DirectMethodHandle$Holder.invokeStatic(java.lang.Object, int, java.lang.Object, java.lang.Object, java.lang.Object, java.lang.Object)'> (0x00000000d9670c58) 
thrown [s\src\hotspot\share\interpreter\linkResolver.cpp, line 773]
Event: 55.731 Thread 0x00000133e07b4a30 Implicit null exception at 0x000001338cc188c4 to 0x000001338cc19170
Event: 55.731 Thread 0x00000133e07b4a30 Implicit null exception at 0x000001338cc17404 to 0x000001338cc17bc8
Event: 55.731 Thread 0x00000133e07b4a30 Implicit null exception at 0x000001338c9de67a to 0x000001338c9de734
Event: 55.731 Thread 0x00000133e07b5de0 Exception <a 'java/lang/NoSuchMethodError'{0x00000000d9677f28}: 'java.lang.Object java.lang.invoke.DirectMethodHandle$Holder.newInvokeSpecial(java.lang.Object, int, java.lang.Object, java.lang.Object, java.lang.Object)'> (0x00000000d9677f28) 
thrown [s\src\hotspot\share\interpreter\linkResolver.cpp, line 773]
Event: 60.144 Thread 0x00000133e1136c60 Exception <a 'java/lang/IncompatibleClassChangeError'{0x00000000da0cc278}: Found class java.lang.Object, but interface was expected> (0x00000000da0cc278) 
thrown [s\src\hotspot\share\interpreter\linkResolver.cpp, line 840]

ZGC Phase Switch (0 events):
No events

VM Operations (20 events):
Event: 48.812 Executing safepoint VM operation: ParallelGCFailedAllocation (Allocation Failure)
Event: 48.885 Executing safepoint VM operation: ParallelGCFailedAllocation (Allocation Failure) done
Event: 49.098 Executing safepoint VM operation: ParallelGCFailedAllocation (Allocation Failure)
Event: 49.151 Executing safepoint VM operation: ParallelGCFailedAllocation (Allocation Failure) done
Event: 49.522 Executing safepoint VM operation: ParallelGCFailedAllocation (Allocation Failure)
Event: 49.631 Executing safepoint VM operation: ParallelGCFailedAllocation (Allocation Failure) done
Event: 50.635 Executing safepoint VM operation: Cleanup
Event: 50.635 Executing safepoint VM operation: Cleanup done
Event: 55.675 Executing safepoint VM operation: Cleanup
Event: 55.675 Executing safepoint VM operation: Cleanup done
Event: 56.676 Executing safepoint VM operation: Cleanup
Event: 56.676 Executing safepoint VM operation: Cleanup done
Event: 60.105 Executing non-safepoint VM operation: HandshakeAllThreads (HandshakeForDeflation)
Event: 60.105 Executing non-safepoint VM operation: HandshakeAllThreads (HandshakeForDeflation) done
Event: 60.105 Executing non-safepoint VM operation: RendezvousGCThreads
Event: 60.105 Executing non-safepoint VM operation: RendezvousGCThreads done
Event: 61.115 Executing safepoint VM operation: Cleanup
Event: 61.115 Executing safepoint VM operation: Cleanup done
Event: 63.126 Executing safepoint VM operation: Cleanup
Event: 63.126 Executing safepoint VM operation: Cleanup done

Memory protections (0 events):
No events

Nmethod flushes (20 events):
Event: 7.339 Thread 0x0000013397b34900 flushing  nmethod 0x0000013384e20610
Event: 7.339 Thread 0x0000013397b34900 flushing  nmethod 0x0000013384e27d10
Event: 7.339 Thread 0x0000013397b34900 flushing  nmethod 0x0000013384e62e10
Event: 7.339 Thread 0x0000013397b34900 flushing  nmethod 0x0000013384e64b10
Event: 7.339 Thread 0x0000013397b34900 flushing  nmethod 0x0000013384e65210
Event: 7.339 Thread 0x0000013397b34900 flushing  nmethod 0x0000013384e65810
Event: 7.339 Thread 0x0000013397b34900 flushing  nmethod 0x0000013384e66710
Event: 7.339 Thread 0x0000013397b34900 flushing  nmethod 0x0000013384e66f90
Event: 7.339 Thread 0x0000013397b34900 flushing  nmethod 0x0000013384e67310
Event: 7.339 Thread 0x0000013397b34900 flushing  nmethod 0x0000013384e69690
Event: 7.339 Thread 0x0000013397b34900 flushing  nmethod 0x0000013384e92c10
Event: 7.339 Thread 0x0000013397b34900 flushing  nmethod 0x0000013384e99210
Event: 7.339 Thread 0x0000013397b34900 flushing  nmethod 0x0000013384ead190
Event: 7.339 Thread 0x0000013397b34900 flushing  nmethod 0x0000013384eb1010
Event: 7.339 Thread 0x0000013397b34900 flushing  nmethod 0x0000013384ec4590
Event: 7.339 Thread 0x0000013397b34900 flushing  nmethod 0x0000013384f27190
Event: 7.339 Thread 0x0000013397b34900 flushing  nmethod 0x0000013384f47410
Event: 7.339 Thread 0x0000013397b34900 flushing  nmethod 0x0000013384f55b10
Event: 7.339 Thread 0x0000013397b34900 flushing  nmethod 0x0000013384f6ed90
Event: 7.339 Thread 0x0000013397b34900 flushing  nmethod 0x0000013384f76d10

Events (20 events):
Event: 45.439 Thread 0x00000133e0cad170 Thread added: 0x00000133e2eb36c0
Event: 45.439 Thread 0x00000133e0cad170 Thread added: 0x00000133e2eae170
Event: 45.444 Thread 0x00000133e2eafbb0 Thread exited: 0x00000133e2eafbb0
Event: 45.444 Thread 0x00000133e2eb15f0 Thread exited: 0x00000133e2eb15f0
Event: 45.444 Thread 0x00000133e2eaf520 Thread exited: 0x00000133e2eaf520
Event: 45.444 Thread 0x00000133e2eae170 Thread exited: 0x00000133e2eae170
Event: 45.444 Thread 0x00000133e2eb36c0 Thread exited: 0x00000133e2eb36c0
Event: 45.743 Thread 0x00000133e0cad170 Thread added: 0x00000133e2eaf520
Event: 45.743 Thread 0x00000133e0cad170 Thread added: 0x00000133e2eafbb0
Event: 45.743 Thread 0x00000133e0cad170 Thread added: 0x00000133e2eb0240
Event: 45.743 Thread 0x00000133e0cad170 Thread added: 0x00000133e2eae170
Event: 45.743 Thread 0x00000133e0cad170 Thread added: 0x00000133e2eadae0
Event: 45.754 Thread 0x00000133e2eaf520 Thread exited: 0x00000133e2eaf520
Event: 45.754 Thread 0x00000133e2eafbb0 Thread exited: 0x00000133e2eafbb0
Event: 45.754 Thread 0x00000133e2eadae0 Thread exited: 0x00000133e2eadae0
Event: 45.754 Thread 0x00000133e2eae170 Thread exited: 0x00000133e2eae170
Event: 45.754 Thread 0x00000133e2eb0240 Thread exited: 0x00000133e2eb0240
Event: 45.853 Thread 0x00000133e0cad800 Thread added: 0x00000133e2eaf520
Event: 45.854 Thread 0x00000133e4255160 Thread added: 0x00000133e2eacdc0
Event: 46.112 Thread 0x00000133e0cad800 Thread added: 0x00000133e2eb43e0


Dynamic libraries:
0x00007ff70fd10000 - 0x00007ff70fd1e000 	c:\Users\tomas\.vscode\extensions\redhat.java-1.54.0-win32-x64\jre\21.0.10-win32-x86_64\bin\java.exe
0x00007ff9bcf50000 - 0x00007ff9bd148000 	C:\WINDOWS\SYSTEM32\ntdll.dll
0x00007ff9bcc60000 - 0x00007ff9bcd22000 	C:\WINDOWS\System32\KERNEL32.DLL
0x00007ff9bab10000 - 0x00007ff9bae06000 	C:\WINDOWS\System32\KERNELBASE.dll
0x00007ff9ba850000 - 0x00007ff9ba950000 	C:\WINDOWS\System32\ucrtbase.dll
0x00007ff9a23c0000 - 0x00007ff9a23d8000 	c:\Users\tomas\.vscode\extensions\redhat.java-1.54.0-win32-x64\jre\21.0.10-win32-x86_64\bin\jli.dll
0x00007ff98e200000 - 0x00007ff98e21e000 	c:\Users\tomas\.vscode\extensions\redhat.java-1.54.0-win32-x64\jre\21.0.10-win32-x86_64\bin\VCRUNTIME140.dll
0x00007ff9bb330000 - 0x00007ff9bb4d1000 	C:\WINDOWS\System32\USER32.dll
0x00007ff9a6900000 - 0x00007ff9a6b9b000 	C:\WINDOWS\WinSxS\amd64_microsoft.windows.common-controls_6595b64144ccf1df_6.0.19041.6456_none_60b8a6cb71f64256\COMCTL32.dll
0x00007ff9ba6f0000 - 0x00007ff9ba712000 	C:\WINDOWS\System32\win32u.dll
0x00007ff9bbba0000 - 0x00007ff9bbc3e000 	C:\WINDOWS\System32\msvcrt.dll
0x00007ff9bcbd0000 - 0x00007ff9bcbfb000 	C:\WINDOWS\System32\GDI32.dll
0x00007ff9ba950000 - 0x00007ff9baa69000 	C:\WINDOWS\System32\gdi32full.dll
0x00007ff9baa70000 - 0x00007ff9bab0d000 	C:\WINDOWS\System32\msvcp_win.dll
0x00007ff9bcba0000 - 0x00007ff9bcbcf000 	C:\WINDOWS\System32\IMM32.DLL
0x00007ff9ab9f0000 - 0x00007ff9ab9fc000 	c:\Users\tomas\.vscode\extensions\redhat.java-1.54.0-win32-x64\jre\21.0.10-win32-x86_64\bin\vcruntime140_1.dll
0x00007ff980ce0000 - 0x00007ff980d6d000 	c:\Users\tomas\.vscode\extensions\redhat.java-1.54.0-win32-x64\jre\21.0.10-win32-x86_64\bin\msvcp140.dll
0x00007ff9339b0000 - 0x00007ff934751000 	c:\Users\tomas\.vscode\extensions\redhat.java-1.54.0-win32-x64\jre\21.0.10-win32-x86_64\bin\server\jvm.dll
0x00007ff9bc930000 - 0x00007ff9bc9e1000 	C:\WINDOWS\System32\ADVAPI32.dll
0x00007ff9bbdc0000 - 0x00007ff9bbe5f000 	C:\WINDOWS\System32\sechost.dll
0x00007ff9bbc40000 - 0x00007ff9bbd60000 	C:\WINDOWS\System32\RPCRT4.dll
0x00007ff9ba720000 - 0x00007ff9ba747000 	C:\WINDOWS\System32\bcrypt.dll
0x00007ff9bc140000 - 0x00007ff9bc1ab000 	C:\WINDOWS\System32\WS2_32.dll
0x00007ff9aee30000 - 0x00007ff9aee57000 	C:\WINDOWS\SYSTEM32\WINMM.dll
0x00007ff9b9b20000 - 0x00007ff9b9b6b000 	C:\WINDOWS\SYSTEM32\POWRPROF.dll
0x00007ff9b79c0000 - 0x00007ff9b79ca000 	C:\WINDOWS\SYSTEM32\VERSION.dll
0x00007ff9b99e0000 - 0x00007ff9b99f2000 	C:\WINDOWS\SYSTEM32\UMPDC.dll
0x00007ff9b8df0000 - 0x00007ff9b8e02000 	C:\WINDOWS\SYSTEM32\kernel.appcore.dll
0x00007ff9a93f0000 - 0x00007ff9a93fa000 	c:\Users\tomas\.vscode\extensions\redhat.java-1.54.0-win32-x64\jre\21.0.10-win32-x86_64\bin\jimage.dll
0x00007ff9b8990000 - 0x00007ff9b8b91000 	C:\WINDOWS\SYSTEM32\DBGHELP.DLL
0x00007ff9ac9a0000 - 0x00007ff9ac9d4000 	C:\WINDOWS\SYSTEM32\dbgcore.DLL
0x00007ff9ba5e0000 - 0x00007ff9ba662000 	C:\WINDOWS\System32\bcryptPrimitives.dll
0x00007ff9a8aa0000 - 0x00007ff9a8aaf000 	c:\Users\tomas\.vscode\extensions\redhat.java-1.54.0-win32-x64\jre\21.0.10-win32-x86_64\bin\instrument.dll
0x00007ff9860c0000 - 0x00007ff9860e0000 	c:\Users\tomas\.vscode\extensions\redhat.java-1.54.0-win32-x64\jre\21.0.10-win32-x86_64\bin\java.dll
0x00007ff9bc1c0000 - 0x00007ff9bc930000 	C:\WINDOWS\System32\SHELL32.dll
0x00007ff9b8120000 - 0x00007ff9b88c5000 	C:\WINDOWS\SYSTEM32\windows.storage.dll
0x00007ff9bafd0000 - 0x00007ff9bb324000 	C:\WINDOWS\System32\combase.dll
0x00007ff9ba010000 - 0x00007ff9ba03b000 	C:\WINDOWS\SYSTEM32\Wldp.dll
0x00007ff9bce40000 - 0x00007ff9bcf0d000 	C:\WINDOWS\System32\OLEAUT32.dll
0x00007ff9bb9b0000 - 0x00007ff9bba5d000 	C:\WINDOWS\System32\SHCORE.dll
0x00007ff9bbd60000 - 0x00007ff9bbdbb000 	C:\WINDOWS\System32\shlwapi.dll
0x00007ff9ba510000 - 0x00007ff9ba534000 	C:\WINDOWS\SYSTEM32\profapi.dll
0x00007ff984380000 - 0x00007ff984398000 	c:\Users\tomas\.vscode\extensions\redhat.java-1.54.0-win32-x64\jre\21.0.10-win32-x86_64\bin\zip.dll
0x00007ff9a86c0000 - 0x00007ff9a86d0000 	C:\Users\tomas\.vscode\extensions\redhat.java-1.54.0-win32-x64\jre\21.0.10-win32-x86_64\bin\net.dll
0x00007ff9b64a0000 - 0x00007ff9b65aa000 	C:\WINDOWS\SYSTEM32\WINHTTP.dll
0x00007ff9b9d70000 - 0x00007ff9b9dda000 	C:\WINDOWS\system32\mswsock.dll
0x00007ff984120000 - 0x00007ff984136000 	C:\Users\tomas\.vscode\extensions\redhat.java-1.54.0-win32-x64\jre\21.0.10-win32-x86_64\bin\nio.dll
0x00007ff9a8610000 - 0x00007ff9a8620000 	c:\Users\tomas\.vscode\extensions\redhat.java-1.54.0-win32-x64\jre\21.0.10-win32-x86_64\bin\verify.dll
0x00007ff9a5af0000 - 0x00007ff9a5b35000 	C:\Users\tomas\AppData\Roaming\Code\User\globalStorage\redhat.java\1.54.0\config_win\org.eclipse.equinox.launcher\org.eclipse.equinox.launcher.win32.win32.x86_64_1.3.0.v20260203-2149\eclipse_11919.dll
0x00007ff9bba60000 - 0x00007ff9bbb8b000 	C:\WINDOWS\System32\ole32.dll
0x00007ff9b4ae0000 - 0x00007ff9b4aea000 	C:\Users\tomas\.vscode\extensions\redhat.java-1.54.0-win32-x64\jre\21.0.10-win32-x86_64\bin\management.dll
0x00007ff9b4af0000 - 0x00007ff9b4afc000 	C:\Users\tomas\.vscode\extensions\redhat.java-1.54.0-win32-x64\jre\21.0.10-win32-x86_64\bin\management_ext.dll
0x00007ff9bc130000 - 0x00007ff9bc138000 	C:\WINDOWS\System32\PSAPI.DLL
0x00007ff9b9f60000 - 0x00007ff9b9f78000 	C:\WINDOWS\SYSTEM32\CRYPTSP.dll
0x00007ff9b9620000 - 0x00007ff9b9658000 	C:\WINDOWS\system32\rsaenh.dll
0x00007ff9ba4d0000 - 0x00007ff9ba4fe000 	C:\WINDOWS\SYSTEM32\USERENV.dll
0x00007ff9b9f80000 - 0x00007ff9b9f8c000 	C:\WINDOWS\SYSTEM32\CRYPTBASE.dll
0x00007ff9b9a00000 - 0x00007ff9b9a3b000 	C:\WINDOWS\SYSTEM32\IPHLPAPI.DLL
0x00007ff9bc1b0000 - 0x00007ff9bc1b8000 	C:\WINDOWS\System32\NSI.dll
0x00007ff9a5b40000 - 0x00007ff9a5b89000 	C:\Users\tomas\AppData\Local\Temp\jna-110543108\jna7672634631661861028.dll
0x00007ff9b5220000 - 0x00007ff9b5237000 	C:\WINDOWS\SYSTEM32\dhcpcsvc6.DLL
0x00007ff9b51c0000 - 0x00007ff9b51dd000 	C:\WINDOWS\SYSTEM32\dhcpcsvc.DLL
0x00007ff9b4b10000 - 0x00007ff9b4b1e000 	C:\Users\tomas\.vscode\extensions\redhat.java-1.54.0-win32-x64\jre\21.0.10-win32-x86_64\bin\sunmscapi.dll
0x00007ff9bae10000 - 0x00007ff9baf6d000 	C:\WINDOWS\System32\CRYPT32.dll
0x00007ff9ba080000 - 0x00007ff9ba0a7000 	C:\WINDOWS\SYSTEM32\ncrypt.dll
0x00007ff9ba040000 - 0x00007ff9ba07b000 	C:\WINDOWS\SYSTEM32\NTASN1.dll
0x00007ff9b9a50000 - 0x00007ff9b9b1a000 	C:\WINDOWS\SYSTEM32\DNSAPI.dll
0x00007ff9b51b0000 - 0x00007ff9b51ba000 	C:\Windows\System32\rasadhlp.dll
0x00007ff9b4c30000 - 0x00007ff9b4cb0000 	C:\WINDOWS\System32\fwpuclnt.dll
0x00007ff9b4b00000 - 0x00007ff9b4b09000 	C:\Users\tomas\.vscode\extensions\redhat.java-1.54.0-win32-x64\jre\21.0.10-win32-x86_64\bin\extnet.dll

JVMTI agents:
c:\Users\tomas\.vscode\extensions\redhat.java-1.54.0-win32-x64\lombok\lombok-1.18.39-4050.jar path:c:\Users\tomas\.vscode\extensions\redhat.java-1.54.0-win32-x64\jre\21.0.10-win32-x86_64\bin\instrument.dll, loaded, initialized, instrumentlib options:none

dbghelp: loaded successfully - version: 4.0.5 - missing functions: none
symbol engine: initialized successfully - sym options: 0x614 - pdb path: .;c:\Users\tomas\.vscode\extensions\redhat.java-1.54.0-win32-x64\jre\21.0.10-win32-x86_64\bin;C:\WINDOWS\SYSTEM32;C:\WINDOWS\WinSxS\amd64_microsoft.windows.common-controls_6595b64144ccf1df_6.0.19041.6456_none_60b8a6cb71f64256;c:\Users\tomas\.vscode\extensions\redhat.java-1.54.0-win32-x64\jre\21.0.10-win32-x86_64\bin\server;C:\Users\tomas\AppData\Roaming\Code\User\globalStorage\redhat.java\1.54.0\config_win\org.eclipse.equinox.launcher\org.eclipse.equinox.launcher.win32.win32.x86_64_1.3.0.v20260203-2149;C:\Users\tomas\AppData\Local\Temp\jna-110543108

VM Arguments:
jvm_args: --add-modules=ALL-SYSTEM --add-opens=java.base/java.util=ALL-UNNAMED --add-opens=java.base/java.lang=ALL-UNNAMED --add-opens=java.base/sun.nio.fs=ALL-UNNAMED -Declipse.application=org.eclipse.jdt.ls.core.id1 -Dosgi.bundles.defaultStartLevel=4 -Declipse.product=org.eclipse.jdt.ls.core.product -Djava.import.generatesMetadataFilesAtProjectRoot=false -DDetectVMInstallationsJob.disabled=true -Dfile.encoding=utf8 -XX:+UseParallelGC -XX:GCTimeRatio=4 -XX:AdaptiveSizePolicyWeight=90 -Dsun.zip.disableMemoryMapping=true -Xmx2G -Xms100m -Xlog:disable -javaagent:c:\Users\tomas\.vscode\extensions\redhat.java-1.54.0-win32-x64\lombok\lombok-1.18.39-4050.jar -XX:+HeapDumpOnOutOfMemoryError -XX:HeapDumpPath=c:\Users\tomas\AppData\Roaming\Code\User\workspaceStorage\6dca084a7baa9a2231522e8618e1a97d\redhat.java -Daether.dependencyCollector.impl=bf 
java_command: c:\Users\tomas\.vscode\extensions\redhat.java-1.54.0-win32-x64\server\plugins\org.eclipse.equinox.launcher_1.7.100.v20251111-0406.jar -configuration c:\Users\tomas\AppData\Roaming\Code\User\globalStorage\redhat.java\1.54.0\config_win -data c:\Users\tomas\AppData\Roaming\Code\User\workspaceStorage\6dca084a7baa9a2231522e8618e1a97d\redhat.java\jdt_ws --pipe=\\.\pipe\lsp-d28a387bb7a9d38634299567cc875a57-sock
java_class_path (initial): c:\Users\tomas\.vscode\extensions\redhat.java-1.54.0-win32-x64\server\plugins\org.eclipse.equinox.launcher_1.7.100.v20251111-0406.jar
Launcher Type: SUN_STANDARD

[Global flags]
    uintx AdaptiveSizePolicyWeight                 = 90                                        {product} {command line}
     intx CICompilerCount                          = 12                                        {product} {ergonomic}
    uintx GCTimeRatio                              = 4                                         {product} {command line}
     bool HeapDumpOnOutOfMemoryError               = true                                   {manageable} {command line}
    ccstr HeapDumpPath                             = c:\Users\tomas\AppData\Roaming\Code\User\workspaceStorage\6dca084a7baa9a2231522e8618e1a97d\redhat.java         {manageable} {command line}
   size_t InitialHeapSize                          = 104857600                                 {product} {command line}
   size_t MaxHeapSize                              = 2147483648                                {product} {command line}
   size_t MaxNewSize                               = 715653120                                 {product} {ergonomic}
   size_t MinHeapDeltaBytes                        = 524288                                    {product} {ergonomic}
   size_t MinHeapSize                              = 104857600                                 {product} {command line}
   size_t NewSize                                  = 34603008                                  {product} {ergonomic}
    uintx NonNMethodCodeHeapSize                   = 7602480                                {pd product} {ergonomic}
    uintx NonProfiledCodeHeapSize                  = 122027880                              {pd product} {ergonomic}
   size_t OldSize                                  = 70254592                                  {product} {ergonomic}
    uintx ProfiledCodeHeapSize                     = 122027880                              {pd product} {ergonomic}
    uintx ReservedCodeCacheSize                    = 251658240                              {pd product} {ergonomic}
     bool SegmentedCodeCache                       = true                                      {product} {ergonomic}
   size_t SoftMaxHeapSize                          = 2147483648                             {manageable} {ergonomic}
     bool UseCompressedOops                        = true                           {product lp64_product} {ergonomic}
     bool UseLargePagesIndividualAllocation        = false                                  {pd product} {ergonomic}
     bool UseParallelGC                            = true                                      {product} {command line}

Logging:
Log output configuration:
 #0: stdout all=off uptime,level,tags foldmultilines=false
 #1: stderr all=off uptime,level,tags foldmultilines=false

Release file:
JAVA_VERSION="21.0.10" 
MODULES="java.base java.compiler java.datatransfer java.xml java.prefs java.desktop java.instrument java.logging java.management java.security.sasl java.naming java.rmi java.management.rmi java.net.http java.scripting java.security.jgss java.transaction.xa java.sql java.sql.rowset java.xml.crypto java.se java.smartcardio jdk.accessibility jdk.internal.jvmstat jdk.attach jdk.charsets jdk.internal.opt jdk.zipfs jdk.compiler jdk.crypto.ec jdk.crypto.cryptoki jdk.crypto.mscapi jdk.dynalink jdk.internal.ed jdk.editpad jdk.hotspot.agent jdk.httpserver jdk.internal.le jdk.internal.vm.ci jdk.internal.vm.compiler jdk.internal.vm.compiler.management jdk.jartool jdk.javadoc jdk.jcmd jdk.management jdk.management.agent jdk.jconsole jdk.jdeps jdk.jdwp.agent jdk.jdi jdk.jfr jdk.jshell jdk.jsobject jdk.jstatd jdk.localedata jdk.management.jfr jdk.naming.dns jdk.naming.rmi jdk.net jdk.nio.mapmode jdk.random jdk.sctp jdk.security.auth jdk.security.jgss jdk.unsupported jdk.unsupported.desktop jdk.xml.dom" 

Environment Variables:
PATH=C:\Users\tomas\AppData\Local\Programs\Microsoft VS Code;C:\app\tomas\product\21c\dbhomeXE\bin;C:\Program Files\Common Files\Oracle\Java\javapath;C:\Program Files (x86)\Common Files\Oracle\Java\java8path;C:\Program Files (x86)\Common Files\Oracle\Java\javapath;C:\Windows\system32;C:\Windows;C:\Windows\System32\Wbem;C:\Windows\System32\WindowsPowerShell\v1.0\;C:\Windows\System32\OpenSSH\;C:\Program Files (x86)\NVIDIA Corporation\PhysX\Common;C:\Program Files\NVIDIA Corporation\NVIDIA NvDLISR;C:\WINDOWS\system32;C:\WINDOWS;C:\WINDOWS\System32\Wbem;C:\WINDOWS\System32\WindowsPowerShell\v1.0\;C:\WINDOWS\System32\OpenSSH\;C:\Program Files\dotnet\;C:\Program Files\Java\jdk-21.0.11\bin;C:\Users\tomas\AppData\Local\Programs\Eclipse Adoptium\jdk-21.0.11.10-hotspot\bin;C:\Program Files\MySQL\MySQL Shell 8.0\bin\;C:\Users\tomas\AppData\Local\Microsoft\WindowsApps;C:\Users\tomas\AppData\Local\Programs\Microsoft VS Code\bin
USERNAME=tomas
OS=Windows_NT
PROCESSOR_IDENTIFIER=AMD64 Family 25 Model 80 Stepping 0, AuthenticAMD
TMP=C:\Users\tomas\AppData\Local\Temp
TEMP=C:\Users\tomas\AppData\Local\Temp




Periodic native trim disabled

---------------  S Y S T E M  ---------------

OS:
 Windows 10 , 64 bit Build 19041 (10.0.19041.5915)
OS uptime: 0 days 2:21 hours

CPU: total 16 (initial active 16) (16 cores per cpu, 2 threads per core) family 25 model 80 stepping 0 microcode 0x0, cx8, cmov, fxsr, ht, mmx, 3dnowpref, sse, sse2, sse3, ssse3, sse4a, sse4.1, sse4.2, popcnt, lzcnt, tsc, tscinvbit, avx, avx2, aes, erms, clmul, bmi1, bmi2, adx, sha, fma, vzeroupper, clflush, clflushopt, rdtscp, rdpid, fsrm, f16c, pku, cet_ss
Processor Information for the first 16 processors :
  Max Mhz: 3201, Current Mhz: 3201, Mhz Limit: 3201

Memory: 4k page, system-wide physical 7583M (151M free)
TotalPageFile size 31135M (AvailPageFile size 0M)
current process WorkingSet (physical memory assigned to process): 177M, peak: 511M
current process commit charge ("private bytes"): 1407M, peak: 1438M

vm_info: OpenJDK 64-Bit Server VM (21.0.10+7-LTS) for windows-amd64 JRE (21.0.10+7-LTS), built on 2026-01-20T00:00:00Z by "admin" with MS VC++ 17.12 (VS2022)

END.
