#
# There is insufficient memory for the Java Runtime Environment to continue.
# Native memory allocation (malloc) failed to allocate 1048576 bytes. Error detail: AllocateHeap
# Possible reasons:
#   The system is out of physical RAM or swap space
#   This process is running with CompressedOops enabled, and the Java Heap may be blocking the growth of the native heap
# Possible solutions:
#   Reduce memory load on the system
#   Increase physical memory or swap space
#   Check if swap backing store is full
#   Decrease Java heap size (-Xmx/-Xms)
#   Decrease number of Java threads
#   Decrease Java thread stack sizes (-Xss)
#   Set larger code cache with -XX:ReservedCodeCacheSize=
#   JVM is running with Unscaled Compressed Oops mode in which the Java heap is
#     placed in the first 4GB address space. The Java Heap base address is the
#     maximum limit for the native heap growth. Please use -XX:HeapBaseMinAddress
#     to set the Java Heap base and to place the Java Heap above 4GB virtual address.
# This output file may be truncated or incomplete.
#
#  Out of Memory Error (allocation.cpp:44), pid=20860, tid=9184
#
# JRE version: OpenJDK Runtime Environment Temurin-21.0.10+7 (21.0.10+7) (build 21.0.10+7-LTS)
# Java VM: OpenJDK 64-Bit Server VM Temurin-21.0.10+7 (21.0.10+7-LTS, mixed mode, sharing, tiered, compressed oops, compressed class ptrs, parallel gc, windows-amd64)
# No core dump will be written. Minidumps are not enabled by default on client versions of Windows
#

---------------  S U M M A R Y ------------

Command Line: --add-modules=ALL-SYSTEM --add-opens=java.base/java.util=ALL-UNNAMED --add-opens=java.base/java.lang=ALL-UNNAMED --add-opens=java.base/sun.nio.fs=ALL-UNNAMED -Declipse.application=org.eclipse.jdt.ls.core.id1 -Dosgi.bundles.defaultStartLevel=4 -Declipse.product=org.eclipse.jdt.ls.core.product -Djava.import.generatesMetadataFilesAtProjectRoot=false -DDetectVMInstallationsJob.disabled=true -Dfile.encoding=utf8 -XX:+UseParallelGC -XX:GCTimeRatio=4 -XX:AdaptiveSizePolicyWeight=90 -Dsun.zip.disableMemoryMapping=true -Xmx2G -Xms100m -Xlog:disable -javaagent:c:\Users\tomas\.vscode\extensions\redhat.java-1.54.0-win32-x64\lombok\lombok-1.18.39-4050.jar -XX:+HeapDumpOnOutOfMemoryError -XX:HeapDumpPath=c:\Users\tomas\AppData\Roaming\Code\User\workspaceStorage\e6c8481288284efe712dc47ac1b2c14a\redhat.java -Daether.dependencyCollector.impl=bf c:\Users\tomas\.vscode\extensions\redhat.java-1.54.0-win32-x64\server\plugins\org.eclipse.equinox.launcher_1.7.100.v20251111-0406.jar -configuration c:\Users\tomas\AppData\Roaming\Code\User\globalStorage\redhat.java\1.54.0\config_win -data c:\Users\tomas\AppData\Roaming\Code\User\workspaceStorage\e6c8481288284efe712dc47ac1b2c14a\redhat.java\jdt_ws --pipe=\\.\pipe\lsp-767fbaa07061407df8d93db9bc291dc9-sock

Host: AMD Ryzen 7 5800H with Radeon Graphics         , 16 cores, 7G,  Windows 10 , 64 bit Build 19041 (10.0.19041.5915)
Time: Tue May 19 03:15:14 2026 Hora est. Sudam廨ica Pac璗ico elapsed time: 7112.343900 seconds (0d 1h 58m 32s)

---------------  T H R E A D  ---------------

Current thread (0x00000236fa1f25d0):  JavaThread "Attach Listener" daemon [_thread_in_vm, id=9184, stack(0x000000e22c400000,0x000000e22c500000) (1024K)]

Stack: [0x000000e22c400000,0x000000e22c500000]
Native frames: (J=compiled Java code, j=interpreted, Vv=VM code, C=native code)
V  [jvm.dll+0x6d7a39]
V  [jvm.dll+0x8b4b26]
V  [jvm.dll+0x8b70de]
V  [jvm.dll+0x8b77c3]
V  [jvm.dll+0x284346]
V  [jvm.dll+0xc1277]
V  [jvm.dll+0x6d82e9]
V  [jvm.dll+0x1334a6]
V  [jvm.dll+0x3f857e]
V  [jvm.dll+0x85f59d]
V  [jvm.dll+0x6d626d]
C  [ucrtbase.dll+0x21bb2]
C  [KERNEL32.DLL+0x17374]
C  [ntdll.dll+0x4cc91]


---------------  P R O C E S S  ---------------

Threads class SMR info:
_java_thread_list=0x00000236fd58b5c0, length=46, elements={
0x00000236a0425c10, 0x00000236fa1ecb40, 0x00000236fa1ee090, 0x00000236fa1f1970,
0x00000236fa1f25d0, 0x00000236fa1f3230, 0x00000236fa1f5ca0, 0x00000236fa1faaf0,
0x00000236fb7c5ae0, 0x00000236fb9600f0, 0x00000236fbb03e20, 0x00000236fd13ff80,
0x00000236fbb344e0, 0x00000236fb8ce860, 0x00000236fb8cfef0, 0x00000236fd957570,
0x00000236fd4bdd70, 0x00000236fe53cf10, 0x00000236fe3456a0, 0x00000236fe3463c0,
0x00000236847fe420, 0x00000236847fbcc0, 0x00000236847feab0, 0x00000236847fafa0,
0x00000236847fa280, 0x00000236847ff140, 0x00000236847fb630, 0x00000236847fc9e0,
0x00000236847fc350, 0x00000236847ff7d0, 0x00000236847f9560, 0x00000236847f9bf0,
0x00000236847fd070, 0x00000236847fd700, 0x00000236847ffe60, 0x00000236847f8ed0,
0x00000236847fdd90, 0x00000236848004f0, 0x000002368441eb90, 0x000002368441f220,
0x00000236fcea5cb0, 0x00000236fcea76f0, 0x00000236fcea0760, 0x00000236fcea1b10,
0x00000236846af130, 0x00000236841359a0
}

Java Threads: ( => current thread )
  0x00000236a0425c10 JavaThread "main"                              [_thread_blocked, id=20628, stack(0x000000e22bd00000,0x000000e22be00000) (1024K)]
  0x00000236fa1ecb40 JavaThread "Reference Handler"          daemon [_thread_blocked, id=9784, stack(0x000000e22c100000,0x000000e22c200000) (1024K)]
  0x00000236fa1ee090 JavaThread "Finalizer"                  daemon [_thread_blocked, id=20240, stack(0x000000e22c200000,0x000000e22c300000) (1024K)]
  0x00000236fa1f1970 JavaThread "Signal Dispatcher"          daemon [_thread_blocked, id=5624, stack(0x000000e22c300000,0x000000e22c400000) (1024K)]
=>0x00000236fa1f25d0 JavaThread "Attach Listener"            daemon [_thread_in_vm, id=9184, stack(0x000000e22c400000,0x000000e22c500000) (1024K)]
  0x00000236fa1f3230 JavaThread "Service Thread"             daemon [_thread_blocked, id=14288, stack(0x000000e22c500000,0x000000e22c600000) (1024K)]
  0x00000236fa1f5ca0 JavaThread "Monitor Deflation Thread"   daemon [_thread_blocked, id=20052, stack(0x000000e22c600000,0x000000e22c700000) (1024K)]
  0x00000236fa1faaf0 JavaThread "C2 CompilerThread0"         daemon [_thread_blocked, id=4460, stack(0x000000e22c700000,0x000000e22c800000) (1024K)]
  0x00000236fb7c5ae0 JavaThread "C1 CompilerThread0"         daemon [_thread_blocked, id=11924, stack(0x000000e22c800000,0x000000e22c900000) (1024K)]
  0x00000236fb9600f0 JavaThread "Common-Cleaner"             daemon [_thread_blocked, id=15852, stack(0x000000e22c900000,0x000000e22ca00000) (1024K)]
  0x00000236fbb03e20 JavaThread "Notification Thread"        daemon [_thread_blocked, id=19828, stack(0x000000e22ca00000,0x000000e22cb00000) (1024K)]
  0x00000236fd13ff80 JavaThread "Active Thread: Equinox Container: 3549a7d8-700a-4e5c-aac7-d8cc7e168097"        [_thread_blocked, id=20648, stack(0x000000e22ce00000,0x000000e22cf00000) (1024K)]
  0x00000236fbb344e0 JavaThread "Refresh Thread: Equinox Container: 3549a7d8-700a-4e5c-aac7-d8cc7e168097" daemon [_thread_blocked, id=21688, stack(0x000000e22cb00000,0x000000e22cc00000) (1024K)]
  0x00000236fb8ce860 JavaThread "Framework Event Dispatcher: Equinox Container: 3549a7d8-700a-4e5c-aac7-d8cc7e168097" daemon [_thread_blocked, id=21788, stack(0x000000e22cc00000,0x000000e22cd00000) (1024K)]
  0x00000236fb8cfef0 JavaThread "Start Level: Equinox Container: 3549a7d8-700a-4e5c-aac7-d8cc7e168097" daemon [_thread_blocked, id=21792, stack(0x000000e22cd00000,0x000000e22ce00000) (1024K)]
  0x00000236fd957570 JavaThread "Bundle File Closer"         daemon [_thread_blocked, id=22268, stack(0x000000e22d900000,0x000000e22da00000) (1024K)]
  0x00000236fd4bdd70 JavaThread "SCR Component Actor"        daemon [_thread_blocked, id=23284, stack(0x000000e22da00000,0x000000e22db00000) (1024K)]
  0x00000236fe53cf10 JavaThread "Worker-JM"                         [_thread_blocked, id=23436, stack(0x000000e22dd00000,0x000000e22de00000) (1024K)]
  0x00000236fe3456a0 JavaThread "JNA Cleaner"                daemon [_thread_blocked, id=23504, stack(0x000000e22df00000,0x000000e22e000000) (1024K)]
  0x00000236fe3463c0 JavaThread "Java indexing"              daemon [_thread_blocked, id=20680, stack(0x000000e22e300000,0x000000e22e400000) (1024K)]
  0x00000236847fe420 JavaThread "Thread-1"                   daemon [_thread_in_native, id=12896, stack(0x000000e22e700000,0x000000e22e800000) (1024K)]
  0x00000236847fbcc0 JavaThread "Thread-2"                   daemon [_thread_in_native, id=14124, stack(0x000000e22e800000,0x000000e22e900000) (1024K)]
  0x00000236847feab0 JavaThread "Thread-3"                   daemon [_thread_in_native, id=16492, stack(0x000000e22e900000,0x000000e22ea00000) (1024K)]
  0x00000236847fafa0 JavaThread "Thread-4"                   daemon [_thread_in_native, id=16804, stack(0x000000e22ea00000,0x000000e22eb00000) (1024K)]
  0x00000236847fa280 JavaThread "Thread-5"                   daemon [_thread_in_native, id=16564, stack(0x000000e22eb00000,0x000000e22ec00000) (1024K)]
  0x00000236847ff140 JavaThread "Thread-6"                   daemon [_thread_in_native, id=7864, stack(0x000000e22ec00000,0x000000e22ed00000) (1024K)]
  0x00000236847fb630 JavaThread "Thread-7"                   daemon [_thread_in_native, id=14276, stack(0x000000e22ed00000,0x000000e22ee00000) (1024K)]
  0x00000236847fc9e0 JavaThread "Thread-8"                   daemon [_thread_in_native, id=22088, stack(0x000000e22ee00000,0x000000e22ef00000) (1024K)]
  0x00000236847fc350 JavaThread "Thread-9"                   daemon [_thread_in_native, id=9288, stack(0x000000e22ef00000,0x000000e22f000000) (1024K)]
  0x00000236847ff7d0 JavaThread "Thread-10"                  daemon [_thread_in_native, id=7536, stack(0x000000e22f000000,0x000000e22f100000) (1024K)]
  0x00000236847f9560 JavaThread "Thread-11"                  daemon [_thread_in_native, id=14552, stack(0x000000e22f100000,0x000000e22f200000) (1024K)]
  0x00000236847f9bf0 JavaThread "Thread-12"                  daemon [_thread_in_native, id=6856, stack(0x000000e22f200000,0x000000e22f300000) (1024K)]
  0x00000236847fd070 JavaThread "Thread-13"                  daemon [_thread_in_native, id=2528, stack(0x000000e22f300000,0x000000e22f400000) (1024K)]
  0x00000236847fd700 JavaThread "Thread-14"                  daemon [_thread_in_native, id=4324, stack(0x000000e22f400000,0x000000e22f500000) (1024K)]
  0x00000236847ffe60 JavaThread "Thread-15"                  daemon [_thread_in_native, id=17240, stack(0x000000e22f500000,0x000000e22f600000) (1024K)]
  0x00000236847f8ed0 JavaThread "Thread-16"                  daemon [_thread_in_native, id=4076, stack(0x000000e22f600000,0x000000e22f700000) (1024K)]
  0x00000236847fdd90 JavaThread "Thread-17"                  daemon [_thread_in_native, id=9424, stack(0x000000e22f700000,0x000000e22f800000) (1024K)]
  0x00000236848004f0 JavaThread "pool-2-thread-1"                   [_thread_blocked, id=3176, stack(0x000000e22f800000,0x000000e22f900000) (1024K)]
  0x000002368441eb90 JavaThread "WorkspaceEventsHandler"            [_thread_blocked, id=17776, stack(0x000000e22f900000,0x000000e22fa00000) (1024K)]
  0x000002368441f220 JavaThread "pool-1-thread-1"                   [_thread_blocked, id=17768, stack(0x000000e22fa00000,0x000000e22fb00000) (1024K)]
  0x00000236fcea5cb0 JavaThread "Cleaner-0"                  daemon [_thread_blocked, id=25240, stack(0x000000e233300000,0x000000e233400000) (1024K)]
  0x00000236fcea76f0 JavaThread "Java Debug Server"          daemon [_thread_in_native, id=26116, stack(0x000000e22fc00000,0x000000e22fd00000) (1024K)]
  0x00000236fcea0760 JavaThread "RxSchedulerPurge-1"         daemon [_thread_blocked, id=25092, stack(0x000000e22fb00000,0x000000e22fc00000) (1024K)]
  0x00000236fcea1b10 JavaThread "RxCachedWorkerPoolEvictor-1" daemon [_thread_blocked, id=26496, stack(0x000000e22ff00000,0x000000e230000000) (1024K)]
  0x00000236846af130 JavaThread "Worker-26"                         [_thread_blocked, id=11872, stack(0x000000e230f00000,0x000000e231000000) (1024K)]
  0x00000236841359a0 JavaThread "Worker-34"                         [_thread_blocked, id=14024, stack(0x000000e22ba00000,0x000000e22bb00000) (1024K)]
Total: 46

Other Threads:
  0x00000236fa1e48a0 VMThread "VM Thread"                           [id=3360, stack(0x000000e22c000000,0x000000e22c100000) (1024K)]
  0x00000236fa0dc7e0 WatcherThread "VM Periodic Task Thread"        [id=9616, stack(0x000000e22bf00000,0x000000e22c000000) (1024K)]
  0x00000236a268d5a0 WorkerThread "GC Thread#0"                     [id=20716, stack(0x000000e22be00000,0x000000e22bf00000) (1024K)]
  0x00000236fd001530 WorkerThread "GC Thread#1"                     [id=19704, stack(0x000000e22cf00000,0x000000e22d000000) (1024K)]
  0x00000236fd102460 WorkerThread "GC Thread#2"                     [id=3340, stack(0x000000e22d000000,0x000000e22d100000) (1024K)]
  0x00000236fcfff8f0 WorkerThread "GC Thread#3"                     [id=20608, stack(0x000000e22d100000,0x000000e22d200000) (1024K)]
  0x00000236fd120b40 WorkerThread "GC Thread#4"                     [id=3264, stack(0x000000e22d200000,0x000000e22d300000) (1024K)]
  0x00000236fd121b10 WorkerThread "GC Thread#5"                     [id=20220, stack(0x000000e22d300000,0x000000e22d400000) (1024K)]
  0x00000236fd1226d0 WorkerThread "GC Thread#6"                     [id=19680, stack(0x000000e22d400000,0x000000e22d500000) (1024K)]
  0x00000236fd1b85a0 WorkerThread "GC Thread#7"                     [id=12760, stack(0x000000e22d500000,0x000000e22d600000) (1024K)]
  0x00000236fcfd44c0 WorkerThread "GC Thread#8"                     [id=22188, stack(0x000000e22d600000,0x000000e22d700000) (1024K)]
  0x00000236fd51ae70 WorkerThread "GC Thread#9"                     [id=22192, stack(0x000000e22d700000,0x000000e22d800000) (1024K)]
  0x00000236fd9da2b0 WorkerThread "GC Thread#10"                    [id=22196, stack(0x000000e22d800000,0x000000e22d900000) (1024K)]
  0x00000236fd4b7ce0 WorkerThread "GC Thread#11"                    [id=23268, stack(0x000000e22bb00000,0x000000e22bc00000) (1024K)]
  0x00000236fd4b71d0 WorkerThread "GC Thread#12"                    [id=23448, stack(0x000000e22de00000,0x000000e22df00000) (1024K)]
Total: 15

Threads with active compile tasks:
Total: 0

VM state: not at safepoint (normal execution)

VM Mutex/Monitor currently owned by a thread: None

Heap address: 0x0000000080000000, size: 2048 MB, Compressed Oops mode: 32-bit

CDS archive(s) mapped at: [0x00000236b9000000-0x00000236b9ba0000-0x00000236b9ba0000), size 12189696, SharedBaseAddress: 0x00000236b9000000, ArchiveRelocationMode: 1.
Compressed class space mapped at: 0x00000236ba000000-0x00000236fa000000, reserved size: 1073741824
Narrow klass base: 0x00000236b9000000, Narrow klass shift: 0, Narrow klass range: 0x100000000

GC Precious Log:
 CardTable entry size: 512
 CPUs: 16 total, 16 available
 Memory: 7583M
 Large Page Support: Disabled
 NUMA Support: Disabled
 Compressed Oops: Enabled (32-bit)
 Alignments: Space 512K, Generation 512K, Heap 2M
 Heap Min Capacity: 100M
 Heap Initial Capacity: 100M
 Heap Max Capacity: 2G
 Pre-touch: Disabled
 Parallel Workers: 13

Heap:
 PSYoungGen      total 7168K, used 1795K [0x00000000d5580000, 0x00000000d5f00000, 0x0000000100000000)
  eden space 6144K, 17% used [0x00000000d5580000,0x00000000d5688e58,0x00000000d5b80000)
  from space 1024K, 71% used [0x00000000d5d00000,0x00000000d5db8000,0x00000000d5e00000)
  to   space 1024K, 0% used [0x00000000d5e00000,0x00000000d5e00000,0x00000000d5f00000)
 ParOldGen       total 922624K, used 571534K [0x0000000080000000, 0x00000000b8500000, 0x00000000d5580000)
  object space 922624K, 61% used [0x0000000080000000,0x00000000a2e239c8,0x00000000b8500000)
 Metaspace       used 99878K, committed 101760K, reserved 1179648K
  class space    used 10230K, committed 11072K, reserved 1048576K

Card table byte_map: [0x00000236a2020000,0x00000236a2430000] _byte_map_base: 0x00000236a1c20000

Marking Bits: (ParMarkBitMap*) 0x00007ff934673450
 Begin Bits: [0x00000236b4b30000, 0x00000236b6b30000)
 End Bits:   [0x00000236b6b30000, 0x00000236b8b30000)

Polling page: 0x00000236a03c0000

Metaspace:

Usage:
  Non-class:     87.55 MB used.
      Class:      9.99 MB used.
       Both:     97.54 MB used.

Virtual space:
  Non-class space:      128.00 MB reserved,      88.56 MB ( 69%) committed,  2 nodes.
      Class space:        1.00 GB reserved,      10.81 MB (  1%) committed,  1 nodes.
             Both:        1.12 GB reserved,      99.38 MB (  9%) committed. 

Chunk freelists:
   Non-Class:  7.41 MB
       Class:  5.15 MB
        Both:  12.56 MB

MaxMetaspaceSize: unlimited
CompressedClassSpaceSize: 1.00 GB
Initial GC threshold: 21.00 MB
Current GC threshold: 161.56 MB
CDS: on
 - commit_granule_bytes: 65536.
 - commit_granule_words: 8192.
 - virtual_space_node_default_size: 8388608.
 - enlarge_chunks_in_place: 1.
 - use_allocation_guard: 0.


Internal statistics:

num_allocs_failed_limit: 9.
num_arena_births: 1960.
num_arena_deaths: 326.
num_vsnodes_births: 3.
num_vsnodes_deaths: 0.
num_space_committed: 1596.
num_space_uncommitted: 4.
num_chunks_returned_to_freelist: 424.
num_chunks_taken_from_freelist: 7174.
num_chunk_merges: 103.
num_chunk_splits: 4118.
num_chunks_enlarged: 2191.
num_inconsistent_stats: 0.

CodeHeap 'non-profiled nmethods': size=119168Kb used=21295Kb max_used=21295Kb free=97872Kb
 bounds [0x00000236ad420000, 0x00000236ae8f0000, 0x00000236b4880000]
CodeHeap 'profiled nmethods': size=119104Kb used=52960Kb max_used=56216Kb free=66144Kb
 bounds [0x00000236a5880000, 0x00000236a8f70000, 0x00000236accd0000]
CodeHeap 'non-nmethods': size=7488Kb used=1542Kb max_used=3252Kb free=5945Kb
 bounds [0x00000236accd0000, 0x00000236ad040000, 0x00000236ad420000]
CodeCache: size=245760Kb, used=75797Kb, max_used=80763Kb, free=169961Kb
 total_blobs=21804, nmethods=20931, adapters=771, full_count=0
Compilation: enabled, stopped_count=0, restarted_count=0

Compilation events (20 events):
Event: 6375.281 Thread 0x00000236fb7c5ae0 nmethod 25538 0x00000236a723ab90 code [0x00000236a723ae20, 0x00000236a723b838]
Event: 6375.281 Thread 0x00000236fb7c5ae0 25539       3       com.sun.org.apache.xml.internal.serializer.SerializerBase::getLocalName (23 bytes)
Event: 6375.282 Thread 0x00000236fb7c5ae0 nmethod 25539 0x00000236a72ebc10 code [0x00000236a72ebe40, 0x00000236a72ec4a0]
Event: 6375.282 Thread 0x00000236fb7c5ae0 25540       3       com.sun.org.apache.xml.internal.serializer.SerializerBase::getNamespaceURI (109 bytes)
Event: 6375.282 Thread 0x00000236fa1faaf0 nmethod 25544 0x00000236ae8eb710 code [0x00000236ae8eb8a0, 0x00000236ae8eb928]
Event: 6375.287 Thread 0x00000236fb7c5ae0 nmethod 25540 0x00000236a5e32390 code [0x00000236a5e32640, 0x00000236a5e33170]
Event: 6375.287 Thread 0x00000236fb7c5ae0 25541       3       com.sun.org.apache.xml.internal.serializer.ToStream::addAttributeAlways (41 bytes)
Event: 6375.291 Thread 0x00000236fb7c5ae0 nmethod 25541 0x00000236a72eb390 code [0x00000236a72eb580, 0x00000236a72eb9a8]
Event: 6375.291 Thread 0x00000236fb7c5ae0 25542   !   3       com.sun.org.apache.xml.internal.serializer.ToStream::doAddAttributeAlways (322 bytes)
Event: 6375.318 Thread 0x00000236fb7c5ae0 nmethod 25542 0x00000236a6ba2190 code [0x00000236a6ba25c0, 0x00000236a6ba4738]
Event: 6375.318 Thread 0x00000236fb7c5ae0 25543       3       com.sun.org.apache.xml.internal.serializer.AttributesImplSerializer::getIndex (47 bytes)
Event: 6375.321 Thread 0x00000236fb7c5ae0 nmethod 25543 0x00000236a740f110 code [0x00000236a740f300, 0x00000236a740f6f8]
Event: 6684.024 Thread 0x00000236fb7c5ae0 25545       3       java.util.logging.Logger::getLogger (8 bytes)
Event: 6684.049 Thread 0x00000236fb7c5ae0 nmethod 25545 0x00000236a7b57c10 code [0x00000236a7b57de0, 0x00000236a7b57fa0]
Event: 6684.049 Thread 0x00000236fb7c5ae0 25546       3       java.util.logging.Logger::getLogger (7 bytes)
Event: 6684.050 Thread 0x00000236fb7c5ae0 nmethod 25546 0x00000236a5e32010 code [0x00000236a5e321c0, 0x00000236a5e322e8]
Event: 6684.050 Thread 0x00000236fb7c5ae0 25547       3       java.util.logging.Logger::demandLogger (36 bytes)
Event: 6684.059 Thread 0x00000236fb7c5ae0 nmethod 25547 0x00000236a6625290 code [0x00000236a6625520, 0x00000236a6625fd0]
Event: 7092.786 Thread 0x00000236fa1faaf0 25548   !   4       java.util.concurrent.locks.LockSupport::parkNanos (56 bytes)
Event: 7092.801 Thread 0x00000236fa1faaf0 nmethod 25548 0x00000236ae8eba10 code [0x00000236ae8ebbc0, 0x00000236ae8ebd38]

GC Heap History (20 events):
Event: 6075.052 GC heap before
{Heap before GC invocations=1759 (full 5):
 PSYoungGen      total 15872K, used 15488K [0x00000000d5580000, 0x00000000d6680000, 0x0000000100000000)
  eden space 14848K, 100% used [0x00000000d5580000,0x00000000d6400000,0x00000000d6400000)
  from space 1024K, 62% used [0x00000000d6400000,0x00000000d64a0000,0x00000000d6500000)
  to   space 1024K, 0% used [0x00000000d6580000,0x00000000d6580000,0x00000000d6680000)
 ParOldGen       total 922624K, used 525544K [0x0000000080000000, 0x00000000b8500000, 0x00000000d5580000)
  object space 922624K, 56% used [0x0000000080000000,0x00000000a013a200,0x00000000b8500000)
 Metaspace       used 99831K, committed 101696K, reserved 1179648K
  class space    used 10230K, committed 11072K, reserved 1048576K
}
Event: 6075.057 GC heap after
{Heap after GC invocations=1759 (full 5):
 PSYoungGen      total 10752K, used 1008K [0x00000000d5580000, 0x00000000d7100000, 0x0000000100000000)
  eden space 9728K, 0% used [0x00000000d5580000,0x00000000d5580000,0x00000000d5f00000)
  from space 1024K, 98% used [0x00000000d6580000,0x00000000d667c1b8,0x00000000d6680000)
  to   space 6656K, 0% used [0x00000000d5f00000,0x00000000d5f00000,0x00000000d6580000)
 ParOldGen       total 922624K, used 530139K [0x0000000080000000, 0x00000000b8500000, 0x00000000d5580000)
  object space 922624K, 57% used [0x0000000080000000,0x00000000a05b6cc8,0x00000000b8500000)
 Metaspace       used 99831K, committed 101696K, reserved 1179648K
  class space    used 10230K, committed 11072K, reserved 1048576K
}
Event: 6075.118 GC heap before
{Heap before GC invocations=1760 (full 5):
 PSYoungGen      total 10752K, used 10736K [0x00000000d5580000, 0x00000000d7100000, 0x0000000100000000)
  eden space 9728K, 100% used [0x00000000d5580000,0x00000000d5f00000,0x00000000d5f00000)
  from space 1024K, 98% used [0x00000000d6580000,0x00000000d667c1b8,0x00000000d6680000)
  to   space 6656K, 0% used [0x00000000d5f00000,0x00000000d5f00000,0x00000000d6580000)
 ParOldGen       total 922624K, used 530139K [0x0000000080000000, 0x00000000b8500000, 0x00000000d5580000)
  object space 922624K, 57% used [0x0000000080000000,0x00000000a05b6cc8,0x00000000b8500000)
 Metaspace       used 99832K, committed 101696K, reserved 1179648K
  class space    used 10230K, committed 11072K, reserved 1048576K
}
Event: 6075.122 GC heap after
{Heap after GC invocations=1760 (full 5):
 PSYoungGen      total 12800K, used 2794K [0x00000000d5580000, 0x00000000d6700000, 0x0000000100000000)
  eden space 9728K, 0% used [0x00000000d5580000,0x00000000d5580000,0x00000000d5f00000)
  from space 3072K, 90% used [0x00000000d5f00000,0x00000000d61ba910,0x00000000d6200000)
  to   space 4096K, 0% used [0x00000000d6300000,0x00000000d6300000,0x00000000d6700000)
 ParOldGen       total 922624K, used 530555K [0x0000000080000000, 0x00000000b8500000, 0x00000000d5580000)
  object space 922624K, 57% used [0x0000000080000000,0x00000000a061ece8,0x00000000b8500000)
 Metaspace       used 99832K, committed 101696K, reserved 1179648K
  class space    used 10230K, committed 11072K, reserved 1048576K
}
Event: 6075.203 GC heap before
{Heap before GC invocations=1761 (full 5):
 PSYoungGen      total 12800K, used 12522K [0x00000000d5580000, 0x00000000d6700000, 0x0000000100000000)
  eden space 9728K, 100% used [0x00000000d5580000,0x00000000d5f00000,0x00000000d5f00000)
  from space 3072K, 90% used [0x00000000d5f00000,0x00000000d61ba910,0x00000000d6200000)
  to   space 4096K, 0% used [0x00000000d6300000,0x00000000d6300000,0x00000000d6700000)
 ParOldGen       total 922624K, used 530555K [0x0000000080000000, 0x00000000b8500000, 0x00000000d5580000)
  object space 922624K, 57% used [0x0000000080000000,0x00000000a061ece8,0x00000000b8500000)
 Metaspace       used 99833K, committed 101696K, reserved 1179648K
  class space    used 10230K, committed 11072K, reserved 1048576K
}
Event: 6075.209 GC heap after
{Heap after GC invocations=1761 (full 5):
 PSYoungGen      total 10240K, used 4096K [0x00000000d5580000, 0x00000000d6e00000, 0x0000000100000000)
  eden space 6144K, 0% used [0x00000000d5580000,0x00000000d5580000,0x00000000d5b80000)
  from space 4096K, 100% used [0x00000000d6300000,0x00000000d6700000,0x00000000d6700000)
  to   space 7680K, 0% used [0x00000000d5b80000,0x00000000d5b80000,0x00000000d6300000)
 ParOldGen       total 922624K, used 533171K [0x0000000080000000, 0x00000000b8500000, 0x00000000d5580000)
  object space 922624K, 57% used [0x0000000080000000,0x00000000a08acce8,0x00000000b8500000)
 Metaspace       used 99833K, committed 101696K, reserved 1179648K
  class space    used 10230K, committed 11072K, reserved 1048576K
}
Event: 6075.340 GC heap before
{Heap before GC invocations=1762 (full 5):
 PSYoungGen      total 10240K, used 10230K [0x00000000d5580000, 0x00000000d6e00000, 0x0000000100000000)
  eden space 6144K, 99% used [0x00000000d5580000,0x00000000d5b7da70,0x00000000d5b80000)
  from space 4096K, 100% used [0x00000000d6300000,0x00000000d6700000,0x00000000d6700000)
  to   space 7680K, 0% used [0x00000000d5b80000,0x00000000d5b80000,0x00000000d6300000)
 ParOldGen       total 922624K, used 533171K [0x0000000080000000, 0x00000000b8500000, 0x00000000d5580000)
  object space 922624K, 57% used [0x0000000080000000,0x00000000a08acce8,0x00000000b8500000)
 Metaspace       used 99833K, committed 101696K, reserved 1179648K
  class space    used 10230K, committed 11072K, reserved 1048576K
}
Event: 6075.351 GC heap after
{Heap after GC invocations=1762 (full 5):
 PSYoungGen      total 10240K, used 3643K [0x00000000d5580000, 0x00000000d6580000, 0x0000000100000000)
  eden space 6144K, 0% used [0x00000000d5580000,0x00000000d5580000,0x00000000d5b80000)
  from space 4096K, 88% used [0x00000000d5b80000,0x00000000d5f0eeb8,0x00000000d5f80000)
  to   space 5120K, 0% used [0x00000000d6080000,0x00000000d6080000,0x00000000d6580000)
 ParOldGen       total 922624K, used 537317K [0x0000000080000000, 0x00000000b8500000, 0x00000000d5580000)
  object space 922624K, 58% used [0x0000000080000000,0x00000000a0cb95f8,0x00000000b8500000)
 Metaspace       used 99833K, committed 101696K, reserved 1179648K
  class space    used 10230K, committed 11072K, reserved 1048576K
}
Event: 6075.822 GC heap before
{Heap before GC invocations=1763 (full 5):
 PSYoungGen      total 10240K, used 9787K [0x00000000d5580000, 0x00000000d6580000, 0x0000000100000000)
  eden space 6144K, 99% used [0x00000000d5580000,0x00000000d5b7ffa8,0x00000000d5b80000)
  from space 4096K, 88% used [0x00000000d5b80000,0x00000000d5f0eeb8,0x00000000d5f80000)
  to   space 5120K, 0% used [0x00000000d6080000,0x00000000d6080000,0x00000000d6580000)
 ParOldGen       total 922624K, used 568037K [0x0000000080000000, 0x00000000b8500000, 0x00000000d5580000)
  object space 922624K, 61% used [0x0000000080000000,0x00000000a2ab9628,0x00000000b8500000)
 Metaspace       used 99859K, committed 101760K, reserved 1179648K
  class space    used 10230K, committed 11072K, reserved 1048576K
}
Event: 6075.824 GC heap after
{Heap after GC invocations=1763 (full 5):
 PSYoungGen      total 7168K, used 536K [0x00000000d5580000, 0x00000000d6180000, 0x0000000100000000)
  eden space 6144K, 0% used [0x00000000d5580000,0x00000000d5580000,0x00000000d5b80000)
  from space 1024K, 52% used [0x00000000d6080000,0x00000000d6106260,0x00000000d6180000)
  to   space 2048K, 0% used [0x00000000d5d80000,0x00000000d5d80000,0x00000000d5f80000)
 ParOldGen       total 922624K, used 568357K [0x0000000080000000, 0x00000000b8500000, 0x00000000d5580000)
  object space 922624K, 61% used [0x0000000080000000,0x00000000a2b09678,0x00000000b8500000)
 Metaspace       used 99859K, committed 101760K, reserved 1179648K
  class space    used 10230K, committed 11072K, reserved 1048576K
}
Event: 6075.835 GC heap before
{Heap before GC invocations=1764 (full 5):
 PSYoungGen      total 7168K, used 6680K [0x00000000d5580000, 0x00000000d6180000, 0x0000000100000000)
  eden space 6144K, 100% used [0x00000000d5580000,0x00000000d5b80000,0x00000000d5b80000)
  from space 1024K, 52% used [0x00000000d6080000,0x00000000d6106260,0x00000000d6180000)
  to   space 2048K, 0% used [0x00000000d5d80000,0x00000000d5d80000,0x00000000d5f80000)
 ParOldGen       total 922624K, used 568357K [0x0000000080000000, 0x00000000b8500000, 0x00000000d5580000)
  object space 922624K, 61% used [0x0000000080000000,0x00000000a2b09678,0x00000000b8500000)
 Metaspace       used 99859K, committed 101760K, reserved 1179648K
  class space    used 10230K, committed 11072K, reserved 1048576K
}
Event: 6075.838 GC heap after
{Heap after GC invocations=1764 (full 5):
 PSYoungGen      total 8192K, used 2035K [0x00000000d5580000, 0x00000000d6380000, 0x0000000100000000)
  eden space 6144K, 0% used [0x00000000d5580000,0x00000000d5580000,0x00000000d5b80000)
  from space 2048K, 99% used [0x00000000d5d80000,0x00000000d5f7ce60,0x00000000d5f80000)
  to   space 4096K, 0% used [0x00000000d5f80000,0x00000000d5f80000,0x00000000d6380000)
 ParOldGen       total 922624K, used 569453K [0x0000000080000000, 0x00000000b8500000, 0x00000000d5580000)
  object space 922624K, 61% used [0x0000000080000000,0x00000000a2c1b6a8,0x00000000b8500000)
 Metaspace       used 99859K, committed 101760K, reserved 1179648K
  class space    used 10230K, committed 11072K, reserved 1048576K
}
Event: 6076.017 GC heap before
{Heap before GC invocations=1765 (full 5):
 PSYoungGen      total 8192K, used 8179K [0x00000000d5580000, 0x00000000d6380000, 0x0000000100000000)
  eden space 6144K, 99% used [0x00000000d5580000,0x00000000d5b7fff0,0x00000000d5b80000)
  from space 2048K, 99% used [0x00000000d5d80000,0x00000000d5f7ce60,0x00000000d5f80000)
  to   space 4096K, 0% used [0x00000000d5f80000,0x00000000d5f80000,0x00000000d6380000)
 ParOldGen       total 922624K, used 569453K [0x0000000080000000, 0x00000000b8500000, 0x00000000d5580000)
  object space 922624K, 61% used [0x0000000080000000,0x00000000a2c1b6a8,0x00000000b8500000)
 Metaspace       used 99860K, committed 101760K, reserved 1179648K
  class space    used 10230K, committed 11072K, reserved 1048576K
}
Event: 6076.025 GC heap after
{Heap after GC invocations=1765 (full 5):
 PSYoungGen      total 6656K, used 464K [0x00000000d5580000, 0x00000000d6000000, 0x0000000100000000)
  eden space 6144K, 0% used [0x00000000d5580000,0x00000000d5580000,0x00000000d5b80000)
  from space 512K, 90% used [0x00000000d5f80000,0x00000000d5ff4010,0x00000000d6000000)
  to   space 1536K, 0% used [0x00000000d5d00000,0x00000000d5d00000,0x00000000d5e80000)
 ParOldGen       total 922624K, used 569541K [0x0000000080000000, 0x00000000b8500000, 0x00000000d5580000)
  object space 922624K, 61% used [0x0000000080000000,0x00000000a2c316a8,0x00000000b8500000)
 Metaspace       used 99860K, committed 101760K, reserved 1179648K
  class space    used 10230K, committed 11072K, reserved 1048576K
}
Event: 6076.041 GC heap before
{Heap before GC invocations=1766 (full 5):
 PSYoungGen      total 6656K, used 6608K [0x00000000d5580000, 0x00000000d6000000, 0x0000000100000000)
  eden space 6144K, 100% used [0x00000000d5580000,0x00000000d5b80000,0x00000000d5b80000)
  from space 512K, 90% used [0x00000000d5f80000,0x00000000d5ff4010,0x00000000d6000000)
  to   space 1536K, 0% used [0x00000000d5d00000,0x00000000d5d00000,0x00000000d5e80000)
 ParOldGen       total 922624K, used 569541K [0x0000000080000000, 0x00000000b8500000, 0x00000000d5580000)
  object space 922624K, 61% used [0x0000000080000000,0x00000000a2c316a8,0x00000000b8500000)
 Metaspace       used 99860K, committed 101760K, reserved 1179648K
  class space    used 10230K, committed 11072K, reserved 1048576K
}
Event: 6076.043 GC heap after
{Heap after GC invocations=1766 (full 5):
 PSYoungGen      total 7680K, used 992K [0x00000000d5580000, 0x00000000d6000000, 0x0000000100000000)
  eden space 6144K, 0% used [0x00000000d5580000,0x00000000d5580000,0x00000000d5b80000)
  from space 1536K, 64% used [0x00000000d5d00000,0x00000000d5df8000,0x00000000d5e80000)
  to   space 1536K, 0% used [0x00000000d5e80000,0x00000000d5e80000,0x00000000d6000000)
 ParOldGen       total 922624K, used 569791K [0x0000000080000000, 0x00000000b8500000, 0x00000000d5580000)
  object space 922624K, 61% used [0x0000000080000000,0x00000000a2c6fff8,0x00000000b8500000)
 Metaspace       used 99860K, committed 101760K, reserved 1179648K
  class space    used 10230K, committed 11072K, reserved 1048576K
}
Event: 6076.055 GC heap before
{Heap before GC invocations=1767 (full 5):
 PSYoungGen      total 7680K, used 7136K [0x00000000d5580000, 0x00000000d6000000, 0x0000000100000000)
  eden space 6144K, 100% used [0x00000000d5580000,0x00000000d5b80000,0x00000000d5b80000)
  from space 1536K, 64% used [0x00000000d5d00000,0x00000000d5df8000,0x00000000d5e80000)
  to   space 1536K, 0% used [0x00000000d5e80000,0x00000000d5e80000,0x00000000d6000000)
 ParOldGen       total 922624K, used 569791K [0x0000000080000000, 0x00000000b8500000, 0x00000000d5580000)
  object space 922624K, 61% used [0x0000000080000000,0x00000000a2c6fff8,0x00000000b8500000)
 Metaspace       used 99861K, committed 101760K, reserved 1179648K
  class space    used 10230K, committed 11072K, reserved 1048576K
}
Event: 6076.059 GC heap after
{Heap after GC invocations=1767 (full 5):
 PSYoungGen      total 7680K, used 1216K [0x00000000d5580000, 0x00000000d6000000, 0x0000000100000000)
  eden space 6144K, 0% used [0x00000000d5580000,0x00000000d5580000,0x00000000d5b80000)
  from space 1536K, 79% used [0x00000000d5e80000,0x00000000d5fb0000,0x00000000d6000000)
  to   space 1536K, 0% used [0x00000000d5d00000,0x00000000d5d00000,0x00000000d5e80000)
 ParOldGen       total 922624K, used 570612K [0x0000000080000000, 0x00000000b8500000, 0x00000000d5580000)
  object space 922624K, 61% used [0x0000000080000000,0x00000000a2d3d058,0x00000000b8500000)
 Metaspace       used 99861K, committed 101760K, reserved 1179648K
  class space    used 10230K, committed 11072K, reserved 1048576K
}
Event: 6353.766 GC heap before
{Heap before GC invocations=1768 (full 5):
 PSYoungGen      total 7680K, used 7360K [0x00000000d5580000, 0x00000000d6000000, 0x0000000100000000)
  eden space 6144K, 100% used [0x00000000d5580000,0x00000000d5b80000,0x00000000d5b80000)
  from space 1536K, 79% used [0x00000000d5e80000,0x00000000d5fb0000,0x00000000d6000000)
  to   space 1536K, 0% used [0x00000000d5d00000,0x00000000d5d00000,0x00000000d5e80000)
 ParOldGen       total 922624K, used 570612K [0x0000000080000000, 0x00000000b8500000, 0x00000000d5580000)
  object space 922624K, 61% used [0x0000000080000000,0x00000000a2d3d058,0x00000000b8500000)
 Metaspace       used 99861K, committed 101760K, reserved 1179648K
  class space    used 10230K, committed 11072K, reserved 1048576K
}
Event: 6353.942 GC heap after
{Heap after GC invocations=1768 (full 5):
 PSYoungGen      total 7168K, used 736K [0x00000000d5580000, 0x00000000d5f00000, 0x0000000100000000)
  eden space 6144K, 0% used [0x00000000d5580000,0x00000000d5580000,0x00000000d5b80000)
  from space 1024K, 71% used [0x00000000d5d00000,0x00000000d5db8000,0x00000000d5e00000)
  to   space 1024K, 0% used [0x00000000d5e00000,0x00000000d5e00000,0x00000000d5f00000)
 ParOldGen       total 922624K, used 571534K [0x0000000080000000, 0x00000000b8500000, 0x00000000d5580000)
  object space 922624K, 61% used [0x0000000080000000,0x00000000a2e239c8,0x00000000b8500000)
 Metaspace       used 99861K, committed 101760K, reserved 1179648K
  class space    used 10230K, committed 11072K, reserved 1048576K
}

Dll operation events (12 events):
Event: 0.135 Loaded shared library c:\Users\tomas\.vscode\extensions\redhat.java-1.54.0-win32-x64\jre\21.0.10-win32-x86_64\bin\java.dll
Event: 0.295 Loaded shared library c:\Users\tomas\.vscode\extensions\redhat.java-1.54.0-win32-x64\jre\21.0.10-win32-x86_64\bin\zip.dll
Event: 0.319 Loaded shared library C:\Users\tomas\.vscode\extensions\redhat.java-1.54.0-win32-x64\jre\21.0.10-win32-x86_64\bin\instrument.dll
Event: 0.550 Loaded shared library C:\Users\tomas\.vscode\extensions\redhat.java-1.54.0-win32-x64\jre\21.0.10-win32-x86_64\bin\net.dll
Event: 0.916 Loaded shared library C:\Users\tomas\.vscode\extensions\redhat.java-1.54.0-win32-x64\jre\21.0.10-win32-x86_64\bin\nio.dll
Event: 0.953 Loaded shared library C:\Users\tomas\.vscode\extensions\redhat.java-1.54.0-win32-x64\jre\21.0.10-win32-x86_64\bin\zip.dll
Event: 1.123 Loaded shared library C:\Users\tomas\.vscode\extensions\redhat.java-1.54.0-win32-x64\jre\21.0.10-win32-x86_64\bin\jimage.dll
Event: 1.604 Loaded shared library c:\Users\tomas\.vscode\extensions\redhat.java-1.54.0-win32-x64\jre\21.0.10-win32-x86_64\bin\verify.dll
Event: 17.521 Loaded shared library C:\Users\tomas\AppData\Roaming\Code\User\globalStorage\redhat.java\1.54.0\config_win\org.eclipse.equinox.launcher\org.eclipse.equinox.launcher.win32.win32.x86_64_1.3.0.v20260203-2149\eclipse_11919.dll
Event: 36.419 Loaded shared library C:\Users\tomas\AppData\Local\Temp\jna-110543108\jna12177375426072577798.dll
Event: 4455.639 Loaded shared library C:\Users\tomas\.vscode\extensions\redhat.java-1.54.0-win32-x64\jre\21.0.10-win32-x86_64\bin\extnet.dll
Event: 4876.936 Loaded shared library C:\Users\tomas\.vscode\extensions\redhat.java-1.54.0-win32-x64\jre\21.0.10-win32-x86_64\bin\sunmscapi.dll

Deoptimization events (20 events):
Event: 6075.095 Thread 0x00000236fe3463c0 DEOPT PACKING pc=0x00000236a7be6ace sp=0x000000e22e3fedd0
Event: 6075.096 Thread 0x00000236fe3463c0 DEOPT UNPACKING pc=0x00000236acd24242 sp=0x000000e22e3fe2b0 mode 0
Event: 6075.140 Thread 0x00000236fe3463c0 DEOPT PACKING pc=0x00000236a7be6ace sp=0x000000e22e3feec0
Event: 6075.140 Thread 0x00000236fe3463c0 DEOPT UNPACKING pc=0x00000236acd24242 sp=0x000000e22e3fe3a0 mode 0
Event: 6075.371 Thread 0x00000236846aaf90 Uncommon trap: trap_request=0xffffff45 fr.pc=0x00000236ae8e3580 relative=0x0000000000000380
Event: 6075.371 Thread 0x00000236846aaf90 Uncommon trap: reason=unstable_if action=reinterpret pc=0x00000236ae8e3580 method=org.eclipse.jdt.internal.compiler.problem.ProblemReporter.computeSeverity(I)I @ 1 c2
Event: 6075.371 Thread 0x00000236846aaf90 DEOPT PACKING pc=0x00000236ae8e3580 sp=0x000000e2306fe820
Event: 6075.371 Thread 0x00000236846aaf90 DEOPT UNPACKING pc=0x00000236acd23aa2 sp=0x000000e2306fe7a8 mode 2
Event: 6075.422 Thread 0x00000236841359a0 Uncommon trap: trap_request=0xffffff6e fr.pc=0x00000236ae8d297c relative=0x000000000000093c
Event: 6075.422 Thread 0x00000236841359a0 Uncommon trap: reason=loop_limit_check action=maybe_recompile pc=0x00000236ae8d297c method=org.eclipse.jdt.internal.compiler.util.HashtableOfType.rehash()V @ 64 c2
Event: 6075.422 Thread 0x00000236841359a0 DEOPT PACKING pc=0x00000236ae8d297c sp=0x000000e22bafd7f0
Event: 6075.422 Thread 0x00000236841359a0 DEOPT UNPACKING pc=0x00000236acd23aa2 sp=0x000000e22bafd7a0 mode 2
Event: 6075.600 Thread 0x00000236fcea3be0 Uncommon trap: trap_request=0xffffff6e fr.pc=0x00000236ae852974 relative=0x0000000000000fb4
Event: 6075.600 Thread 0x00000236fcea3be0 Uncommon trap: reason=loop_limit_check action=maybe_recompile pc=0x00000236ae852974 method=org.codehaus.plexus.util.SelectorUtils.match([C[CZ)Z @ 280 c2
Event: 6075.600 Thread 0x00000236fcea3be0 DEOPT PACKING pc=0x00000236ae852974 sp=0x000000e22bcfced0
Event: 6075.600 Thread 0x00000236fcea3be0 DEOPT UNPACKING pc=0x00000236acd23aa2 sp=0x000000e22bcfce60 mode 2
Event: 6076.049 Thread 0x00000236846af130 Uncommon trap: trap_request=0xffffff76 fr.pc=0x00000236ae8e603c relative=0x000000000000011c
Event: 6076.049 Thread 0x00000236846af130 Uncommon trap: reason=predicate action=maybe_recompile pc=0x00000236ae8e603c method=java.util.Arrays.fill([Ljava/lang/Object;Ljava/lang/Object;)V @ 7 c2
Event: 6076.049 Thread 0x00000236846af130 DEOPT PACKING pc=0x00000236ae8e603c sp=0x000000e230ffeb50
Event: 6076.049 Thread 0x00000236846af130 DEOPT UNPACKING pc=0x00000236acd23aa2 sp=0x000000e230ffeac8 mode 2

Classes loaded (20 events):
Event: 5018.635 Loading class jdk/internal/module/IllegalAccessLogger
Event: 5018.635 Loading class jdk/internal/module/IllegalAccessLogger done
Event: 5143.804 Loading class jdk/internal/module/IllegalAccessLogger
Event: 5143.804 Loading class jdk/internal/module/IllegalAccessLogger done
Event: 5358.498 Loading class jdk/internal/module/IllegalAccessLogger
Event: 5358.498 Loading class jdk/internal/module/IllegalAccessLogger done
Event: 5483.334 Loading class jdk/internal/module/IllegalAccessLogger
Event: 5483.335 Loading class jdk/internal/module/IllegalAccessLogger done
Event: 5503.028 Loading class java/util/LinkedList$LLSpliterator
Event: 5503.037 Loading class java/util/LinkedList$LLSpliterator done
Event: 5503.336 Loading class java/nio/channels/CompletionHandler
Event: 5503.337 Loading class java/nio/channels/CompletionHandler done
Event: 5508.037 Loading class jdk/internal/module/IllegalAccessLogger
Event: 5508.037 Loading class jdk/internal/module/IllegalAccessLogger done
Event: 5731.535 Loading class java/util/Collections$EmptyListIterator
Event: 5731.538 Loading class java/util/Collections$EmptyListIterator done
Event: 5743.473 Loading class jdk/internal/module/IllegalAccessLogger
Event: 5743.473 Loading class jdk/internal/module/IllegalAccessLogger done
Event: 6075.363 Loading class jdk/internal/module/IllegalAccessLogger
Event: 6075.364 Loading class jdk/internal/module/IllegalAccessLogger done

Classes unloaded (20 events):
Event: 4808.463 Thread 0x00000236fa1e48a0 Unloading class 0x00000236ba017400 'java/lang/invoke/LambdaForm$MH+0x00000236ba017400'
Event: 4808.463 Thread 0x00000236fa1e48a0 Unloading class 0x00000236ba016400 'java/lang/invoke/LambdaForm$MH+0x00000236ba016400'
Event: 4808.463 Thread 0x00000236fa1e48a0 Unloading class 0x00000236ba00d800 'java/lang/invoke/LambdaForm$MH+0x00000236ba00d800'
Event: 4808.463 Thread 0x00000236fa1e48a0 Unloading class 0x00000236ba00d400 'java/lang/invoke/LambdaForm$MH+0x00000236ba00d400'
Event: 4808.463 Thread 0x00000236fa1e48a0 Unloading class 0x00000236ba00d000 'java/lang/invoke/LambdaForm$MH+0x00000236ba00d000'
Event: 4808.463 Thread 0x00000236fa1e48a0 Unloading class 0x00000236ba00cc00 'java/lang/invoke/LambdaForm$MH+0x00000236ba00cc00'
Event: 4808.463 Thread 0x00000236fa1e48a0 Unloading class 0x00000236ba00c800 'java/lang/invoke/LambdaForm$BMH+0x00000236ba00c800'
Event: 4808.463 Thread 0x00000236fa1e48a0 Unloading class 0x00000236ba00c000 'java/lang/invoke/LambdaForm$DMH+0x00000236ba00c000'
Event: 4808.463 Thread 0x00000236fa1e48a0 Unloading class 0x00000236ba008c00 'java/lang/invoke/LambdaForm$MH+0x00000236ba008c00'
Event: 4808.463 Thread 0x00000236fa1e48a0 Unloading class 0x00000236ba008800 'java/lang/invoke/LambdaForm$MH+0x00000236ba008800'
Event: 4808.463 Thread 0x00000236fa1e48a0 Unloading class 0x00000236ba008400 'java/lang/invoke/LambdaForm$MH+0x00000236ba008400'
Event: 4808.463 Thread 0x00000236fa1e48a0 Unloading class 0x00000236ba007000 'java/lang/invoke/LambdaForm$MH+0x00000236ba007000'
Event: 4808.463 Thread 0x00000236fa1e48a0 Unloading class 0x00000236ba006800 'java/lang/invoke/LambdaForm$MH+0x00000236ba006800'
Event: 4808.463 Thread 0x00000236fa1e48a0 Unloading class 0x00000236ba006400 'java/lang/invoke/LambdaForm$MH+0x00000236ba006400'
Event: 4808.463 Thread 0x00000236fa1e48a0 Unloading class 0x00000236ba006000 'java/lang/invoke/LambdaForm$MH+0x00000236ba006000'
Event: 4808.463 Thread 0x00000236fa1e48a0 Unloading class 0x00000236ba005c00 'java/lang/invoke/LambdaForm$BMH+0x00000236ba005c00'
Event: 4808.463 Thread 0x00000236fa1e48a0 Unloading class 0x00000236ba004800 'java/lang/invoke/LambdaForm$DMH+0x00000236ba004800'
Event: 4808.463 Thread 0x00000236fa1e48a0 Unloading class 0x00000236ba002400 'java/lang/invoke/LambdaForm$MH+0x00000236ba002400'
Event: 4808.463 Thread 0x00000236fa1e48a0 Unloading class 0x00000236ba002000 'java/lang/invoke/LambdaForm$MH+0x00000236ba002000'
Event: 4808.463 Thread 0x00000236fa1e48a0 Unloading class 0x00000236ba001800 'java/lang/invoke/LambdaForm$MH+0x00000236ba001800'

Classes redefined (0 events):
No events

Internal exceptions (20 events):
Event: 5769.354 Thread 0x00000236fcea69d0 Exception <a 'sun/nio/fs/WindowsException'{0x00000000d65552a0}> (0x00000000d65552a0) 
thrown [s\src\hotspot\share\prims\jni.cpp, line 520]
Event: 5783.128 Thread 0x00000236846a8ec0 Exception <a 'sun/nio/fs/WindowsException'{0x00000000d560b270}> (0x00000000d560b270) 
thrown [s\src\hotspot\share\prims\jni.cpp, line 520]
Event: 5783.128 Thread 0x00000236846a8ec0 Exception <a 'sun/nio/fs/WindowsException'{0x00000000d560bb58}> (0x00000000d560bb58) 
thrown [s\src\hotspot\share\prims\jni.cpp, line 520]
Event: 5817.989 Thread 0x00000236841366c0 Exception <a 'sun/nio/fs/WindowsException'{0x00000000d634c550}> (0x00000000d634c550) 
thrown [s\src\hotspot\share\prims\jni.cpp, line 520]
Event: 5817.990 Thread 0x00000236841366c0 Exception <a 'sun/nio/fs/WindowsException'{0x00000000d63500c0}> (0x00000000d63500c0) 
thrown [s\src\hotspot\share\prims\jni.cpp, line 520]
Event: 6075.035 Thread 0x00000236fe3463c0 Exception <a 'sun/nio/fs/WindowsException'{0x00000000d5f2b748}> (0x00000000d5f2b748) 
thrown [s\src\hotspot\share\prims\jni.cpp, line 520]
Event: 6075.220 Thread 0x00000236fe3463c0 Exception <a 'sun/nio/fs/WindowsException'{0x00000000d55ceae8}> (0x00000000d55ceae8) 
thrown [s\src\hotspot\share\prims\jni.cpp, line 520]
Event: 6075.805 Thread 0x00000236fcea3be0 Exception <a 'sun/nio/fs/WindowsException'{0x00000000d5ac4438}> (0x00000000d5ac4438) 
thrown [s\src\hotspot\share\prims\jni.cpp, line 520]
Event: 6075.805 Thread 0x00000236fcea3be0 Exception <a 'sun/nio/fs/WindowsException'{0x00000000d5ac4d20}> (0x00000000d5ac4d20) 
thrown [s\src\hotspot\share\prims\jni.cpp, line 520]
Event: 6075.806 Thread 0x00000236fcea3be0 Exception <a 'sun/nio/fs/WindowsException'{0x00000000d5ac5b28}> (0x00000000d5ac5b28) 
thrown [s\src\hotspot\share\prims\jni.cpp, line 520]
Event: 6075.806 Thread 0x00000236fcea3be0 Exception <a 'sun/nio/fs/WindowsException'{0x00000000d5ac6698}> (0x00000000d5ac6698) 
thrown [s\src\hotspot\share\prims\jni.cpp, line 520]
Event: 6075.807 Thread 0x00000236fcea3be0 Exception <a 'sun/nio/fs/WindowsException'{0x00000000d5ac7eb0}> (0x00000000d5ac7eb0) 
thrown [s\src\hotspot\share\prims\jni.cpp, line 520]
Event: 6075.807 Thread 0x00000236fcea3be0 Exception <a 'sun/nio/fs/WindowsException'{0x00000000d5ac84e8}> (0x00000000d5ac84e8) 
thrown [s\src\hotspot\share\prims\jni.cpp, line 520]
Event: 6075.810 Thread 0x00000236fcea3be0 Exception <a 'sun/nio/fs/WindowsException'{0x00000000d5ae11c0}> (0x00000000d5ae11c0) 
thrown [s\src\hotspot\share\prims\jni.cpp, line 520]
Event: 6075.810 Thread 0x00000236fcea3be0 Exception <a 'sun/nio/fs/WindowsException'{0x00000000d5ae1aa8}> (0x00000000d5ae1aa8) 
thrown [s\src\hotspot\share\prims\jni.cpp, line 520]
Event: 6075.952 Thread 0x00000236846ad6f0 Exception <a 'sun/nio/fs/WindowsException'{0x00000000d5b18c78}> (0x00000000d5b18c78) 
thrown [s\src\hotspot\share\prims\jni.cpp, line 520]
Event: 6075.952 Thread 0x00000236846ad6f0 Exception <a 'sun/nio/fs/WindowsException'{0x00000000d5b192e8}> (0x00000000d5b192e8) 
thrown [s\src\hotspot\share\prims\jni.cpp, line 520]
Event: 6357.454 Thread 0x000002368441f220 Exception <a 'java/lang/IncompatibleClassChangeError'{0x00000000d5587d40}: Found class java.lang.Object, but interface was expected> (0x00000000d5587d40) 
thrown [s\src\hotspot\share\interpreter\linkResolver.cpp, line 840]
Event: 6375.131 Thread 0x00000236846af130 Exception <a 'sun/nio/fs/WindowsException'{0x00000000d5599b30}> (0x00000000d5599b30) 
thrown [s\src\hotspot\share\prims\jni.cpp, line 520]
Event: 6375.134 Thread 0x00000236846af130 Exception <a 'sun/nio/fs/WindowsException'{0x00000000d559a418}> (0x00000000d559a418) 
thrown [s\src\hotspot\share\prims\jni.cpp, line 520]

ZGC Phase Switch (0 events):
No events

VM Operations (20 events):
Event: 6855.885 Executing non-safepoint VM operation: HandshakeAllThreads (HandshakeForDeflation)
Event: 6855.887 Executing non-safepoint VM operation: HandshakeAllThreads (HandshakeForDeflation) done
Event: 6855.887 Executing non-safepoint VM operation: RendezvousGCThreads
Event: 6855.887 Executing non-safepoint VM operation: RendezvousGCThreads done
Event: 6916.102 Executing non-safepoint VM operation: HandshakeAllThreads (HandshakeForDeflation)
Event: 6916.102 Executing non-safepoint VM operation: HandshakeAllThreads (HandshakeForDeflation) done
Event: 6916.102 Executing non-safepoint VM operation: RendezvousGCThreads
Event: 6916.102 Executing non-safepoint VM operation: RendezvousGCThreads done
Event: 6976.314 Executing non-safepoint VM operation: HandshakeAllThreads (HandshakeForDeflation)
Event: 6976.315 Executing non-safepoint VM operation: HandshakeAllThreads (HandshakeForDeflation) done
Event: 6976.315 Executing non-safepoint VM operation: RendezvousGCThreads
Event: 6976.315 Executing non-safepoint VM operation: RendezvousGCThreads done
Event: 7036.320 Executing non-safepoint VM operation: HandshakeAllThreads (HandshakeForDeflation)
Event: 7036.321 Executing non-safepoint VM operation: HandshakeAllThreads (HandshakeForDeflation) done
Event: 7036.321 Executing non-safepoint VM operation: RendezvousGCThreads
Event: 7036.321 Executing non-safepoint VM operation: RendezvousGCThreads done
Event: 7096.569 Executing non-safepoint VM operation: HandshakeAllThreads (HandshakeForDeflation)
Event: 7096.570 Executing non-safepoint VM operation: HandshakeAllThreads (HandshakeForDeflation) done
Event: 7096.570 Executing non-safepoint VM operation: RendezvousGCThreads
Event: 7096.570 Executing non-safepoint VM operation: RendezvousGCThreads done

Memory protections (0 events):
No events

Nmethod flushes (20 events):
Event: 5502.912 Thread 0x00000236fa1e48a0 flushing  nmethod 0x00000236a7c97c10
Event: 5502.912 Thread 0x00000236fa1e48a0 flushing osr nmethod 0x00000236a7ca0f10
Event: 5502.912 Thread 0x00000236fa1e48a0 flushing  nmethod 0x00000236a7ce0710
Event: 5502.912 Thread 0x00000236fa1e48a0 flushing  nmethod 0x00000236a7d21210
Event: 5502.912 Thread 0x00000236fa1e48a0 flushing  nmethod 0x00000236a7d2af10
Event: 5502.912 Thread 0x00000236fa1e48a0 flushing  nmethod 0x00000236a7da8d90
Event: 5502.912 Thread 0x00000236fa1e48a0 flushing  nmethod 0x00000236a7df6b10
Event: 5502.912 Thread 0x00000236fa1e48a0 flushing  nmethod 0x00000236a7dfb210
Event: 5502.912 Thread 0x00000236fa1e48a0 flushing  nmethod 0x00000236a7e20510
Event: 5502.912 Thread 0x00000236fa1e48a0 flushing  nmethod 0x00000236a7e29d10
Event: 5502.913 Thread 0x00000236fa1e48a0 flushing  nmethod 0x00000236a7e38810
Event: 5502.913 Thread 0x00000236fa1e48a0 flushing  nmethod 0x00000236a7e45810
Event: 5502.913 Thread 0x00000236fa1e48a0 flushing  nmethod 0x00000236a7e59910
Event: 5502.913 Thread 0x00000236fa1e48a0 flushing  nmethod 0x00000236a7f2a190
Event: 5502.913 Thread 0x00000236fa1e48a0 flushing  nmethod 0x00000236a7f49f10
Event: 5502.913 Thread 0x00000236fa1e48a0 flushing  nmethod 0x00000236a7fb7310
Event: 5502.913 Thread 0x00000236fa1e48a0 flushing  nmethod 0x00000236a7fb9110
Event: 5502.913 Thread 0x00000236fa1e48a0 flushing  nmethod 0x00000236a7ff0b90
Event: 5502.913 Thread 0x00000236fa1e48a0 flushing  nmethod 0x00000236a8003e90
Event: 5502.913 Thread 0x00000236fa1e48a0 flushing  nmethod 0x00000236a802d890

Events (20 events):
Event: 6301.948 Thread 0x00000236846a9550 Thread exited: 0x00000236846a9550
Event: 6331.894 Thread 0x00000236fe347770 Thread exited: 0x00000236fe347770
Event: 6331.927 Thread 0x00000236844205d0 Thread exited: 0x00000236844205d0
Event: 6375.154 Thread 0x00000236846af130 Thread added: 0x00000236fcea1480
Event: 6375.161 Thread 0x00000236fcea1480 Thread exited: 0x00000236fcea1480
Event: 6375.277 Thread 0x00000236846af130 Thread added: 0x00000236fcea69d0
Event: 6375.279 Thread 0x00000236fcea69d0 Thread exited: 0x00000236fcea69d0
Event: 6375.305 Thread 0x00000236846aa900 Thread exited: 0x00000236846aa900
Event: 6375.386 Thread 0x00000236846abcb0 Thread exited: 0x00000236846abcb0
Event: 6409.255 Thread 0x00000236fe345010 Thread exited: 0x00000236fe345010
Event: 6469.265 Thread 0x00000236fe346a50 Thread exited: 0x00000236fe346a50
Event: 6529.279 Thread 0x00000236fcea3550 Thread exited: 0x00000236fcea3550
Event: 6589.278 Thread 0x000002368413a860 Thread exited: 0x000002368413a860
Event: 6649.286 Thread 0x00000236fe345d30 Thread exited: 0x00000236fe345d30
Event: 6709.296 Thread 0x000002368413aef0 Thread exited: 0x000002368413aef0
Event: 6769.309 Thread 0x0000023684422010 Thread exited: 0x0000023684422010
Event: 6829.318 Thread 0x00000236846a9be0 Thread exited: 0x00000236846a9be0
Event: 6889.337 Thread 0x00000236fcea5620 Thread exited: 0x00000236fcea5620
Event: 6949.348 Thread 0x00000236846aa270 Thread exited: 0x00000236846aa270
Event: 7009.358 Thread 0x000002368413a1d0 Thread exited: 0x000002368413a1d0


Dynamic libraries:
0x00007ff70fd10000 - 0x00007ff70fd1e000 	c:\Users\tomas\.vscode\extensions\redhat.java-1.54.0-win32-x64\jre\21.0.10-win32-x86_64\bin\java.exe
0x00007ff9bcf50000 - 0x00007ff9bd148000 	C:\WINDOWS\SYSTEM32\ntdll.dll
0x00007ff9bcc60000 - 0x00007ff9bcd22000 	C:\WINDOWS\System32\KERNEL32.DLL
0x00007ff9bab10000 - 0x00007ff9bae06000 	C:\WINDOWS\System32\KERNELBASE.dll
0x00007ff9ba850000 - 0x00007ff9ba950000 	C:\WINDOWS\System32\ucrtbase.dll
0x00007ff9a23c0000 - 0x00007ff9a23d8000 	c:\Users\tomas\.vscode\extensions\redhat.java-1.54.0-win32-x64\jre\21.0.10-win32-x86_64\bin\jli.dll
0x00007ff98e200000 - 0x00007ff98e21e000 	c:\Users\tomas\.vscode\extensions\redhat.java-1.54.0-win32-x64\jre\21.0.10-win32-x86_64\bin\VCRUNTIME140.dll
0x00007ff9bb330000 - 0x00007ff9bb4d1000 	C:\WINDOWS\System32\USER32.dll
0x00007ff9ba6f0000 - 0x00007ff9ba712000 	C:\WINDOWS\System32\win32u.dll
0x00007ff9bcbd0000 - 0x00007ff9bcbfb000 	C:\WINDOWS\System32\GDI32.dll
0x00007ff9ba950000 - 0x00007ff9baa69000 	C:\WINDOWS\System32\gdi32full.dll
0x00007ff9baa70000 - 0x00007ff9bab0d000 	C:\WINDOWS\System32\msvcp_win.dll
0x00007ff9a6900000 - 0x00007ff9a6b9b000 	C:\WINDOWS\WinSxS\amd64_microsoft.windows.common-controls_6595b64144ccf1df_6.0.19041.6456_none_60b8a6cb71f64256\COMCTL32.dll
0x00007ff9bbba0000 - 0x00007ff9bbc3e000 	C:\WINDOWS\System32\msvcrt.dll
0x00007ff9bcba0000 - 0x00007ff9bcbcf000 	C:\WINDOWS\System32\IMM32.DLL
0x00007ff9ab9f0000 - 0x00007ff9ab9fc000 	c:\Users\tomas\.vscode\extensions\redhat.java-1.54.0-win32-x64\jre\21.0.10-win32-x86_64\bin\vcruntime140_1.dll
0x00007ff980ce0000 - 0x00007ff980d6d000 	c:\Users\tomas\.vscode\extensions\redhat.java-1.54.0-win32-x64\jre\21.0.10-win32-x86_64\bin\msvcp140.dll
0x00007ff9339b0000 - 0x00007ff934751000 	c:\Users\tomas\.vscode\extensions\redhat.java-1.54.0-win32-x64\jre\21.0.10-win32-x86_64\bin\server\jvm.dll
0x00007ff9bc930000 - 0x00007ff9bc9e1000 	C:\WINDOWS\System32\ADVAPI32.dll
0x00007ff9bbdc0000 - 0x00007ff9bbe5f000 	C:\WINDOWS\System32\sechost.dll
0x00007ff9bbc40000 - 0x00007ff9bbd60000 	C:\WINDOWS\System32\RPCRT4.dll
0x00007ff9ba720000 - 0x00007ff9ba747000 	C:\WINDOWS\System32\bcrypt.dll
0x00007ff9bc140000 - 0x00007ff9bc1ab000 	C:\WINDOWS\System32\WS2_32.dll
0x00007ff9b9b20000 - 0x00007ff9b9b6b000 	C:\WINDOWS\SYSTEM32\POWRPROF.dll
0x00007ff9aee30000 - 0x00007ff9aee57000 	C:\WINDOWS\SYSTEM32\WINMM.dll
0x00007ff9b79c0000 - 0x00007ff9b79ca000 	C:\WINDOWS\SYSTEM32\VERSION.dll
0x00007ff9b99e0000 - 0x00007ff9b99f2000 	C:\WINDOWS\SYSTEM32\UMPDC.dll
0x00007ff9b8df0000 - 0x00007ff9b8e02000 	C:\WINDOWS\SYSTEM32\kernel.appcore.dll
0x00007ff9a93f0000 - 0x00007ff9a93fa000 	c:\Users\tomas\.vscode\extensions\redhat.java-1.54.0-win32-x64\jre\21.0.10-win32-x86_64\bin\jimage.dll
0x00007ff9b8990000 - 0x00007ff9b8b91000 	C:\WINDOWS\SYSTEM32\DBGHELP.DLL
0x00007ff9ac9a0000 - 0x00007ff9ac9d4000 	C:\WINDOWS\SYSTEM32\dbgcore.DLL
0x00007ff9ba5e0000 - 0x00007ff9ba662000 	C:\WINDOWS\System32\bcryptPrimitives.dll
0x00007ff9a8aa0000 - 0x00007ff9a8aaf000 	c:\Users\tomas\.vscode\extensions\redhat.java-1.54.0-win32-x64\jre\21.0.10-win32-x86_64\bin\instrument.dll
0x00007ff9860c0000 - 0x00007ff9860e0000 	c:\Users\tomas\.vscode\extensions\redhat.java-1.54.0-win32-x64\jre\21.0.10-win32-x86_64\bin\java.dll
0x00007ff9bc1c0000 - 0x00007ff9bc930000 	C:\WINDOWS\System32\SHELL32.dll
0x00007ff9b8120000 - 0x00007ff9b88c5000 	C:\WINDOWS\SYSTEM32\windows.storage.dll
0x00007ff9bafd0000 - 0x00007ff9bb324000 	C:\WINDOWS\System32\combase.dll
0x00007ff9ba010000 - 0x00007ff9ba03b000 	C:\WINDOWS\SYSTEM32\Wldp.dll
0x00007ff9bce40000 - 0x00007ff9bcf0d000 	C:\WINDOWS\System32\OLEAUT32.dll
0x00007ff9bb9b0000 - 0x00007ff9bba5d000 	C:\WINDOWS\System32\SHCORE.dll
0x00007ff9bbd60000 - 0x00007ff9bbdbb000 	C:\WINDOWS\System32\shlwapi.dll
0x00007ff9ba510000 - 0x00007ff9ba534000 	C:\WINDOWS\SYSTEM32\profapi.dll
0x00007ff984380000 - 0x00007ff984398000 	c:\Users\tomas\.vscode\extensions\redhat.java-1.54.0-win32-x64\jre\21.0.10-win32-x86_64\bin\zip.dll
0x00007ff9a86c0000 - 0x00007ff9a86d0000 	C:\Users\tomas\.vscode\extensions\redhat.java-1.54.0-win32-x64\jre\21.0.10-win32-x86_64\bin\net.dll
0x00007ff9b64a0000 - 0x00007ff9b65aa000 	C:\WINDOWS\SYSTEM32\WINHTTP.dll
0x00007ff9b9d70000 - 0x00007ff9b9dda000 	C:\WINDOWS\system32\mswsock.dll
0x00007ff984120000 - 0x00007ff984136000 	C:\Users\tomas\.vscode\extensions\redhat.java-1.54.0-win32-x64\jre\21.0.10-win32-x86_64\bin\nio.dll
0x00007ff9a8610000 - 0x00007ff9a8620000 	c:\Users\tomas\.vscode\extensions\redhat.java-1.54.0-win32-x64\jre\21.0.10-win32-x86_64\bin\verify.dll
0x00007ff9a5af0000 - 0x00007ff9a5b35000 	C:\Users\tomas\AppData\Roaming\Code\User\globalStorage\redhat.java\1.54.0\config_win\org.eclipse.equinox.launcher\org.eclipse.equinox.launcher.win32.win32.x86_64_1.3.0.v20260203-2149\eclipse_11919.dll
0x00007ff9bba60000 - 0x00007ff9bbb8b000 	C:\WINDOWS\System32\ole32.dll
0x00007ff9b9f60000 - 0x00007ff9b9f78000 	C:\WINDOWS\SYSTEM32\CRYPTSP.dll
0x00007ff9b9620000 - 0x00007ff9b9658000 	C:\WINDOWS\system32\rsaenh.dll
0x00007ff9ba4d0000 - 0x00007ff9ba4fe000 	C:\WINDOWS\SYSTEM32\USERENV.dll
0x00007ff9b9f80000 - 0x00007ff9b9f8c000 	C:\WINDOWS\SYSTEM32\CRYPTBASE.dll
0x00007ff9b9a00000 - 0x00007ff9b9a3b000 	C:\WINDOWS\SYSTEM32\IPHLPAPI.DLL
0x00007ff9bc1b0000 - 0x00007ff9bc1b8000 	C:\WINDOWS\System32\NSI.dll
0x00007ff97ebb0000 - 0x00007ff97ebf9000 	C:\Users\tomas\AppData\Local\Temp\jna-110543108\jna12177375426072577798.dll
0x00007ff9bc130000 - 0x00007ff9bc138000 	C:\WINDOWS\System32\PSAPI.DLL
0x00007ff9b5220000 - 0x00007ff9b5237000 	C:\WINDOWS\SYSTEM32\dhcpcsvc6.DLL
0x00007ff9b51c0000 - 0x00007ff9b51dd000 	C:\WINDOWS\SYSTEM32\dhcpcsvc.DLL
0x00007ff9b4b00000 - 0x00007ff9b4b09000 	C:\Users\tomas\.vscode\extensions\redhat.java-1.54.0-win32-x64\jre\21.0.10-win32-x86_64\bin\extnet.dll
0x00007ff9b4b10000 - 0x00007ff9b4b1e000 	C:\Users\tomas\.vscode\extensions\redhat.java-1.54.0-win32-x64\jre\21.0.10-win32-x86_64\bin\sunmscapi.dll
0x00007ff9bae10000 - 0x00007ff9baf6d000 	C:\WINDOWS\System32\CRYPT32.dll
0x00007ff9ba080000 - 0x00007ff9ba0a7000 	C:\WINDOWS\SYSTEM32\ncrypt.dll
0x00007ff9ba040000 - 0x00007ff9ba07b000 	C:\WINDOWS\SYSTEM32\NTASN1.dll
0x00007ff9b9a50000 - 0x00007ff9b9b1a000 	C:\WINDOWS\SYSTEM32\DNSAPI.dll
0x00007ff9b51b0000 - 0x00007ff9b51ba000 	C:\Windows\System32\rasadhlp.dll
0x00007ff9b4c30000 - 0x00007ff9b4cb0000 	C:\WINDOWS\System32\fwpuclnt.dll
0x00007ff9b4810000 - 0x00007ff9b4817000 	C:\WINDOWS\system32\wshunix.dll

JVMTI agents:
c:\Users\tomas\.vscode\extensions\redhat.java-1.54.0-win32-x64\lombok\lombok-1.18.39-4050.jar path:c:\Users\tomas\.vscode\extensions\redhat.java-1.54.0-win32-x64\jre\21.0.10-win32-x86_64\bin\instrument.dll, loaded, initialized, instrumentlib options:none

dbghelp: loaded successfully - version: 4.0.5 - missing functions: none
symbol engine: initialized successfully - sym options: 0x614 - pdb path: .;c:\Users\tomas\.vscode\extensions\redhat.java-1.54.0-win32-x64\jre\21.0.10-win32-x86_64\bin;C:\WINDOWS\SYSTEM32;C:\WINDOWS\WinSxS\amd64_microsoft.windows.common-controls_6595b64144ccf1df_6.0.19041.6456_none_60b8a6cb71f64256;c:\Users\tomas\.vscode\extensions\redhat.java-1.54.0-win32-x64\jre\21.0.10-win32-x86_64\bin\server;C:\Users\tomas\AppData\Roaming\Code\User\globalStorage\redhat.java\1.54.0\config_win\org.eclipse.equinox.launcher\org.eclipse.equinox.launcher.win32.win32.x86_64_1.3.0.v20260203-2149;C:\Users\tomas\AppData\Local\Temp\jna-110543108

VM Arguments:
jvm_args: --add-modules=ALL-SYSTEM --add-opens=java.base/java.util=ALL-UNNAMED --add-opens=java.base/java.lang=ALL-UNNAMED --add-opens=java.base/sun.nio.fs=ALL-UNNAMED -Declipse.application=org.eclipse.jdt.ls.core.id1 -Dosgi.bundles.defaultStartLevel=4 -Declipse.product=org.eclipse.jdt.ls.core.product -Djava.import.generatesMetadataFilesAtProjectRoot=false -DDetectVMInstallationsJob.disabled=true -Dfile.encoding=utf8 -XX:+UseParallelGC -XX:GCTimeRatio=4 -XX:AdaptiveSizePolicyWeight=90 -Dsun.zip.disableMemoryMapping=true -Xmx2G -Xms100m -Xlog:disable -javaagent:c:\Users\tomas\.vscode\extensions\redhat.java-1.54.0-win32-x64\lombok\lombok-1.18.39-4050.jar -XX:+HeapDumpOnOutOfMemoryError -XX:HeapDumpPath=c:\Users\tomas\AppData\Roaming\Code\User\workspaceStorage\e6c8481288284efe712dc47ac1b2c14a\redhat.java -Daether.dependencyCollector.impl=bf 
java_command: c:\Users\tomas\.vscode\extensions\redhat.java-1.54.0-win32-x64\server\plugins\org.eclipse.equinox.launcher_1.7.100.v20251111-0406.jar -configuration c:\Users\tomas\AppData\Roaming\Code\User\globalStorage\redhat.java\1.54.0\config_win -data c:\Users\tomas\AppData\Roaming\Code\User\workspaceStorage\e6c8481288284efe712dc47ac1b2c14a\redhat.java\jdt_ws --pipe=\\.\pipe\lsp-767fbaa07061407df8d93db9bc291dc9-sock
java_class_path (initial): c:\Users\tomas\.vscode\extensions\redhat.java-1.54.0-win32-x64\server\plugins\org.eclipse.equinox.launcher_1.7.100.v20251111-0406.jar
Launcher Type: SUN_STANDARD

[Global flags]
    uintx AdaptiveSizePolicyWeight                 = 90                                        {product} {command line}
     intx CICompilerCount                          = 12                                        {product} {ergonomic}
    uintx GCTimeRatio                              = 4                                         {product} {command line}
     bool HeapDumpOnOutOfMemoryError               = true                                   {manageable} {command line}
    ccstr HeapDumpPath                             = c:\Users\tomas\AppData\Roaming\Code\User\workspaceStorage\e6c8481288284efe712dc47ac1b2c14a\redhat.java         {manageable} {command line}
   size_t InitialHeapSize                          = 104857600                                 {product} {command line}
   size_t MaxHeapSize                              = 2147483648                                {product} {command line}
   size_t MaxNewSize                               = 715653120                                 {product} {ergonomic}
   size_t MinHeapDeltaBytes                        = 524288                                    {product} {ergonomic}
   size_t MinHeapSize                              = 104857600                                 {product} {command line}
   size_t NewSize                                  = 34603008                                  {product} {ergonomic}
    uintx NonNMethodCodeHeapSize                   = 7602480                                {pd product} {ergonomic}
    uintx NonProfiledCodeHeapSize                  = 122027880                              {pd product} {ergonomic}
   size_t OldSize                                  = 70254592                                  {product} {ergonomic}
    uintx ProfiledCodeHeapSize                     = 122027880                              {pd product} {ergonomic}
    uintx ReservedCodeCacheSize                    = 251658240                              {pd product} {ergonomic}
     bool SegmentedCodeCache                       = true                                      {product} {ergonomic}
   size_t SoftMaxHeapSize                          = 2147483648                             {manageable} {ergonomic}
     bool UseCompressedOops                        = true                           {product lp64_product} {ergonomic}
     bool UseLargePagesIndividualAllocation        = false                                  {pd product} {ergonomic}
     bool UseParallelGC                            = true                                      {product} {command line}

Logging:
Log output configuration:
 #0: stdout all=off uptime,level,tags foldmultilines=false
 #1: stderr all=off uptime,level,tags foldmultilines=false

Release file:
JAVA_VERSION="21.0.10" 
MODULES="java.base java.compiler java.datatransfer java.xml java.prefs java.desktop java.instrument java.logging java.management java.security.sasl java.naming java.rmi java.management.rmi java.net.http java.scripting java.security.jgss java.transaction.xa java.sql java.sql.rowset java.xml.crypto java.se java.smartcardio jdk.accessibility jdk.internal.jvmstat jdk.attach jdk.charsets jdk.internal.opt jdk.zipfs jdk.compiler jdk.crypto.ec jdk.crypto.cryptoki jdk.crypto.mscapi jdk.dynalink jdk.internal.ed jdk.editpad jdk.hotspot.agent jdk.httpserver jdk.internal.le jdk.internal.vm.ci jdk.internal.vm.compiler jdk.internal.vm.compiler.management jdk.jartool jdk.javadoc jdk.jcmd jdk.management jdk.management.agent jdk.jconsole jdk.jdeps jdk.jdwp.agent jdk.jdi jdk.jfr jdk.jshell jdk.jsobject jdk.jstatd jdk.localedata jdk.management.jfr jdk.naming.dns jdk.naming.rmi jdk.net jdk.nio.mapmode jdk.random jdk.sctp jdk.security.auth jdk.security.jgss jdk.unsupported jdk.unsupported.desktop jdk.xml.dom" 

Environment Variables:
PATH=C:\Users\tomas\AppData\Local\Programs\Microsoft VS Code;C:\app\tomas\product\21c\dbhomeXE\bin;C:\Program Files\Common Files\Oracle\Java\javapath;C:\Program Files (x86)\Common Files\Oracle\Java\java8path;C:\Program Files (x86)\Common Files\Oracle\Java\javapath;C:\Windows\system32;C:\Windows;C:\Windows\System32\Wbem;C:\Windows\System32\WindowsPowerShell\v1.0\;C:\Windows\System32\OpenSSH\;C:\Program Files (x86)\NVIDIA Corporation\PhysX\Common;C:\Program Files\NVIDIA Corporation\NVIDIA NvDLISR;C:\WINDOWS\system32;C:\WINDOWS;C:\WINDOWS\System32\Wbem;C:\WINDOWS\System32\WindowsPowerShell\v1.0\;C:\WINDOWS\System32\OpenSSH\;C:\Program Files\dotnet\;C:\Program Files\Java\jdk-21.0.11\bin;C:\Users\tomas\AppData\Local\Programs\Eclipse Adoptium\jdk-21.0.11.10-hotspot\bin;C:\Program Files\MySQL\MySQL Shell 8.0\bin\;C:\Users\tomas\AppData\Local\Microsoft\WindowsApps;C:\Users\tomas\AppData\Local\Programs\Microsoft VS Code\bin
USERNAME=tomas
OS=Windows_NT
PROCESSOR_IDENTIFIER=AMD64 Family 25 Model 80 Stepping 0, AuthenticAMD
TMP=C:\Users\tomas\AppData\Local\Temp
TEMP=C:\Users\tomas\AppData\Local\Temp




Periodic native trim disabled

---------------  S Y S T E M  ---------------

OS:
 Windows 10 , 64 bit Build 19041 (10.0.19041.5915)
OS uptime: 0 days 2:16 hours

CPU: total 16 (initial active 16) (16 cores per cpu, 2 threads per core) family 25 model 80 stepping 0 microcode 0x0, cx8, cmov, fxsr, ht, mmx, 3dnowpref, sse, sse2, sse3, ssse3, sse4a, sse4.1, sse4.2, popcnt, lzcnt, tsc, tscinvbit, avx, avx2, aes, erms, clmul, bmi1, bmi2, adx, sha, fma, vzeroupper, clflush, clflushopt, rdtscp, rdpid, fsrm, f16c, pku, cet_ss
Processor Information for the first 16 processors :
  Max Mhz: 3201, Current Mhz: 3201, Mhz Limit: 3201

Memory: 4k page, system-wide physical 7583M (263M free)
TotalPageFile size 31135M (AvailPageFile size 108M)
current process WorkingSet (physical memory assigned to process): 12M, peak: 457M
current process commit charge ("private bytes"): 1314M, peak: 1350M

vm_info: OpenJDK 64-Bit Server VM (21.0.10+7-LTS) for windows-amd64 JRE (21.0.10+7-LTS), built on 2026-01-20T00:00:00Z by "admin" with MS VC++ 17.12 (VS2022)

END.
