#
# There is insufficient memory for the Java Runtime Environment to continue.
# Native memory allocation (malloc) failed to allocate 53112 bytes. Error detail: Chunk::new
# Possible reasons:
#   The system is out of physical RAM or swap space
#   This process is running with CompressedOops enabled, and the Java Heap may be blocking the growth of the native heap
# Possible solutions:
#   Reduce memory load on the system
#   Increase physical memory or swap space
#   Check if swap backing store is full
#   Decrease Java heap size (-Xmx/-Xms)
#   Decrease number of Java threads
#   Decrease Java thread stack sizes (-Xss)
#   Set larger code cache with -XX:ReservedCodeCacheSize=
#   JVM is running with Unscaled Compressed Oops mode in which the Java heap is
#     placed in the first 4GB address space. The Java Heap base address is the
#     maximum limit for the native heap growth. Please use -XX:HeapBaseMinAddress
#     to set the Java Heap base and to place the Java Heap above 4GB virtual address.
# This output file may be truncated or incomplete.
#
#  Out of Memory Error (arena.cpp:168), pid=24292, tid=21076
#
# JRE version: OpenJDK Runtime Environment Temurin-21.0.10+7 (21.0.10+7) (build 21.0.10+7-LTS)
# Java VM: OpenJDK 64-Bit Server VM Temurin-21.0.10+7 (21.0.10+7-LTS, mixed mode, sharing, tiered, compressed oops, compressed class ptrs, parallel gc, windows-amd64)
# No core dump will be written. Minidumps are not enabled by default on client versions of Windows
#

---------------  S U M M A R Y ------------

Command Line: --add-modules=ALL-SYSTEM --add-opens=java.base/java.util=ALL-UNNAMED --add-opens=java.base/java.lang=ALL-UNNAMED --add-opens=java.base/sun.nio.fs=ALL-UNNAMED -Declipse.application=org.eclipse.jdt.ls.core.id1 -Dosgi.bundles.defaultStartLevel=4 -Declipse.product=org.eclipse.jdt.ls.core.product -Djava.import.generatesMetadataFilesAtProjectRoot=false -DDetectVMInstallationsJob.disabled=true -Dfile.encoding=utf8 -XX:+UseParallelGC -XX:GCTimeRatio=4 -XX:AdaptiveSizePolicyWeight=90 -Dsun.zip.disableMemoryMapping=true -Xmx2G -Xms100m -Xlog:disable -javaagent:c:\Users\tomas\.vscode\extensions\redhat.java-1.54.0-win32-x64\lombok\lombok-1.18.39-4050.jar -XX:+HeapDumpOnOutOfMemoryError -XX:HeapDumpPath=c:\Users\tomas\AppData\Roaming\Code\User\workspaceStorage\15492ee77e0786917e735d9f279b33ac\redhat.java -Daether.dependencyCollector.impl=bf c:\Users\tomas\.vscode\extensions\redhat.java-1.54.0-win32-x64\server\plugins\org.eclipse.equinox.launcher_1.7.100.v20251111-0406.jar -configuration c:\Users\tomas\AppData\Roaming\Code\User\globalStorage\redhat.java\1.54.0\config_win -data c:\Users\tomas\AppData\Roaming\Code\User\workspaceStorage\15492ee77e0786917e735d9f279b33ac\redhat.java\jdt_ws --pipe=\\.\pipe\lsp-84d0133c406f5fe4e67682a7bd640e9d-sock

Host: AMD Ryzen 7 5800H with Radeon Graphics         , 16 cores, 7G,  Windows 10 , 64 bit Build 19041 (10.0.19041.5915)
Time: Tue May 19 03:15:14 2026 Hora est. Sudamérica Pacífico elapsed time: 14.685287 seconds (0d 0h 0m 14s)

---------------  T H R E A D  ---------------

Current thread (0x000001f0f8ffc9e0):  JavaThread "C2 CompilerThread0" daemon [_thread_in_native, id=21076, stack(0x000000c196100000,0x000000c196200000) (1024K)]


Current CompileTask:
C2:14685 12221       4       org.eclipse.jdt.internal.compiler.util.JrtFileSystem$2::visitFile (72 bytes)

Stack: [0x000000c196100000,0x000000c196200000]
Native frames: (J=compiled Java code, j=interpreted, Vv=VM code, C=native code)
V  [jvm.dll+0x6d7a39]
V  [jvm.dll+0x8b4b26]
V  [jvm.dll+0x8b70de]
V  [jvm.dll+0x8b77c3]
V  [jvm.dll+0x284346]
V  [jvm.dll+0xc66ed]
V  [jvm.dll+0xc6c31]
V  [jvm.dll+0x2fb8fd]
V  [jvm.dll+0x5fe884]
V  [jvm.dll+0x255b17]
V  [jvm.dll+0x24dc0b]
V  [jvm.dll+0x24ba42]
V  [jvm.dll+0x1cb34e]
V  [jvm.dll+0x25b85d]
V  [jvm.dll+0x259dea]
V  [jvm.dll+0x3f857e]
V  [jvm.dll+0x85f59d]
V  [jvm.dll+0x6d626d]
C  [ucrtbase.dll+0x21bb2]
C  [KERNEL32.DLL+0x17374]
C  [ntdll.dll+0x4cc91]


---------------  P R O C E S S  ---------------

Threads class SMR info:
_java_thread_list=0x000001f0d231f590, length=52, elements={
0x000001f0eff7f4f0, 0x000001f0f7a2bf90, 0x000001f0f7a2d340, 0x000001f0f7a30c20,
0x000001f0f7a34d50, 0x000001f0f7a339a0, 0x000001f0f7a34030, 0x000001f0f8ffc9e0,
0x000001f0f8ffe300, 0x000001f0f7a325f0, 0x000001f0f7a318d0, 0x000001f0f7a346c0,
0x000001f0f7a33310, 0x000001f0f7a32c80, 0x000001f0f7a31f60, 0x000001f0ffabf1e0,
0x000001f0ffabf870, 0x000001f0ffabde30, 0x000001f0ffabff00, 0x000001f0ffabeb50,
0x000001f0ffabd7a0, 0x000001f0ffaba320, 0x000001f0ffab8f70, 0x000001f0ffabe4c0,
0x000001f0ffabb6d0, 0x000001f0ffabd110, 0x000001f0ffabc3f0, 0x000001f0ffac0590,
0x000001f0ffab9600, 0x000001f0ffab9c90, 0x000001f0ffaba9b0, 0x000001f0ffabb040,
0x000001f0ffabbd60, 0x000001f0ffabca80, 0x000001f0d0bf8f70, 0x000001f0d0bfb040,
0x000001f0d0bff870, 0x000001f0d0bf9c90, 0x000001f0d0bfa9b0, 0x000001f0d0bfff00,
0x000001f0d0bfd110, 0x000001f0d0bfd7a0, 0x000001f0d0bfde30, 0x000001f0d0bfeb50,
0x000001f0d0bfa320, 0x000001f0d0bfb6d0, 0x000001f0d10fb6a0, 0x000001f0d10fbd30,
0x000001f0d10fd770, 0x000001f0d10fde00, 0x000001f0d10fd0e0, 0x000001f0d10fc3c0
}

Java Threads: ( => current thread )
  0x000001f0eff7f4f0 JavaThread "main"                              [_thread_blocked, id=23444, stack(0x000000c195700000,0x000000c195800000) (1024K)]
  0x000001f0f7a2bf90 JavaThread "Reference Handler"          daemon [_thread_blocked, id=26064, stack(0x000000c195b00000,0x000000c195c00000) (1024K)]
  0x000001f0f7a2d340 JavaThread "Finalizer"                  daemon [_thread_blocked, id=26380, stack(0x000000c195c00000,0x000000c195d00000) (1024K)]
  0x000001f0f7a30c20 JavaThread "Signal Dispatcher"          daemon [_thread_blocked, id=23928, stack(0x000000c195d00000,0x000000c195e00000) (1024K)]
  0x000001f0f7a34d50 JavaThread "Attach Listener"            daemon [_thread_blocked, id=26992, stack(0x000000c195e00000,0x000000c195f00000) (1024K)]
  0x000001f0f7a339a0 JavaThread "Service Thread"             daemon [_thread_blocked, id=11272, stack(0x000000c195f00000,0x000000c196000000) (1024K)]
  0x000001f0f7a34030 JavaThread "Monitor Deflation Thread"   daemon [_thread_blocked, id=5400, stack(0x000000c196000000,0x000000c196100000) (1024K)]
=>0x000001f0f8ffc9e0 JavaThread "C2 CompilerThread0"         daemon [_thread_in_native, id=21076, stack(0x000000c196100000,0x000000c196200000) (1024K)]
  0x000001f0f8ffe300 JavaThread "C1 CompilerThread0"         daemon [_thread_blocked, id=21028, stack(0x000000c196200000,0x000000c196300000) (1024K)]
  0x000001f0f7a325f0 JavaThread "Common-Cleaner"             daemon [_thread_blocked, id=23156, stack(0x000000c196700000,0x000000c196800000) (1024K)]
  0x000001f0f7a318d0 JavaThread "Notification Thread"        daemon [_thread_blocked, id=28204, stack(0x000000c196800000,0x000000c196900000) (1024K)]
  0x000001f0f7a346c0 JavaThread "Active Thread: Equinox Container: 792799cf-b573-443b-b730-0aa861f74735"        [_thread_blocked, id=28280, stack(0x000000c196f00000,0x000000c197000000) (1024K)]
  0x000001f0f7a33310 JavaThread "Refresh Thread: Equinox Container: 792799cf-b573-443b-b730-0aa861f74735" daemon [_thread_blocked, id=24096, stack(0x000000c197100000,0x000000c197200000) (1024K)]
  0x000001f0f7a32c80 JavaThread "Framework Event Dispatcher: Equinox Container: 792799cf-b573-443b-b730-0aa861f74735" daemon [_thread_blocked, id=2648, stack(0x000000c197200000,0x000000c197300000) (1024K)]
  0x000001f0f7a31f60 JavaThread "Start Level: Equinox Container: 792799cf-b573-443b-b730-0aa861f74735" daemon [_thread_blocked, id=16068, stack(0x000000c197300000,0x000000c197400000) (1024K)]
  0x000001f0ffabf1e0 JavaThread "Bundle File Closer"         daemon [_thread_blocked, id=22424, stack(0x000000c197700000,0x000000c197800000) (1024K)]
  0x000001f0ffabf870 JavaThread "SCR Component Actor"        daemon [_thread_blocked, id=26228, stack(0x000000c196400000,0x000000c196500000) (1024K)]
  0x000001f0ffabde30 JavaThread "Worker-JM"                         [_thread_blocked, id=24184, stack(0x000000c196500000,0x000000c196600000) (1024K)]
  0x000001f0ffabff00 JavaThread "Worker-0"                          [_thread_blocked, id=28172, stack(0x000000c197b00000,0x000000c197c00000) (1024K)]
  0x000001f0ffabeb50 JavaThread "Worker-1: Check JDK Index"         [_thread_blocked, id=11772, stack(0x000000c197c00000,0x000000c197d00000) (1024K)]
  0x000001f0ffabd7a0 JavaThread "Java indexing"              daemon [_thread_in_Java, id=27100, stack(0x000000c197d00000,0x000000c197e00000) (1024K)]
  0x000001f0ffaba320 JavaThread "JNA Cleaner"                daemon [_thread_blocked, id=27228, stack(0x000000c197e00000,0x000000c197f00000) (1024K)]
  0x000001f0ffab8f70 JavaThread "Worker-2"                          [_thread_blocked, id=28036, stack(0x000000c197f00000,0x000000c198000000) (1024K)]
  0x000001f0ffabe4c0 JavaThread "Worker-3"                          [_thread_blocked, id=21372, stack(0x000000c198000000,0x000000c198100000) (1024K)]
  0x000001f0ffabb6d0 JavaThread "Thread-1"                   daemon [_thread_in_native, id=27196, stack(0x000000c198100000,0x000000c198200000) (1024K)]
  0x000001f0ffabd110 JavaThread "Thread-2"                   daemon [_thread_in_native, id=4956, stack(0x000000c198200000,0x000000c198300000) (1024K)]
  0x000001f0ffabc3f0 JavaThread "Thread-3"                   daemon [_thread_in_native, id=11240, stack(0x000000c198300000,0x000000c198400000) (1024K)]
  0x000001f0ffac0590 JavaThread "Thread-4"                   daemon [_thread_in_native, id=27872, stack(0x000000c198400000,0x000000c198500000) (1024K)]
  0x000001f0ffab9600 JavaThread "Thread-5"                   daemon [_thread_in_native, id=11316, stack(0x000000c198500000,0x000000c198600000) (1024K)]
  0x000001f0ffab9c90 JavaThread "Thread-6"                   daemon [_thread_in_native, id=25464, stack(0x000000c198600000,0x000000c198700000) (1024K)]
  0x000001f0ffaba9b0 JavaThread "Thread-7"                   daemon [_thread_in_native, id=26072, stack(0x000000c198700000,0x000000c198800000) (1024K)]
  0x000001f0ffabb040 JavaThread "Thread-8"                   daemon [_thread_in_native, id=23508, stack(0x000000c198800000,0x000000c198900000) (1024K)]
  0x000001f0ffabbd60 JavaThread "Thread-9"                   daemon [_thread_in_native, id=7832, stack(0x000000c198900000,0x000000c198a00000) (1024K)]
  0x000001f0ffabca80 JavaThread "Thread-10"                  daemon [_thread_in_native, id=28168, stack(0x000000c198a00000,0x000000c198b00000) (1024K)]
  0x000001f0d0bf8f70 JavaThread "Thread-11"                  daemon [_thread_in_native, id=25696, stack(0x000000c198b00000,0x000000c198c00000) (1024K)]
  0x000001f0d0bfb040 JavaThread "Thread-12"                  daemon [_thread_in_native, id=25808, stack(0x000000c198c00000,0x000000c198d00000) (1024K)]
  0x000001f0d0bff870 JavaThread "Thread-13"                  daemon [_thread_in_native, id=28640, stack(0x000000c198d00000,0x000000c198e00000) (1024K)]
  0x000001f0d0bf9c90 JavaThread "Thread-14"                  daemon [_thread_in_native, id=16428, stack(0x000000c198e00000,0x000000c198f00000) (1024K)]
  0x000001f0d0bfa9b0 JavaThread "Thread-15"                  daemon [_thread_in_native, id=28020, stack(0x000000c198f00000,0x000000c199000000) (1024K)]
  0x000001f0d0bfff00 JavaThread "Thread-16"                  daemon [_thread_in_native, id=20008, stack(0x000000c199000000,0x000000c199100000) (1024K)]
  0x000001f0d0bfd110 JavaThread "Thread-17"                  daemon [_thread_in_native, id=17484, stack(0x000000c199100000,0x000000c199200000) (1024K)]
  0x000001f0d0bfd7a0 JavaThread "pool-2-thread-1"                   [_thread_blocked, id=26736, stack(0x000000c199200000,0x000000c199300000) (1024K)]
  0x000001f0d0bfde30 JavaThread "WorkspaceEventsHandler"            [_thread_blocked, id=19860, stack(0x000000c199300000,0x000000c199400000) (1024K)]
  0x000001f0d0bfeb50 JavaThread "pool-1-thread-1"                   [_thread_blocked, id=19348, stack(0x000000c199400000,0x000000c199500000) (1024K)]
  0x000001f0d0bfa320 JavaThread "Keep-Alive-Timer"           daemon [_thread_blocked, id=10996, stack(0x000000c199600000,0x000000c199700000) (1024K)]
  0x000001f0d0bfb6d0 JavaThread "Worker-4"                          [_thread_blocked, id=22552, stack(0x000000c199700000,0x000000c199800000) (1024K)]
  0x000001f0d10fb6a0 JavaThread "ForkJoinPool.commonPool-worker-1" daemon [_thread_blocked, id=27140, stack(0x000000c197a00000,0x000000c197b00000) (1024K)]
  0x000001f0d10fbd30 JavaThread "ForkJoinPool.commonPool-worker-2" daemon [_thread_blocked, id=28336, stack(0x000000c199800000,0x000000c199900000) (1024K)]
  0x000001f0d10fd770 JavaThread "ForkJoinPool.commonPool-worker-3" daemon [_thread_blocked, id=19544, stack(0x000000c199900000,0x000000c199a00000) (1024K)]
  0x000001f0d10fde00 JavaThread "ForkJoinPool.commonPool-worker-4" daemon [_thread_blocked, id=27016, stack(0x000000c199a00000,0x000000c199b00000) (1024K)]
  0x000001f0d10fd0e0 JavaThread "ForkJoinPool.commonPool-worker-5" daemon [_thread_blocked, id=25680, stack(0x000000c199b00000,0x000000c199c00000) (1024K)]
  0x000001f0d10fc3c0 JavaThread "Worker-5: Java indexing... "        [_thread_blocked, id=1312, stack(0x000000c199c00000,0x000000c199d00000) (1024K)]
Total: 52

Other Threads:
  0x000001f0f003cc10 VMThread "VM Thread"                           [id=20588, stack(0x000000c195a00000,0x000000c195b00000) (1024K)]
  0x000001f0f791c7e0 WatcherThread "VM Periodic Task Thread"        [id=28092, stack(0x000000c195900000,0x000000c195a00000) (1024K)]
  0x000001f0eff9c720 WorkerThread "GC Thread#0"                     [id=26708, stack(0x000000c195800000,0x000000c195900000) (1024K)]
  0x000001f0faaaa110 WorkerThread "GC Thread#1"                     [id=21472, stack(0x000000c196900000,0x000000c196a00000) (1024K)]
  0x000001f0fa8eb6a0 WorkerThread "GC Thread#2"                     [id=28176, stack(0x000000c196a00000,0x000000c196b00000) (1024K)]
  0x000001f0fa801770 WorkerThread "GC Thread#3"                     [id=25708, stack(0x000000c196b00000,0x000000c196c00000) (1024K)]
  0x000001f0fa801b20 WorkerThread "GC Thread#4"                     [id=11792, stack(0x000000c196c00000,0x000000c196d00000) (1024K)]
  0x000001f0fa801ed0 WorkerThread "GC Thread#5"                     [id=27248, stack(0x000000c196d00000,0x000000c196e00000) (1024K)]
  0x000001f0fa802280 WorkerThread "GC Thread#6"                     [id=27892, stack(0x000000c196e00000,0x000000c196f00000) (1024K)]
  0x000001f0fae12880 WorkerThread "GC Thread#7"                     [id=26028, stack(0x000000c197000000,0x000000c197100000) (1024K)]
  0x000001f0ff477490 WorkerThread "GC Thread#8"                     [id=12512, stack(0x000000c197400000,0x000000c197500000) (1024K)]
  0x000001f0ff420600 WorkerThread "GC Thread#9"                     [id=25480, stack(0x000000c197500000,0x000000c197600000) (1024K)]
  0x000001f0ff546660 WorkerThread "GC Thread#10"                    [id=20156, stack(0x000000c197600000,0x000000c197700000) (1024K)]
  0x000001f0ff546a10 WorkerThread "GC Thread#11"                    [id=26632, stack(0x000000c197800000,0x000000c197900000) (1024K)]
  0x000001f0ff545040 WorkerThread "GC Thread#12"                    [id=11484, stack(0x000000c197900000,0x000000c197a00000) (1024K)]
Total: 15

Threads with active compile tasks:
C2 CompilerThread0  14715 12221       4       org.eclipse.jdt.internal.compiler.util.JrtFileSystem$2::visitFile (72 bytes)
Total: 1

VM state: not at safepoint (normal execution)

VM Mutex/Monitor currently owned by a thread: None

Heap address: 0x0000000080000000, size: 2048 MB, Compressed Oops mode: 32-bit

CDS archive(s) mapped at: [0x000001f08f000000-0x000001f08fba0000-0x000001f08fba0000), size 12189696, SharedBaseAddress: 0x000001f08f000000, ArchiveRelocationMode: 1.
Compressed class space mapped at: 0x000001f090000000-0x000001f0d0000000, reserved size: 1073741824
Narrow klass base: 0x000001f08f000000, Narrow klass shift: 0, Narrow klass range: 0x100000000

GC Precious Log:
 CardTable entry size: 512
 CPUs: 16 total, 16 available
 Memory: 7583M
 Large Page Support: Disabled
 NUMA Support: Disabled
 Compressed Oops: Enabled (32-bit)
 Alignments: Space 512K, Generation 512K, Heap 2M
 Heap Min Capacity: 100M
 Heap Initial Capacity: 100M
 Heap Max Capacity: 2G
 Pre-touch: Disabled
 Parallel Workers: 13

Heap:
 PSYoungGen      total 37888K, used 26458K [0x00000000d5580000, 0x00000000d8d80000, 0x0000000100000000)
  eden space 19456K, 42% used [0x00000000d5580000,0x00000000d5d834e0,0x00000000d6880000)
  from space 18432K, 99% used [0x00000000d7b80000,0x00000000d8d53610,0x00000000d8d80000)
  to   space 18944K, 0% used [0x00000000d6880000,0x00000000d6880000,0x00000000d7b00000)
 ParOldGen       total 343040K, used 342717K [0x0000000080000000, 0x0000000094f00000, 0x00000000d5580000)
  object space 343040K, 99% used [0x0000000080000000,0x0000000094eaf638,0x0000000094f00000)
 Metaspace       used 66679K, committed 68160K, reserved 1114112K
  class space    used 7184K, committed 7808K, reserved 1048576K

Card table byte_map: [0x000001f0ef930000,0x000001f0efd40000] _byte_map_base: 0x000001f0ef530000

Marking Bits: (ParMarkBitMap*) 0x00007ff934673450
 Begin Bits: [0x000001f0f3440000, 0x000001f0f5440000)
 End Bits:   [0x000001f0f5440000, 0x000001f0f7440000)

Polling page: 0x000001f0edb80000

Metaspace:

Usage:
  Non-class:     58.10 MB used.
      Class:      7.02 MB used.
       Both:     65.12 MB used.

Virtual space:
  Non-class space:       64.00 MB reserved,      58.94 MB ( 92%) committed,  1 nodes.
      Class space:        1.00 GB reserved,       7.62 MB ( <1%) committed,  1 nodes.
             Both:        1.06 GB reserved,      66.56 MB (  6%) committed. 

Chunk freelists:
   Non-Class:  4.14 MB
       Class:  8.41 MB
        Both:  12.55 MB

MaxMetaspaceSize: unlimited
CompressedClassSpaceSize: 1.00 GB
Initial GC threshold: 21.00 MB
Current GC threshold: 110.94 MB
CDS: on
 - commit_granule_bytes: 65536.
 - commit_granule_words: 8192.
 - virtual_space_node_default_size: 8388608.
 - enlarge_chunks_in_place: 1.
 - use_allocation_guard: 0.


Internal statistics:

num_allocs_failed_limit: 9.
num_arena_births: 1172.
num_arena_deaths: 22.
num_vsnodes_births: 2.
num_vsnodes_deaths: 0.
num_space_committed: 1065.
num_space_uncommitted: 0.
num_chunks_returned_to_freelist: 35.
num_chunks_taken_from_freelist: 4085.
num_chunk_merges: 18.
num_chunk_splits: 2516.
num_chunks_enlarged: 1456.
num_inconsistent_stats: 0.

CodeHeap 'non-profiled nmethods': size=119168Kb used=5677Kb max_used=5677Kb free=113491Kb
 bounds [0x000001f087ba0000, 0x000001f088140000, 0x000001f08f000000]
CodeHeap 'profiled nmethods': size=119104Kb used=22808Kb max_used=24876Kb free=96295Kb
 bounds [0x000001f080000000, 0x000001f081850000, 0x000001f087450000]
CodeHeap 'non-nmethods': size=7488Kb used=1457Kb max_used=2948Kb free=6030Kb
 bounds [0x000001f087450000, 0x000001f087740000, 0x000001f087ba0000]
CodeCache: size=245760Kb, used=29942Kb, max_used=33501Kb, free=215816Kb
 total_blobs=11958, nmethods=11185, adapters=679, full_count=0
Compilation: enabled, stopped_count=0, restarted_count=0

Compilation events (20 events):
Event: 14.299 Thread 0x000001f0f8ffc9e0 nmethod 12704 0x000001f087d25810 code [0x000001f087d259c0, 0x000001f087d25c18]
Event: 14.299 Thread 0x000001f0f8ffc9e0 12707       4       java.nio.MappedByteBuffer::position (6 bytes)
Event: 14.300 Thread 0x000001f0f8ffc9e0 nmethod 12707 0x000001f087f55690 code [0x000001f087f55820, 0x000001f087f55918]
Event: 14.300 Thread 0x000001f0f8ffc9e0 12713       4       java.nio.MappedByteBuffer::limit (6 bytes)
Event: 14.300 Thread 0x000001f0f8ffc9e0 nmethod 12713 0x000001f087bebb90 code [0x000001f087bebd20, 0x000001f087bebe40]
Event: 14.300 Thread 0x000001f0f8ffc9e0 12712       4       java.nio.channels.spi.AbstractInterruptibleChannel::end (53 bytes)
Event: 14.301 Thread 0x000001f0f8ffc9e0 nmethod 12712 0x000001f087d25210 code [0x000001f087d253c0, 0x000001f087d25670]
Event: 14.301 Thread 0x000001f0f8ffc9e0 12711       4       java.nio.channels.spi.AbstractInterruptibleChannel::begin (48 bytes)
Event: 14.303 Thread 0x000001f0f8ffc9e0 nmethod 12711 0x000001f087d24b10 code [0x000001f087d24cc0, 0x000001f087d25030]
Event: 14.303 Thread 0x000001f0f8ffc9e0 12724   !   4       java.nio.channels.spi.AbstractInterruptibleChannel::close (37 bytes)
Event: 14.309 Thread 0x000001f0f8ffc9e0 nmethod 12724 0x000001f087d23910 code [0x000001f087d23b60, 0x000001f087d24530]
Event: 14.309 Thread 0x000001f0f8ffc9e0 12721   !   4       sun.nio.ch.ChannelInputStream::read (70 bytes)
Event: 14.322 Thread 0x000001f0f8ffc9e0 nmethod 12721 0x000001f087d22210 code [0x000001f087d224e0, 0x000001f087d23098]
Event: 14.323 Thread 0x000001f0f8ffc9e0 12723       4       sun.nio.fs.WindowsPath::getParent (5 bytes)
Event: 14.329 Thread 0x000001f0f8ffc9e0 nmethod 12723 0x000001f087d21110 code [0x000001f087d21300, 0x000001f087d21c38]
Event: 14.329 Thread 0x000001f0f8ffc9e0 12728       4       sun.nio.fs.WindowsPath::getParent (74 bytes)
Event: 14.336 Thread 0x000001f0f8ffc9e0 nmethod 12728 0x000001f087d20010 code [0x000001f087d20200, 0x000001f087d20b38]
Event: 14.336 Thread 0x000001f0f8ffc9e0 12220       4       org.eclipse.jdt.internal.compiler.util.JrtFileSystem$2::visitFile (10 bytes)
Event: 14.644 Thread 0x000001f0f8ffc9e0 nmethod 12220 0x000001f088122590 code [0x000001f088123040, 0x000001f08812c0f8]
Event: 14.645 Thread 0x000001f0f8ffc9e0 12221       4       org.eclipse.jdt.internal.compiler.util.JrtFileSystem$2::visitFile (72 bytes)

GC Heap History (20 events):
Event: 13.600 GC heap before
{Heap before GC invocations=283 (full 4):
 PSYoungGen      total 14848K, used 14758K [0x00000000d5580000, 0x00000000d6880000, 0x0000000100000000)
  eden space 11776K, 100% used [0x00000000d5580000,0x00000000d6100000,0x00000000d6100000)
  from space 3072K, 97% used [0x00000000d6580000,0x00000000d6869910,0x00000000d6880000)
  to   space 3584K, 0% used [0x00000000d6180000,0x00000000d6180000,0x00000000d6500000)
 ParOldGen       total 296448K, used 296025K [0x0000000080000000, 0x0000000092180000, 0x00000000d5580000)
  object space 296448K, 99% used [0x0000000080000000,0x00000000921166b0,0x0000000092180000)
 Metaspace       used 66670K, committed 68160K, reserved 1114112K
  class space    used 7184K, committed 7808K, reserved 1048576K
}
Event: 13.604 GC heap after
{Heap after GC invocations=283 (full 4):
 PSYoungGen      total 15872K, used 3580K [0x00000000d5580000, 0x00000000d7300000, 0x0000000100000000)
  eden space 12288K, 0% used [0x00000000d5580000,0x00000000d5580000,0x00000000d6180000)
  from space 3584K, 99% used [0x00000000d6180000,0x00000000d64ff2b8,0x00000000d6500000)
  to   space 8192K, 0% used [0x00000000d6b00000,0x00000000d6b00000,0x00000000d7300000)
 ParOldGen       total 299520K, used 299478K [0x0000000080000000, 0x0000000092480000, 0x00000000d5580000)
  object space 299520K, 99% used [0x0000000080000000,0x0000000092475a00,0x0000000092480000)
 Metaspace       used 66670K, committed 68160K, reserved 1114112K
  class space    used 7184K, committed 7808K, reserved 1048576K
}
Event: 13.620 GC heap before
{Heap before GC invocations=284 (full 4):
 PSYoungGen      total 15872K, used 15868K [0x00000000d5580000, 0x00000000d7300000, 0x0000000100000000)
  eden space 12288K, 100% used [0x00000000d5580000,0x00000000d6180000,0x00000000d6180000)
  from space 3584K, 99% used [0x00000000d6180000,0x00000000d64ff2b8,0x00000000d6500000)
  to   space 8192K, 0% used [0x00000000d6b00000,0x00000000d6b00000,0x00000000d7300000)
 ParOldGen       total 299520K, used 299478K [0x0000000080000000, 0x0000000092480000, 0x00000000d5580000)
  object space 299520K, 99% used [0x0000000080000000,0x0000000092475a00,0x0000000092480000)
 Metaspace       used 66670K, committed 68160K, reserved 1114112K
  class space    used 7184K, committed 7808K, reserved 1048576K
}
Event: 13.625 GC heap after
{Heap after GC invocations=284 (full 4):
 PSYoungGen      total 18944K, used 4103K [0x00000000d5580000, 0x00000000d6f80000, 0x0000000100000000)
  eden space 14336K, 0% used [0x00000000d5580000,0x00000000d5580000,0x00000000d6380000)
  from space 4608K, 89% used [0x00000000d6b00000,0x00000000d6f01fc8,0x00000000d6f80000)
  to   space 5632K, 0% used [0x00000000d6480000,0x00000000d6480000,0x00000000d6a00000)
 ParOldGen       total 303104K, used 302963K [0x0000000080000000, 0x0000000092800000, 0x00000000d5580000)
  object space 303104K, 99% used [0x0000000080000000,0x00000000927dced8,0x0000000092800000)
 Metaspace       used 66670K, committed 68160K, reserved 1114112K
  class space    used 7184K, committed 7808K, reserved 1048576K
}
Event: 13.649 GC heap before
{Heap before GC invocations=285 (full 4):
 PSYoungGen      total 18944K, used 18439K [0x00000000d5580000, 0x00000000d6f80000, 0x0000000100000000)
  eden space 14336K, 100% used [0x00000000d5580000,0x00000000d6380000,0x00000000d6380000)
  from space 4608K, 89% used [0x00000000d6b00000,0x00000000d6f01fc8,0x00000000d6f80000)
  to   space 5632K, 0% used [0x00000000d6480000,0x00000000d6480000,0x00000000d6a00000)
 ParOldGen       total 303104K, used 302963K [0x0000000080000000, 0x0000000092800000, 0x00000000d5580000)
  object space 303104K, 99% used [0x0000000080000000,0x00000000927dced8,0x0000000092800000)
 Metaspace       used 66670K, committed 68160K, reserved 1114112K
  class space    used 7184K, committed 7808K, reserved 1048576K
}
Event: 13.657 GC heap after
{Heap after GC invocations=285 (full 4):
 PSYoungGen      total 20992K, used 4688K [0x00000000d5580000, 0x00000000d7000000, 0x0000000100000000)
  eden space 15360K, 0% used [0x00000000d5580000,0x00000000d5580000,0x00000000d6480000)
  from space 5632K, 83% used [0x00000000d6480000,0x00000000d6914200,0x00000000d6a00000)
  to   space 5120K, 0% used [0x00000000d6b00000,0x00000000d6b00000,0x00000000d7000000)
 ParOldGen       total 307200K, used 306946K [0x0000000080000000, 0x0000000092c00000, 0x00000000d5580000)
  object space 307200K, 99% used [0x0000000080000000,0x0000000092bc0818,0x0000000092c00000)
 Metaspace       used 66670K, committed 68160K, reserved 1114112K
  class space    used 7184K, committed 7808K, reserved 1048576K
}
Event: 13.690 GC heap before
{Heap before GC invocations=286 (full 4):
 PSYoungGen      total 20992K, used 20048K [0x00000000d5580000, 0x00000000d7000000, 0x0000000100000000)
  eden space 15360K, 100% used [0x00000000d5580000,0x00000000d6480000,0x00000000d6480000)
  from space 5632K, 83% used [0x00000000d6480000,0x00000000d6914200,0x00000000d6a00000)
  to   space 5120K, 0% used [0x00000000d6b00000,0x00000000d6b00000,0x00000000d7000000)
 ParOldGen       total 307200K, used 306946K [0x0000000080000000, 0x0000000092c00000, 0x00000000d5580000)
  object space 307200K, 99% used [0x0000000080000000,0x0000000092bc0818,0x0000000092c00000)
 Metaspace       used 66670K, committed 68160K, reserved 1114112K
  class space    used 7184K, committed 7808K, reserved 1048576K
}
Event: 13.704 GC heap after
{Heap after GC invocations=286 (full 4):
 PSYoungGen      total 15360K, used 5096K [0x00000000d5580000, 0x00000000d7e00000, 0x0000000100000000)
  eden space 10240K, 0% used [0x00000000d5580000,0x00000000d5580000,0x00000000d5f80000)
  from space 5120K, 99% used [0x00000000d6b00000,0x00000000d6ffa370,0x00000000d7000000)
  to   space 11776K, 0% used [0x00000000d5f80000,0x00000000d5f80000,0x00000000d6b00000)
 ParOldGen       total 312320K, used 312260K [0x0000000080000000, 0x0000000093100000, 0x00000000d5580000)
  object space 312320K, 99% used [0x0000000080000000,0x00000000930f1208,0x0000000093100000)
 Metaspace       used 66670K, committed 68160K, reserved 1114112K
  class space    used 7184K, committed 7808K, reserved 1048576K
}
Event: 13.725 GC heap before
{Heap before GC invocations=287 (full 4):
 PSYoungGen      total 15360K, used 15318K [0x00000000d5580000, 0x00000000d7e00000, 0x0000000100000000)
  eden space 10240K, 99% used [0x00000000d5580000,0x00000000d5f7b840,0x00000000d5f80000)
  from space 5120K, 99% used [0x00000000d6b00000,0x00000000d6ffa370,0x00000000d7000000)
  to   space 11776K, 0% used [0x00000000d5f80000,0x00000000d5f80000,0x00000000d6b00000)
 ParOldGen       total 312320K, used 312260K [0x0000000080000000, 0x0000000093100000, 0x00000000d5580000)
  object space 312320K, 99% used [0x0000000080000000,0x00000000930f1208,0x0000000093100000)
 Metaspace       used 66670K, committed 68160K, reserved 1114112K
  class space    used 7184K, committed 7808K, reserved 1048576K
}
Event: 13.738 GC heap after
{Heap after GC invocations=287 (full 4):
 PSYoungGen      total 14848K, used 4121K [0x00000000d5580000, 0x00000000d6e80000, 0x0000000100000000)
  eden space 10240K, 0% used [0x00000000d5580000,0x00000000d5580000,0x00000000d5f80000)
  from space 4608K, 89% used [0x00000000d5f80000,0x00000000d6386418,0x00000000d6400000)
  to   space 6656K, 0% used [0x00000000d6800000,0x00000000d6800000,0x00000000d6e80000)
 ParOldGen       total 317440K, used 317134K [0x0000000080000000, 0x0000000093600000, 0x00000000d5580000)
  object space 317440K, 99% used [0x0000000080000000,0x00000000935b3958,0x0000000093600000)
 Metaspace       used 66670K, committed 68160K, reserved 1114112K
  class space    used 7184K, committed 7808K, reserved 1048576K
}
Event: 13.758 GC heap before
{Heap before GC invocations=288 (full 4):
 PSYoungGen      total 14848K, used 14361K [0x00000000d5580000, 0x00000000d6e80000, 0x0000000100000000)
  eden space 10240K, 100% used [0x00000000d5580000,0x00000000d5f80000,0x00000000d5f80000)
  from space 4608K, 89% used [0x00000000d5f80000,0x00000000d6386418,0x00000000d6400000)
  to   space 6656K, 0% used [0x00000000d6800000,0x00000000d6800000,0x00000000d6e80000)
 ParOldGen       total 317440K, used 317134K [0x0000000080000000, 0x0000000093600000, 0x00000000d5580000)
  object space 317440K, 99% used [0x0000000080000000,0x00000000935b3958,0x0000000093600000)
 Metaspace       used 66670K, committed 68160K, reserved 1114112K
  class space    used 7184K, committed 7808K, reserved 1048576K
}
Event: 13.770 GC heap after
{Heap after GC invocations=288 (full 4):
 PSYoungGen      total 16896K, used 4248K [0x00000000d5580000, 0x00000000d6c80000, 0x0000000100000000)
  eden space 12288K, 0% used [0x00000000d5580000,0x00000000d5580000,0x00000000d6180000)
  from space 4608K, 92% used [0x00000000d6800000,0x00000000d6c26258,0x00000000d6c80000)
  to   space 4608K, 0% used [0x00000000d6380000,0x00000000d6380000,0x00000000d6800000)
 ParOldGen       total 321536K, used 321114K [0x0000000080000000, 0x0000000093a00000, 0x00000000d5580000)
  object space 321536K, 99% used [0x0000000080000000,0x0000000093996b88,0x0000000093a00000)
 Metaspace       used 66670K, committed 68160K, reserved 1114112K
  class space    used 7184K, committed 7808K, reserved 1048576K
}
Event: 13.831 GC heap before
{Heap before GC invocations=289 (full 4):
 PSYoungGen      total 16896K, used 16536K [0x00000000d5580000, 0x00000000d6c80000, 0x0000000100000000)
  eden space 12288K, 100% used [0x00000000d5580000,0x00000000d6180000,0x00000000d6180000)
  from space 4608K, 92% used [0x00000000d6800000,0x00000000d6c26258,0x00000000d6c80000)
  to   space 4608K, 0% used [0x00000000d6380000,0x00000000d6380000,0x00000000d6800000)
 ParOldGen       total 321536K, used 321114K [0x0000000080000000, 0x0000000093a00000, 0x00000000d5580000)
  object space 321536K, 99% used [0x0000000080000000,0x0000000093996b88,0x0000000093a00000)
 Metaspace       used 66670K, committed 68160K, reserved 1114112K
  class space    used 7184K, committed 7808K, reserved 1048576K
}
Event: 13.847 GC heap after
{Heap after GC invocations=289 (full 4):
 PSYoungGen      total 18944K, used 4603K [0x00000000d5580000, 0x00000000d7680000, 0x0000000100000000)
  eden space 14336K, 0% used [0x00000000d5580000,0x00000000d5580000,0x00000000d6380000)
  from space 4608K, 99% used [0x00000000d6380000,0x00000000d67fec70,0x00000000d6800000)
  to   space 9728K, 0% used [0x00000000d6d00000,0x00000000d6d00000,0x00000000d7680000)
 ParOldGen       total 325632K, used 325313K [0x0000000080000000, 0x0000000093e00000, 0x00000000d5580000)
  object space 325632K, 99% used [0x0000000080000000,0x0000000093db04d0,0x0000000093e00000)
 Metaspace       used 66670K, committed 68160K, reserved 1114112K
  class space    used 7184K, committed 7808K, reserved 1048576K
}
Event: 14.111 GC heap before
{Heap before GC invocations=290 (full 4):
 PSYoungGen      total 18944K, used 18939K [0x00000000d5580000, 0x00000000d7680000, 0x0000000100000000)
  eden space 14336K, 100% used [0x00000000d5580000,0x00000000d6380000,0x00000000d6380000)
  from space 4608K, 99% used [0x00000000d6380000,0x00000000d67fec70,0x00000000d6800000)
  to   space 9728K, 0% used [0x00000000d6d00000,0x00000000d6d00000,0x00000000d7680000)
 ParOldGen       total 325632K, used 325313K [0x0000000080000000, 0x0000000093e00000, 0x00000000d5580000)
  object space 325632K, 99% used [0x0000000080000000,0x0000000093db04d0,0x0000000093e00000)
 Metaspace       used 66679K, committed 68160K, reserved 1114112K
  class space    used 7184K, committed 7808K, reserved 1048576K
}
Event: 14.117 GC heap after
{Heap after GC invocations=290 (full 4):
 PSYoungGen      total 24064K, used 5998K [0x00000000d5580000, 0x00000000d7400000, 0x0000000100000000)
  eden space 16896K, 0% used [0x00000000d5580000,0x00000000d5580000,0x00000000d6600000)
  from space 7168K, 83% used [0x00000000d6d00000,0x00000000d72db938,0x00000000d7400000)
  to   space 7168K, 0% used [0x00000000d6600000,0x00000000d6600000,0x00000000d6d00000)
 ParOldGen       total 330240K, used 329731K [0x0000000080000000, 0x0000000094280000, 0x00000000d5580000)
  object space 330240K, 99% used [0x0000000080000000,0x0000000094200c70,0x0000000094280000)
 Metaspace       used 66679K, committed 68160K, reserved 1114112K
  class space    used 7184K, committed 7808K, reserved 1048576K
}
Event: 14.313 GC heap before
{Heap before GC invocations=291 (full 4):
 PSYoungGen      total 24064K, used 22894K [0x00000000d5580000, 0x00000000d7400000, 0x0000000100000000)
  eden space 16896K, 100% used [0x00000000d5580000,0x00000000d6600000,0x00000000d6600000)
  from space 7168K, 83% used [0x00000000d6d00000,0x00000000d72db938,0x00000000d7400000)
  to   space 7168K, 0% used [0x00000000d6600000,0x00000000d6600000,0x00000000d6d00000)
 ParOldGen       total 330240K, used 329731K [0x0000000080000000, 0x0000000094280000, 0x00000000d5580000)
  object space 330240K, 99% used [0x0000000080000000,0x0000000094200c70,0x0000000094280000)
 Metaspace       used 66679K, committed 68160K, reserved 1114112K
  class space    used 7184K, committed 7808K, reserved 1048576K
}
Event: 14.322 GC heap after
{Heap after GC invocations=291 (full 4):
 PSYoungGen      total 24064K, used 7161K [0x00000000d5580000, 0x00000000d8e80000, 0x0000000100000000)
  eden space 16896K, 0% used [0x00000000d5580000,0x00000000d5580000,0x00000000d6600000)
  from space 7168K, 99% used [0x00000000d6600000,0x00000000d6cfe740,0x00000000d6d00000)
  to   space 19456K, 0% used [0x00000000d7b80000,0x00000000d7b80000,0x00000000d8e80000)
 ParOldGen       total 339968K, used 339830K [0x0000000080000000, 0x0000000094c00000, 0x00000000d5580000)
  object space 339968K, 99% used [0x0000000080000000,0x0000000094bddbd8,0x0000000094c00000)
 Metaspace       used 66679K, committed 68160K, reserved 1114112K
  class space    used 7184K, committed 7808K, reserved 1048576K
}
Event: 14.551 GC heap before
{Heap before GC invocations=292 (full 4):
 PSYoungGen      total 24064K, used 24057K [0x00000000d5580000, 0x00000000d8e80000, 0x0000000100000000)
  eden space 16896K, 100% used [0x00000000d5580000,0x00000000d6600000,0x00000000d6600000)
  from space 7168K, 99% used [0x00000000d6600000,0x00000000d6cfe740,0x00000000d6d00000)
  to   space 19456K, 0% used [0x00000000d7b80000,0x00000000d7b80000,0x00000000d8e80000)
 ParOldGen       total 339968K, used 339830K [0x0000000080000000, 0x0000000094c00000, 0x00000000d5580000)
  object space 339968K, 99% used [0x0000000080000000,0x0000000094bddbd8,0x0000000094c00000)
 Metaspace       used 66679K, committed 68160K, reserved 1114112K
  class space    used 7184K, committed 7808K, reserved 1048576K
}
Event: 14.572 GC heap after
{Heap after GC invocations=292 (full 4):
 PSYoungGen      total 37888K, used 18253K [0x00000000d5580000, 0x00000000d8d80000, 0x0000000100000000)
  eden space 19456K, 0% used [0x00000000d5580000,0x00000000d5580000,0x00000000d6880000)
  from space 18432K, 99% used [0x00000000d7b80000,0x00000000d8d53610,0x00000000d8d80000)
  to   space 18944K, 0% used [0x00000000d6880000,0x00000000d6880000,0x00000000d7b00000)
 ParOldGen       total 343040K, used 342717K [0x0000000080000000, 0x0000000094f00000, 0x00000000d5580000)
  object space 343040K, 99% used [0x0000000080000000,0x0000000094eaf638,0x0000000094f00000)
 Metaspace       used 66679K, committed 68160K, reserved 1114112K
  class space    used 7184K, committed 7808K, reserved 1048576K
}

Dll operation events (14 events):
Event: 0.005 Loaded shared library c:\Users\tomas\.vscode\extensions\redhat.java-1.54.0-win32-x64\jre\21.0.10-win32-x86_64\bin\java.dll
Event: 0.047 Loaded shared library c:\Users\tomas\.vscode\extensions\redhat.java-1.54.0-win32-x64\jre\21.0.10-win32-x86_64\bin\zip.dll
Event: 0.060 Loaded shared library C:\Users\tomas\.vscode\extensions\redhat.java-1.54.0-win32-x64\jre\21.0.10-win32-x86_64\bin\instrument.dll
Event: 0.063 Loaded shared library C:\Users\tomas\.vscode\extensions\redhat.java-1.54.0-win32-x64\jre\21.0.10-win32-x86_64\bin\net.dll
Event: 0.064 Loaded shared library C:\Users\tomas\.vscode\extensions\redhat.java-1.54.0-win32-x64\jre\21.0.10-win32-x86_64\bin\nio.dll
Event: 0.066 Loaded shared library C:\Users\tomas\.vscode\extensions\redhat.java-1.54.0-win32-x64\jre\21.0.10-win32-x86_64\bin\zip.dll
Event: 0.081 Loaded shared library C:\Users\tomas\.vscode\extensions\redhat.java-1.54.0-win32-x64\jre\21.0.10-win32-x86_64\bin\jimage.dll
Event: 0.128 Loaded shared library c:\Users\tomas\.vscode\extensions\redhat.java-1.54.0-win32-x64\jre\21.0.10-win32-x86_64\bin\verify.dll
Event: 0.949 Loaded shared library C:\Users\tomas\AppData\Roaming\Code\User\globalStorage\redhat.java\1.54.0\config_win\org.eclipse.equinox.launcher\org.eclipse.equinox.launcher.win32.win32.x86_64_1.3.0.v20260203-2149\eclipse_11919.dll
Event: 3.547 Loaded shared library C:\Users\tomas\.vscode\extensions\redhat.java-1.54.0-win32-x64\jre\21.0.10-win32-x86_64\bin\management.dll
Event: 3.549 Loaded shared library C:\Users\tomas\.vscode\extensions\redhat.java-1.54.0-win32-x64\jre\21.0.10-win32-x86_64\bin\management_ext.dll
Event: 4.291 Loaded shared library C:\Users\tomas\AppData\Local\Temp\jna-110543108\jna15394370863014344095.dll
Event: 4.470 Loaded shared library C:\Users\tomas\.vscode\extensions\redhat.java-1.54.0-win32-x64\jre\21.0.10-win32-x86_64\bin\sunmscapi.dll
Event: 4.546 Loaded shared library C:\Users\tomas\.vscode\extensions\redhat.java-1.54.0-win32-x64\jre\21.0.10-win32-x86_64\bin\extnet.dll

Deoptimization events (20 events):
Event: 14.166 Thread 0x000001f0ffabd7a0 DEOPT PACKING pc=0x000001f0802217cb sp=0x000000c197dfef00
Event: 14.166 Thread 0x000001f0ffabd7a0 DEOPT UNPACKING pc=0x000001f0874a4242 sp=0x000000c197dfe3c8 mode 0
Event: 14.172 Thread 0x000001f0ffabd7a0 DEOPT PACKING pc=0x000001f0802217cb sp=0x000000c197dfef00
Event: 14.172 Thread 0x000001f0ffabd7a0 DEOPT UNPACKING pc=0x000001f0874a4242 sp=0x000000c197dfe3c8 mode 0
Event: 14.174 Thread 0x000001f0ffabd7a0 DEOPT PACKING pc=0x000001f0802217cb sp=0x000000c197dfef00
Event: 14.174 Thread 0x000001f0ffabd7a0 DEOPT UNPACKING pc=0x000001f0874a4242 sp=0x000000c197dfe3c8 mode 0
Event: 14.175 Thread 0x000001f0ffabd7a0 DEOPT PACKING pc=0x000001f0802217cb sp=0x000000c197dfef00
Event: 14.175 Thread 0x000001f0ffabd7a0 DEOPT UNPACKING pc=0x000001f0874a4242 sp=0x000000c197dfe3c8 mode 0
Event: 14.176 Thread 0x000001f0ffabd7a0 DEOPT PACKING pc=0x000001f0802217cb sp=0x000000c197dfef00
Event: 14.176 Thread 0x000001f0ffabd7a0 DEOPT UNPACKING pc=0x000001f0874a4242 sp=0x000000c197dfe3c8 mode 0
Event: 14.180 Thread 0x000001f0ffabd7a0 DEOPT PACKING pc=0x000001f0802217cb sp=0x000000c197dfef00
Event: 14.180 Thread 0x000001f0ffabd7a0 DEOPT UNPACKING pc=0x000001f0874a4242 sp=0x000000c197dfe3c8 mode 0
Event: 14.181 Thread 0x000001f0ffabd7a0 DEOPT PACKING pc=0x000001f0802217cb sp=0x000000c197dfef00
Event: 14.181 Thread 0x000001f0ffabd7a0 DEOPT UNPACKING pc=0x000001f0874a4242 sp=0x000000c197dfe3c8 mode 0
Event: 14.183 Thread 0x000001f0ffabd7a0 DEOPT PACKING pc=0x000001f0802217cb sp=0x000000c197dfef00
Event: 14.183 Thread 0x000001f0ffabd7a0 DEOPT UNPACKING pc=0x000001f0874a4242 sp=0x000000c197dfe3c8 mode 0
Event: 14.184 Thread 0x000001f0ffabd7a0 DEOPT PACKING pc=0x000001f0802217cb sp=0x000000c197dfef00
Event: 14.184 Thread 0x000001f0ffabd7a0 DEOPT UNPACKING pc=0x000001f0874a4242 sp=0x000000c197dfe3c8 mode 0
Event: 14.185 Thread 0x000001f0ffabd7a0 DEOPT PACKING pc=0x000001f0802217cb sp=0x000000c197dfef00
Event: 14.185 Thread 0x000001f0ffabd7a0 DEOPT UNPACKING pc=0x000001f0874a4242 sp=0x000000c197dfe3c8 mode 0

Classes loaded (20 events):
Event: 10.258 Loading class java/util/stream/ReduceOps$CountingSink$OfRef
Event: 10.258 Loading class java/util/stream/ReduceOps$CountingSink
Event: 10.258 Loading class java/util/stream/ReduceOps$CountingSink done
Event: 10.258 Loading class java/util/stream/ReduceOps$CountingSink$OfRef done
Event: 10.319 Loading class java/util/stream/ReduceOps$1
Event: 10.319 Loading class java/util/stream/ReduceOps$1 done
Event: 10.319 Loading class java/util/stream/ReduceOps$1ReducingSink
Event: 10.320 Loading class java/util/stream/ReduceOps$1ReducingSink done
Event: 10.338 Loading class java/io/SequenceInputStream
Event: 10.338 Loading class java/io/SequenceInputStream done
Event: 10.343 Loading class org/xml/sax/SAXNotRecognizedException
Event: 10.343 Loading class org/xml/sax/SAXNotRecognizedException done
Event: 10.343 Loading class org/xml/sax/SAXNotSupportedException
Event: 10.343 Loading class org/xml/sax/SAXNotSupportedException done
Event: 10.344 Loading class com/sun/org/apache/xerces/internal/util/URI
Event: 10.345 Loading class com/sun/org/apache/xerces/internal/util/URI done
Event: 10.345 Loading class com/sun/org/apache/xerces/internal/xni/XNIException
Event: 10.345 Loading class com/sun/org/apache/xerces/internal/xni/XNIException done
Event: 10.360 Loading class com/sun/org/apache/xerces/internal/xni/parser/XMLParseException
Event: 10.360 Loading class com/sun/org/apache/xerces/internal/xni/parser/XMLParseException done

Classes unloaded (11 events):
Event: 3.908 Thread 0x000001f0f003cc10 Unloading class 0x000001f0901a4000 'java/lang/invoke/LambdaForm$MH+0x000001f0901a4000'
Event: 3.908 Thread 0x000001f0f003cc10 Unloading class 0x000001f0901a3c00 'java/lang/invoke/LambdaForm$MH+0x000001f0901a3c00'
Event: 3.908 Thread 0x000001f0f003cc10 Unloading class 0x000001f0901a3800 'java/lang/invoke/LambdaForm$MH+0x000001f0901a3800'
Event: 3.908 Thread 0x000001f0f003cc10 Unloading class 0x000001f0901a3400 'java/lang/invoke/LambdaForm$MH+0x000001f0901a3400'
Event: 3.908 Thread 0x000001f0f003cc10 Unloading class 0x000001f0901a3000 'java/lang/invoke/LambdaForm$BMH+0x000001f0901a3000'
Event: 3.908 Thread 0x000001f0f003cc10 Unloading class 0x000001f0901a2c00 'java/lang/invoke/LambdaForm$DMH+0x000001f0901a2c00'
Event: 3.908 Thread 0x000001f0f003cc10 Unloading class 0x000001f0901a1800 'java/lang/invoke/LambdaForm$DMH+0x000001f0901a1800'
Event: 7.552 Thread 0x000001f0f003cc10 Unloading class 0x000001f090648c00 'java/lang/invoke/LambdaForm$DMH+0x000001f090648c00'
Event: 7.552 Thread 0x000001f0f003cc10 Unloading class 0x000001f090648800 'java/lang/invoke/LambdaForm$DMH+0x000001f090648800'
Event: 7.552 Thread 0x000001f0f003cc10 Unloading class 0x000001f090648000 'java/lang/invoke/LambdaForm$DMH+0x000001f090648000'
Event: 7.552 Thread 0x000001f0f003cc10 Unloading class 0x000001f090641c00 'java/lang/invoke/LambdaForm$DMH+0x000001f090641c00'

Classes redefined (0 events):
No events

Internal exceptions (20 events):
Event: 8.964 Thread 0x000001f0d10fd770 Exception <a 'sun/nio/fs/WindowsException'{0x00000000d60ea4f0}> (0x00000000d60ea4f0) 
thrown [s\src\hotspot\share\prims\jni.cpp, line 520]
Event: 8.973 Thread 0x000001f0d10fd770 Exception <a 'sun/nio/fs/WindowsException'{0x00000000d612b010}> (0x00000000d612b010) 
thrown [s\src\hotspot\share\prims\jni.cpp, line 520]
Event: 8.973 Thread 0x000001f0d10fd770 Exception <a 'sun/nio/fs/WindowsException'{0x00000000d612bb68}> (0x00000000d612bb68) 
thrown [s\src\hotspot\share\prims\jni.cpp, line 520]
Event: 9.212 Thread 0x000001f0ffabff00 Exception <a 'java/lang/NoSuchMethodError'{0x00000000d6205318}: 'java.lang.Object java.lang.invoke.DirectMethodHandle$Holder.newInvokeSpecial(java.lang.Object, java.lang.Object, int, java.lang.Object, java.lang.Object)'> (0x00000000d6205318) 
thrown [s\src\hotspot\share\interpreter\linkResolver.cpp, line 773]
Event: 9.215 Thread 0x000001f0ffabff00 Exception <a 'java/lang/NoSuchMethodError'{0x00000000d621f4a8}: 'java.lang.Object java.lang.invoke.DirectMethodHandle$Holder.invokeSpecial(java.lang.Object, java.lang.Object, java.lang.Object, int, java.lang.Object, java.lang.Object, java.lang.Object)'> (0x00000000d621f4a8) 
thrown [s\src\hotspot\share\interpreter\linkResolver.cpp, line 773]
Event: 9.404 Thread 0x000001f0d0bfb6d0 Exception <a 'sun/nio/fs/WindowsException'{0x00000000d57c1178}> (0x00000000d57c1178) 
thrown [s\src\hotspot\share\prims\jni.cpp, line 520]
Event: 9.404 Thread 0x000001f0d0bfb6d0 Exception <a 'sun/nio/fs/WindowsException'{0x00000000d57c1758}> (0x00000000d57c1758) 
thrown [s\src\hotspot\share\prims\jni.cpp, line 520]
Event: 9.405 Thread 0x000001f0d0bfb6d0 Exception <a 'sun/nio/fs/WindowsException'{0x00000000d57dcad8}> (0x00000000d57dcad8) 
thrown [s\src\hotspot\share\prims\jni.cpp, line 520]
Event: 9.405 Thread 0x000001f0d0bfb6d0 Exception <a 'sun/nio/fs/WindowsException'{0x00000000d57dd128}> (0x00000000d57dd128) 
thrown [s\src\hotspot\share\prims\jni.cpp, line 520]
Event: 9.405 Thread 0x000001f0d0bfb6d0 Exception <a 'sun/nio/fs/WindowsException'{0x00000000d57ef610}> (0x00000000d57ef610) 
thrown [s\src\hotspot\share\prims\jni.cpp, line 520]
Event: 9.405 Thread 0x000001f0d0bfb6d0 Exception <a 'sun/nio/fs/WindowsException'{0x00000000d57efc60}> (0x00000000d57efc60) 
thrown [s\src\hotspot\share\prims\jni.cpp, line 520]
Event: 9.410 Thread 0x000001f0d0bfb6d0 Exception <a 'sun/nio/fs/WindowsException'{0x00000000d585cae0}> (0x00000000d585cae0) 
thrown [s\src\hotspot\share\prims\jni.cpp, line 520]
Event: 9.410 Thread 0x000001f0d0bfb6d0 Exception <a 'sun/nio/fs/WindowsException'{0x00000000d585d390}> (0x00000000d585d390) 
thrown [s\src\hotspot\share\prims\jni.cpp, line 520]
Event: 9.571 Thread 0x000001f0ffabd7a0 Implicit null exception at 0x000001f0880746e9 to 0x000001f0880748bc
Event: 9.693 Thread 0x000001f0d0bfb6d0 Implicit null exception at 0x000001f088055e86 to 0x000001f088055f90
Event: 9.699 Thread 0x000001f0d0bfb6d0 Implicit null exception at 0x000001f088012b86 to 0x000001f088012cb1
Event: 10.259 Thread 0x000001f0d0bfb6d0 Exception <a 'sun/nio/fs/WindowsException'{0x00000000d5598500}> (0x00000000d5598500) 
thrown [s\src\hotspot\share\prims\jni.cpp, line 520]
Event: 10.259 Thread 0x000001f0d0bfb6d0 Exception <a 'sun/nio/fs/WindowsException'{0x00000000d5598b50}> (0x00000000d5598b50) 
thrown [s\src\hotspot\share\prims\jni.cpp, line 520]
Event: 10.324 Thread 0x000001f0d0bfb6d0 Exception <a 'java/lang/NoSuchMethodError'{0x00000000d5c9b238}: 'java.lang.Object java.lang.invoke.DirectMethodHandle$Holder.invokeStatic(java.lang.Object, java.lang.Object, int, java.lang.Object)'> (0x00000000d5c9b238) 
thrown [s\src\hotspot\share\interpreter\linkResolver.cpp, line 773]
Event: 13.146 Thread 0x000001f0ffabd7a0 Implicit null exception at 0x000001f088102688 to 0x000001f0881066c4

ZGC Phase Switch (0 events):
No events

VM Operations (20 events):
Event: 13.600 Executing safepoint VM operation: ParallelGCFailedAllocation (Allocation Failure)
Event: 13.604 Executing safepoint VM operation: ParallelGCFailedAllocation (Allocation Failure) done
Event: 13.620 Executing safepoint VM operation: ParallelGCFailedAllocation (Allocation Failure)
Event: 13.625 Executing safepoint VM operation: ParallelGCFailedAllocation (Allocation Failure) done
Event: 13.648 Executing safepoint VM operation: ParallelGCFailedAllocation (Allocation Failure)
Event: 13.657 Executing safepoint VM operation: ParallelGCFailedAllocation (Allocation Failure) done
Event: 13.689 Executing safepoint VM operation: ParallelGCFailedAllocation (Allocation Failure)
Event: 13.705 Executing safepoint VM operation: ParallelGCFailedAllocation (Allocation Failure) done
Event: 13.724 Executing safepoint VM operation: ParallelGCFailedAllocation (Allocation Failure)
Event: 13.738 Executing safepoint VM operation: ParallelGCFailedAllocation (Allocation Failure) done
Event: 13.758 Executing safepoint VM operation: ParallelGCFailedAllocation (Allocation Failure)
Event: 13.770 Executing safepoint VM operation: ParallelGCFailedAllocation (Allocation Failure) done
Event: 13.830 Executing safepoint VM operation: ParallelGCFailedAllocation (Allocation Failure)
Event: 13.847 Executing safepoint VM operation: ParallelGCFailedAllocation (Allocation Failure) done
Event: 14.111 Executing safepoint VM operation: ParallelGCFailedAllocation (Allocation Failure)
Event: 14.117 Executing safepoint VM operation: ParallelGCFailedAllocation (Allocation Failure) done
Event: 14.313 Executing safepoint VM operation: ParallelGCFailedAllocation (Allocation Failure)
Event: 14.322 Executing safepoint VM operation: ParallelGCFailedAllocation (Allocation Failure) done
Event: 14.550 Executing safepoint VM operation: ParallelGCFailedAllocation (Allocation Failure)
Event: 14.572 Executing safepoint VM operation: ParallelGCFailedAllocation (Allocation Failure) done

Memory protections (0 events):
No events

Nmethod flushes (20 events):
Event: 11.740 Thread 0x000001f0f003cc10 flushing  nmethod 0x000001f0810f7b10
Event: 11.740 Thread 0x000001f0f003cc10 flushing  nmethod 0x000001f0810fdc90
Event: 11.740 Thread 0x000001f0f003cc10 flushing  nmethod 0x000001f081107510
Event: 11.740 Thread 0x000001f0f003cc10 flushing  nmethod 0x000001f081131a10
Event: 11.740 Thread 0x000001f0f003cc10 flushing  nmethod 0x000001f08116e810
Event: 11.740 Thread 0x000001f0f003cc10 flushing  nmethod 0x000001f0811d5c90
Event: 11.740 Thread 0x000001f0f003cc10 flushing  nmethod 0x000001f0811d8290
Event: 11.740 Thread 0x000001f0f003cc10 flushing  nmethod 0x000001f0811e0090
Event: 11.740 Thread 0x000001f0f003cc10 flushing  nmethod 0x000001f0811f0c10
Event: 11.740 Thread 0x000001f0f003cc10 flushing  nmethod 0x000001f0811f1a90
Event: 11.740 Thread 0x000001f0f003cc10 flushing  nmethod 0x000001f0811f2110
Event: 11.740 Thread 0x000001f0f003cc10 flushing  nmethod 0x000001f0811f2910
Event: 11.740 Thread 0x000001f0f003cc10 flushing  nmethod 0x000001f0811f4610
Event: 11.740 Thread 0x000001f0f003cc10 flushing  nmethod 0x000001f0811f5010
Event: 11.740 Thread 0x000001f0f003cc10 flushing  nmethod 0x000001f0811f5c10
Event: 11.740 Thread 0x000001f0f003cc10 flushing  nmethod 0x000001f08120dc90
Event: 11.740 Thread 0x000001f0f003cc10 flushing  nmethod 0x000001f081214090
Event: 11.740 Thread 0x000001f0f003cc10 flushing  nmethod 0x000001f081218a10
Event: 11.740 Thread 0x000001f0f003cc10 flushing  nmethod 0x000001f081232d90
Event: 11.740 Thread 0x000001f0f003cc10 flushing  nmethod 0x000001f08130f210

Events (20 events):
Event: 8.445 Thread 0x000001f0d0bfeb50 Thread added: 0x000001f0d10fb6a0
Event: 8.446 Thread 0x000001f0d0bfeb50 Thread added: 0x000001f0d10fbd30
Event: 8.447 Thread 0x000001f0d0bfeb50 Thread added: 0x000001f0d10fd770
Event: 8.447 Thread 0x000001f0d0bfeb50 Thread added: 0x000001f0d10fde00
Event: 8.447 Thread 0x000001f0d10fde00 Thread added: 0x000001f0d10fd0e0
Event: 8.454 Thread 0x000001f0ffabeb50 Thread added: 0x000001f0d10fa2f0
Event: 8.455 Thread 0x000001f0d10fa2f0 Thread exited: 0x000001f0d10fa2f0
Event: 8.585 Thread 0x000001f0ffabff00 Thread added: 0x000001f0d10fc3c0
Event: 9.240 Thread 0x000001f0ffabff00 Thread added: 0x000001f0d10fe490
Event: 9.240 Thread 0x000001f0ffabff00 Thread added: 0x000001f0d1100bf0
Event: 9.240 Thread 0x000001f0ffabff00 Thread added: 0x000001f0d10ffed0
Event: 9.241 Thread 0x000001f0ffabff00 Thread added: 0x000001f0d10fca50
Event: 9.241 Thread 0x000001f0ffabff00 Thread added: 0x000001f0d10ff1b0
Event: 9.250 Thread 0x000001f0d10fe490 Thread exited: 0x000001f0d10fe490
Event: 9.251 Thread 0x000001f0d10ffed0 Thread exited: 0x000001f0d10ffed0
Event: 9.251 Thread 0x000001f0d1100bf0 Thread exited: 0x000001f0d1100bf0
Event: 9.251 Thread 0x000001f0d10fca50 Thread exited: 0x000001f0d10fca50
Event: 9.251 Thread 0x000001f0d10ff1b0 Thread exited: 0x000001f0d10ff1b0
Event: 11.973 Thread 0x000001f0f90cb960 Thread exited: 0x000001f0f90cb960
Event: 11.973 Thread 0x000001f0ffb42830 Thread exited: 0x000001f0ffb42830


Dynamic libraries:
0x00007ff70fd10000 - 0x00007ff70fd1e000 	c:\Users\tomas\.vscode\extensions\redhat.java-1.54.0-win32-x64\jre\21.0.10-win32-x86_64\bin\java.exe
0x00007ff9bcf50000 - 0x00007ff9bd148000 	C:\WINDOWS\SYSTEM32\ntdll.dll
0x00007ff9bcc60000 - 0x00007ff9bcd22000 	C:\WINDOWS\System32\KERNEL32.DLL
0x00007ff9bab10000 - 0x00007ff9bae06000 	C:\WINDOWS\System32\KERNELBASE.dll
0x00007ff9ba850000 - 0x00007ff9ba950000 	C:\WINDOWS\System32\ucrtbase.dll
0x00007ff98e200000 - 0x00007ff98e21e000 	c:\Users\tomas\.vscode\extensions\redhat.java-1.54.0-win32-x64\jre\21.0.10-win32-x86_64\bin\VCRUNTIME140.dll
0x00007ff9a23c0000 - 0x00007ff9a23d8000 	c:\Users\tomas\.vscode\extensions\redhat.java-1.54.0-win32-x64\jre\21.0.10-win32-x86_64\bin\jli.dll
0x00007ff9bb330000 - 0x00007ff9bb4d1000 	C:\WINDOWS\System32\USER32.dll
0x00007ff9a6900000 - 0x00007ff9a6b9b000 	C:\WINDOWS\WinSxS\amd64_microsoft.windows.common-controls_6595b64144ccf1df_6.0.19041.6456_none_60b8a6cb71f64256\COMCTL32.dll
0x00007ff9bbba0000 - 0x00007ff9bbc3e000 	C:\WINDOWS\System32\msvcrt.dll
0x00007ff9ba6f0000 - 0x00007ff9ba712000 	C:\WINDOWS\System32\win32u.dll
0x00007ff9bcbd0000 - 0x00007ff9bcbfb000 	C:\WINDOWS\System32\GDI32.dll
0x00007ff9ba950000 - 0x00007ff9baa69000 	C:\WINDOWS\System32\gdi32full.dll
0x00007ff9baa70000 - 0x00007ff9bab0d000 	C:\WINDOWS\System32\msvcp_win.dll
0x00007ff9bcba0000 - 0x00007ff9bcbcf000 	C:\WINDOWS\System32\IMM32.DLL
0x00007ff9ab9f0000 - 0x00007ff9ab9fc000 	c:\Users\tomas\.vscode\extensions\redhat.java-1.54.0-win32-x64\jre\21.0.10-win32-x86_64\bin\vcruntime140_1.dll
0x00007ff980ce0000 - 0x00007ff980d6d000 	c:\Users\tomas\.vscode\extensions\redhat.java-1.54.0-win32-x64\jre\21.0.10-win32-x86_64\bin\msvcp140.dll
0x00007ff9339b0000 - 0x00007ff934751000 	c:\Users\tomas\.vscode\extensions\redhat.java-1.54.0-win32-x64\jre\21.0.10-win32-x86_64\bin\server\jvm.dll
0x00007ff9bc930000 - 0x00007ff9bc9e1000 	C:\WINDOWS\System32\ADVAPI32.dll
0x00007ff9bbdc0000 - 0x00007ff9bbe5f000 	C:\WINDOWS\System32\sechost.dll
0x00007ff9bbc40000 - 0x00007ff9bbd60000 	C:\WINDOWS\System32\RPCRT4.dll
0x00007ff9ba720000 - 0x00007ff9ba747000 	C:\WINDOWS\System32\bcrypt.dll
0x00007ff9bc140000 - 0x00007ff9bc1ab000 	C:\WINDOWS\System32\WS2_32.dll
0x00007ff9b9b20000 - 0x00007ff9b9b6b000 	C:\WINDOWS\SYSTEM32\POWRPROF.dll
0x00007ff9aee30000 - 0x00007ff9aee57000 	C:\WINDOWS\SYSTEM32\WINMM.dll
0x00007ff9b79c0000 - 0x00007ff9b79ca000 	C:\WINDOWS\SYSTEM32\VERSION.dll
0x00007ff9b99e0000 - 0x00007ff9b99f2000 	C:\WINDOWS\SYSTEM32\UMPDC.dll
0x00007ff9b8df0000 - 0x00007ff9b8e02000 	C:\WINDOWS\SYSTEM32\kernel.appcore.dll
0x00007ff9a93f0000 - 0x00007ff9a93fa000 	c:\Users\tomas\.vscode\extensions\redhat.java-1.54.0-win32-x64\jre\21.0.10-win32-x86_64\bin\jimage.dll
0x00007ff9b8990000 - 0x00007ff9b8b91000 	C:\WINDOWS\SYSTEM32\DBGHELP.DLL
0x00007ff9ac9a0000 - 0x00007ff9ac9d4000 	C:\WINDOWS\SYSTEM32\dbgcore.DLL
0x00007ff9ba5e0000 - 0x00007ff9ba662000 	C:\WINDOWS\System32\bcryptPrimitives.dll
0x00007ff9a8aa0000 - 0x00007ff9a8aaf000 	c:\Users\tomas\.vscode\extensions\redhat.java-1.54.0-win32-x64\jre\21.0.10-win32-x86_64\bin\instrument.dll
0x00007ff9860c0000 - 0x00007ff9860e0000 	c:\Users\tomas\.vscode\extensions\redhat.java-1.54.0-win32-x64\jre\21.0.10-win32-x86_64\bin\java.dll
0x00007ff9bc1c0000 - 0x00007ff9bc930000 	C:\WINDOWS\System32\SHELL32.dll
0x00007ff9b8120000 - 0x00007ff9b88c5000 	C:\WINDOWS\SYSTEM32\windows.storage.dll
0x00007ff9bafd0000 - 0x00007ff9bb324000 	C:\WINDOWS\System32\combase.dll
0x00007ff9ba010000 - 0x00007ff9ba03b000 	C:\WINDOWS\SYSTEM32\Wldp.dll
0x00007ff9bce40000 - 0x00007ff9bcf0d000 	C:\WINDOWS\System32\OLEAUT32.dll
0x00007ff9bb9b0000 - 0x00007ff9bba5d000 	C:\WINDOWS\System32\SHCORE.dll
0x00007ff9bbd60000 - 0x00007ff9bbdbb000 	C:\WINDOWS\System32\shlwapi.dll
0x00007ff9ba510000 - 0x00007ff9ba534000 	C:\WINDOWS\SYSTEM32\profapi.dll
0x00007ff984380000 - 0x00007ff984398000 	c:\Users\tomas\.vscode\extensions\redhat.java-1.54.0-win32-x64\jre\21.0.10-win32-x86_64\bin\zip.dll
0x00007ff9a86c0000 - 0x00007ff9a86d0000 	C:\Users\tomas\.vscode\extensions\redhat.java-1.54.0-win32-x64\jre\21.0.10-win32-x86_64\bin\net.dll
0x00007ff9b64a0000 - 0x00007ff9b65aa000 	C:\WINDOWS\SYSTEM32\WINHTTP.dll
0x00007ff9b9d70000 - 0x00007ff9b9dda000 	C:\WINDOWS\system32\mswsock.dll
0x00007ff984120000 - 0x00007ff984136000 	C:\Users\tomas\.vscode\extensions\redhat.java-1.54.0-win32-x64\jre\21.0.10-win32-x86_64\bin\nio.dll
0x00007ff9a8610000 - 0x00007ff9a8620000 	c:\Users\tomas\.vscode\extensions\redhat.java-1.54.0-win32-x64\jre\21.0.10-win32-x86_64\bin\verify.dll
0x00007ff9a5af0000 - 0x00007ff9a5b35000 	C:\Users\tomas\AppData\Roaming\Code\User\globalStorage\redhat.java\1.54.0\config_win\org.eclipse.equinox.launcher\org.eclipse.equinox.launcher.win32.win32.x86_64_1.3.0.v20260203-2149\eclipse_11919.dll
0x00007ff9bba60000 - 0x00007ff9bbb8b000 	C:\WINDOWS\System32\ole32.dll
0x00007ff9b4ae0000 - 0x00007ff9b4aea000 	C:\Users\tomas\.vscode\extensions\redhat.java-1.54.0-win32-x64\jre\21.0.10-win32-x86_64\bin\management.dll
0x00007ff9b4af0000 - 0x00007ff9b4afc000 	C:\Users\tomas\.vscode\extensions\redhat.java-1.54.0-win32-x64\jre\21.0.10-win32-x86_64\bin\management_ext.dll
0x00007ff9bc130000 - 0x00007ff9bc138000 	C:\WINDOWS\System32\PSAPI.DLL
0x00007ff9b9f60000 - 0x00007ff9b9f78000 	C:\WINDOWS\SYSTEM32\CRYPTSP.dll
0x00007ff9b9620000 - 0x00007ff9b9658000 	C:\WINDOWS\system32\rsaenh.dll
0x00007ff9ba4d0000 - 0x00007ff9ba4fe000 	C:\WINDOWS\SYSTEM32\USERENV.dll
0x00007ff9b9f80000 - 0x00007ff9b9f8c000 	C:\WINDOWS\SYSTEM32\CRYPTBASE.dll
0x00007ff9b9a00000 - 0x00007ff9b9a3b000 	C:\WINDOWS\SYSTEM32\IPHLPAPI.DLL
0x00007ff9bc1b0000 - 0x00007ff9bc1b8000 	C:\WINDOWS\System32\NSI.dll
0x00007ff9a2280000 - 0x00007ff9a22c9000 	C:\Users\tomas\AppData\Local\Temp\jna-110543108\jna15394370863014344095.dll
0x00007ff9b5220000 - 0x00007ff9b5237000 	C:\WINDOWS\SYSTEM32\dhcpcsvc6.DLL
0x00007ff9b51c0000 - 0x00007ff9b51dd000 	C:\WINDOWS\SYSTEM32\dhcpcsvc.DLL
0x00007ff9b4b10000 - 0x00007ff9b4b1e000 	C:\Users\tomas\.vscode\extensions\redhat.java-1.54.0-win32-x64\jre\21.0.10-win32-x86_64\bin\sunmscapi.dll
0x00007ff9bae10000 - 0x00007ff9baf6d000 	C:\WINDOWS\System32\CRYPT32.dll
0x00007ff9ba080000 - 0x00007ff9ba0a7000 	C:\WINDOWS\SYSTEM32\ncrypt.dll
0x00007ff9ba040000 - 0x00007ff9ba07b000 	C:\WINDOWS\SYSTEM32\NTASN1.dll
0x00007ff9b9a50000 - 0x00007ff9b9b1a000 	C:\WINDOWS\SYSTEM32\DNSAPI.dll
0x00007ff9b51b0000 - 0x00007ff9b51ba000 	C:\Windows\System32\rasadhlp.dll
0x00007ff9b4c30000 - 0x00007ff9b4cb0000 	C:\WINDOWS\System32\fwpuclnt.dll
0x00007ff9b4b00000 - 0x00007ff9b4b09000 	C:\Users\tomas\.vscode\extensions\redhat.java-1.54.0-win32-x64\jre\21.0.10-win32-x86_64\bin\extnet.dll

JVMTI agents:
c:\Users\tomas\.vscode\extensions\redhat.java-1.54.0-win32-x64\lombok\lombok-1.18.39-4050.jar path:c:\Users\tomas\.vscode\extensions\redhat.java-1.54.0-win32-x64\jre\21.0.10-win32-x86_64\bin\instrument.dll, loaded, initialized, instrumentlib options:none

dbghelp: loaded successfully - version: 4.0.5 - missing functions: none
symbol engine: initialized successfully - sym options: 0x614 - pdb path: .;c:\Users\tomas\.vscode\extensions\redhat.java-1.54.0-win32-x64\jre\21.0.10-win32-x86_64\bin;C:\WINDOWS\SYSTEM32;C:\WINDOWS\WinSxS\amd64_microsoft.windows.common-controls_6595b64144ccf1df_6.0.19041.6456_none_60b8a6cb71f64256;c:\Users\tomas\.vscode\extensions\redhat.java-1.54.0-win32-x64\jre\21.0.10-win32-x86_64\bin\server;C:\Users\tomas\AppData\Roaming\Code\User\globalStorage\redhat.java\1.54.0\config_win\org.eclipse.equinox.launcher\org.eclipse.equinox.launcher.win32.win32.x86_64_1.3.0.v20260203-2149;C:\Users\tomas\AppData\Local\Temp\jna-110543108

VM Arguments:
jvm_args: --add-modules=ALL-SYSTEM --add-opens=java.base/java.util=ALL-UNNAMED --add-opens=java.base/java.lang=ALL-UNNAMED --add-opens=java.base/sun.nio.fs=ALL-UNNAMED -Declipse.application=org.eclipse.jdt.ls.core.id1 -Dosgi.bundles.defaultStartLevel=4 -Declipse.product=org.eclipse.jdt.ls.core.product -Djava.import.generatesMetadataFilesAtProjectRoot=false -DDetectVMInstallationsJob.disabled=true -Dfile.encoding=utf8 -XX:+UseParallelGC -XX:GCTimeRatio=4 -XX:AdaptiveSizePolicyWeight=90 -Dsun.zip.disableMemoryMapping=true -Xmx2G -Xms100m -Xlog:disable -javaagent:c:\Users\tomas\.vscode\extensions\redhat.java-1.54.0-win32-x64\lombok\lombok-1.18.39-4050.jar -XX:+HeapDumpOnOutOfMemoryError -XX:HeapDumpPath=c:\Users\tomas\AppData\Roaming\Code\User\workspaceStorage\15492ee77e0786917e735d9f279b33ac\redhat.java -Daether.dependencyCollector.impl=bf 
java_command: c:\Users\tomas\.vscode\extensions\redhat.java-1.54.0-win32-x64\server\plugins\org.eclipse.equinox.launcher_1.7.100.v20251111-0406.jar -configuration c:\Users\tomas\AppData\Roaming\Code\User\globalStorage\redhat.java\1.54.0\config_win -data c:\Users\tomas\AppData\Roaming\Code\User\workspaceStorage\15492ee77e0786917e735d9f279b33ac\redhat.java\jdt_ws --pipe=\\.\pipe\lsp-84d0133c406f5fe4e67682a7bd640e9d-sock
java_class_path (initial): c:\Users\tomas\.vscode\extensions\redhat.java-1.54.0-win32-x64\server\plugins\org.eclipse.equinox.launcher_1.7.100.v20251111-0406.jar
Launcher Type: SUN_STANDARD

[Global flags]
    uintx AdaptiveSizePolicyWeight                 = 90                                        {product} {command line}
     intx CICompilerCount                          = 12                                        {product} {ergonomic}
    uintx GCTimeRatio                              = 4                                         {product} {command line}
     bool HeapDumpOnOutOfMemoryError               = true                                   {manageable} {command line}
    ccstr HeapDumpPath                             = c:\Users\tomas\AppData\Roaming\Code\User\workspaceStorage\15492ee77e0786917e735d9f279b33ac\redhat.java         {manageable} {command line}
   size_t InitialHeapSize                          = 104857600                                 {product} {command line}
   size_t MaxHeapSize                              = 2147483648                                {product} {command line}
   size_t MaxNewSize                               = 715653120                                 {product} {ergonomic}
   size_t MinHeapDeltaBytes                        = 524288                                    {product} {ergonomic}
   size_t MinHeapSize                              = 104857600                                 {product} {command line}
   size_t NewSize                                  = 34603008                                  {product} {ergonomic}
    uintx NonNMethodCodeHeapSize                   = 7602480                                {pd product} {ergonomic}
    uintx NonProfiledCodeHeapSize                  = 122027880                              {pd product} {ergonomic}
   size_t OldSize                                  = 70254592                                  {product} {ergonomic}
    uintx ProfiledCodeHeapSize                     = 122027880                              {pd product} {ergonomic}
    uintx ReservedCodeCacheSize                    = 251658240                              {pd product} {ergonomic}
     bool SegmentedCodeCache                       = true                                      {product} {ergonomic}
   size_t SoftMaxHeapSize                          = 2147483648                             {manageable} {ergonomic}
     bool UseCompressedOops                        = true                           {product lp64_product} {ergonomic}
     bool UseLargePagesIndividualAllocation        = false                                  {pd product} {ergonomic}
     bool UseParallelGC                            = true                                      {product} {command line}

Logging:
Log output configuration:
 #0: stdout all=off uptime,level,tags foldmultilines=false
 #1: stderr all=off uptime,level,tags foldmultilines=false

Release file:
JAVA_VERSION="21.0.10" 
MODULES="java.base java.compiler java.datatransfer java.xml java.prefs java.desktop java.instrument java.logging java.management java.security.sasl java.naming java.rmi java.management.rmi java.net.http java.scripting java.security.jgss java.transaction.xa java.sql java.sql.rowset java.xml.crypto java.se java.smartcardio jdk.accessibility jdk.internal.jvmstat jdk.attach jdk.charsets jdk.internal.opt jdk.zipfs jdk.compiler jdk.crypto.ec jdk.crypto.cryptoki jdk.crypto.mscapi jdk.dynalink jdk.internal.ed jdk.editpad jdk.hotspot.agent jdk.httpserver jdk.internal.le jdk.internal.vm.ci jdk.internal.vm.compiler jdk.internal.vm.compiler.management jdk.jartool jdk.javadoc jdk.jcmd jdk.management jdk.management.agent jdk.jconsole jdk.jdeps jdk.jdwp.agent jdk.jdi jdk.jfr jdk.jshell jdk.jsobject jdk.jstatd jdk.localedata jdk.management.jfr jdk.naming.dns jdk.naming.rmi jdk.net jdk.nio.mapmode jdk.random jdk.sctp jdk.security.auth jdk.security.jgss jdk.unsupported jdk.unsupported.desktop jdk.xml.dom" 

Environment Variables:
PATH=C:\Users\tomas\AppData\Local\Programs\Microsoft VS Code;C:\app\tomas\product\21c\dbhomeXE\bin;C:\Program Files\Common Files\Oracle\Java\javapath;C:\Program Files (x86)\Common Files\Oracle\Java\java8path;C:\Program Files (x86)\Common Files\Oracle\Java\javapath;C:\Windows\system32;C:\Windows;C:\Windows\System32\Wbem;C:\Windows\System32\WindowsPowerShell\v1.0\;C:\Windows\System32\OpenSSH\;C:\Program Files (x86)\NVIDIA Corporation\PhysX\Common;C:\Program Files\NVIDIA Corporation\NVIDIA NvDLISR;C:\WINDOWS\system32;C:\WINDOWS;C:\WINDOWS\System32\Wbem;C:\WINDOWS\System32\WindowsPowerShell\v1.0\;C:\WINDOWS\System32\OpenSSH\;C:\Program Files\dotnet\;C:\Program Files\Java\jdk-21.0.11\bin;C:\Users\tomas\AppData\Local\Programs\Eclipse Adoptium\jdk-21.0.11.10-hotspot\bin;C:\Program Files\MySQL\MySQL Shell 8.0\bin\;C:\Users\tomas\AppData\Local\Microsoft\WindowsApps;C:\Users\tomas\AppData\Local\Programs\Microsoft VS Code\bin
USERNAME=tomas
OS=Windows_NT
PROCESSOR_IDENTIFIER=AMD64 Family 25 Model 80 Stepping 0, AuthenticAMD
TMP=C:\Users\tomas\AppData\Local\Temp
TEMP=C:\Users\tomas\AppData\Local\Temp




Periodic native trim disabled

---------------  S Y S T E M  ---------------

OS:
 Windows 10 , 64 bit Build 19041 (10.0.19041.5915)
OS uptime: 0 days 2:16 hours

CPU: total 16 (initial active 16) (16 cores per cpu, 2 threads per core) family 25 model 80 stepping 0 microcode 0x0, cx8, cmov, fxsr, ht, mmx, 3dnowpref, sse, sse2, sse3, ssse3, sse4a, sse4.1, sse4.2, popcnt, lzcnt, tsc, tscinvbit, avx, avx2, aes, erms, clmul, bmi1, bmi2, adx, sha, fma, vzeroupper, clflush, clflushopt, rdtscp, rdpid, fsrm, f16c, pku, cet_ss
Processor Information for the first 16 processors :
  Max Mhz: 3201, Current Mhz: 3201, Mhz Limit: 3201

Memory: 4k page, system-wide physical 7583M (150M free)
TotalPageFile size 31135M (AvailPageFile size 77M)
current process WorkingSet (physical memory assigned to process): 376M, peak: 452M
current process commit charge ("private bytes"): 691M, peak: 1679M

vm_info: OpenJDK 64-Bit Server VM (21.0.10+7-LTS) for windows-amd64 JRE (21.0.10+7-LTS), built on 2026-01-20T00:00:00Z by "admin" with MS VC++ 17.12 (VS2022)

END.
